#
# There is insufficient memory for the Java Runtime Environment to continue.
# Native memory allocation (mmap) failed to map 132120576 bytes. Error detail: G1 virtual space
# Possible reasons:
#   The system is out of physical RAM or swap space
#   This process is running with CompressedOops enabled, and the Java Heap may be blocking the growth of the native heap
# Possible solutions:
#   Reduce memory load on the system
#   Increase physical memory or swap space
#   Check if swap backing store is full
#   Decrease Java heap size (-Xmx/-Xms)
#   Decrease number of Java threads
#   Decrease Java thread stack sizes (-Xss)
#   Set larger code cache with -XX:ReservedCodeCacheSize=
#   JVM is running with Unscaled Compressed Oops mode in which the Java heap is
#     placed in the first 4GB address space. The Java Heap base address is the
#     maximum limit for the native heap growth. Please use -XX:HeapBaseMinAddress
#     to set the Java Heap base and to place the Java Heap above 4GB virtual address.
# This output file may be truncated or incomplete.
#
#  Out of Memory Error (os_windows.cpp:3703), pid=17856, tid=25484
#
# JRE version:  (23.0+37) (build )
# Java VM: Java HotSpot(TM) 64-Bit Server VM (23+37-2369, mixed mode, sharing, tiered, compressed oops, compressed class ptrs, g1 gc, windows-amd64)
# No core dump will be written. Minidumps are not enabled by default on client versions of Windows
#

---------------  S U M M A R Y ------------

Command Line: -Dclassworlds.conf=C:\Program Files\NetBeans-23\netbeans\java\maven\bin\m2.conf -Dmaven.home=C:\Program Files\NetBeans-23\netbeans\java\maven -Dlibrary.jansi.path=C:\Program Files\NetBeans-23\netbeans\java\maven\lib\jansi-native -Dmaven.multiModuleProjectDirectory=C:\Users\jenina\OneDrive\Documents\NetBeansProjects\VrSystem org.codehaus.plexus.classworlds.launcher.Launcher -Dexec.vmArgs= -Dexec.args=${exec.vmArgs} -classpath %classpath ${exec.mainClass} ${exec.appArgs} -Dexec.appArgs= -Dexec.mainClass=com.mycompany.vrsystem.VrSystem -Dexec.executable=C:\Program Files\Java\jdk-23\bin\java.exe -Dmaven.ext.class.path=C:\Program Files\NetBeans-23\netbeans\java\maven-nblib\netbeans-eventspy.jar --no-transfer-progress process-classes org.codehaus.mojo:exec-maven-plugin:3.1.0:exec

Host: 11th Gen Intel(R) Core(TM) i5-1135G7 @ 2.40GHz, 8 cores, 7G,  Windows 11 , 64 bit Build 22621 (10.0.22621.3958)
Time: Mon Nov 18 23:37:37 2024 Malay Peninsula Standard Time elapsed time: 0.009562 seconds (0d 0h 0m 0s)

---------------  T H R E A D  ---------------

Current thread (0x0000021e8137fd00):  JavaThread "Unknown thread" [_thread_in_vm, id=25484, stack(0x00000034d5300000,0x00000034d5400000) (1024K)]

Stack: [0x00000034d5300000,0x00000034d5400000]
Native frames: (J=compiled Java code, j=interpreted, Vv=VM code, C=native code)
V  [jvm.dll+0x6e08a9]  (no source info available)
V  [jvm.dll+0x87da63]  (no source info available)
V  [jvm.dll+0x87feee]  (no source info available)
V  [jvm.dll+0x8805c3]  (no source info available)
V  [jvm.dll+0x27aee6]  (no source info available)
V  [jvm.dll+0x6dd1b5]  (no source info available)
V  [jvm.dll+0x6d103a]  (no source info available)
V  [jvm.dll+0x35b3ea]  (no source info available)
V  [jvm.dll+0x3637f6]  (no source info available)
V  [jvm.dll+0x34fd5e]  (no source info available)
V  [jvm.dll+0x34fff8]  (no source info available)
V  [jvm.dll+0x3289cc]  (no source info available)
V  [jvm.dll+0x32966e]  (no source info available)
V  [jvm.dll+0x8442e5]  (no source info available)
V  [jvm.dll+0x3b9848]  (no source info available)
V  [jvm.dll+0x82d0dc]  (no source info available)
V  [jvm.dll+0x454d4e]  (no source info available)
V  [jvm.dll+0x456bd1]  (no source info available)
C  [jli.dll+0x52a3]  (no source info available)
C  [ucrtbase.dll+0x29333]  (no source info available)
C  [KERNEL32.DLL+0x1257d]  (no source info available)
C  [ntdll.dll+0x5af08]  (no source info available)

Lock stack of current Java thread (top to bottom):


---------------  P R O C E S S  ---------------

Threads class SMR info:
_java_thread_list=0x00007ff941af3618, length=0, elements={
}

Java Threads: ( => current thread )
Total: 0

Other Threads:
  0x0000021e83652720 WorkerThread "GC Thread#0"                     [id=21608, stack(0x00000034d5400000,0x00000034d5500000) (1024K)]
  0x0000021e83667fb0 ConcurrentGCThread "G1 Main Marker"            [id=14492, stack(0x00000034d5500000,0x00000034d5600000) (1024K)]
  0x0000021e83668ac0 WorkerThread "G1 Conc#0"                       [id=11764, stack(0x00000034d5600000,0x00000034d5700000) (1024K)]

[error occurred during error reporting (printing all threads), id 0xc0000005, EXCEPTION_ACCESS_VIOLATION (0xc0000005) at pc=0x00007ff94123bfba]
VM state: not at safepoint (not fully initialized)

VM Mutex/Monitor currently owned by a thread:  ([mutex/lock_event])
[0x00007ff941b73a10] Heap_lock - owner thread: 0x0000021e8137fd00

Heap address: 0x0000000083200000, size: 1998 MB, Compressed Oops mode: 32-bit

CDS archive(s) mapped at: [0x0000000000000000-0x0000000000000000-0x0000000000000000), size 0, SharedBaseAddress: 0x0000000800000000, ArchiveRelocationMode: 1.
Narrow klass base: 0x0000000000000000, Narrow klass shift: 0, Narrow klass range: 0x0

GC Precious Log:
 CardTable entry size: 512
 Card Set container configuration: InlinePtr #cards 5 size 8 Array Of Cards #cards 10 size 36 Howl #buckets 4 coarsen threshold 1843 Howl Bitmap #cards 512 size 80 coarsen threshold 460 Card regions per heap region 1 cards per card region 2048

Heap:
 garbage-first heap   total reserved 2045952K, committed 0K, used 0K [0x0000000083200000, 0x0000000100000000)
  region size 1024K, 0 young (0K), 0 survivors (0K)

[error occurred during error reporting (printing heap information), id 0xc0000005, EXCEPTION_ACCESS_VIOLATION (0xc0000005) at pc=0x00007ff94163c3b9]
GC Heap History (0 events):
No events

Dll operation events (1 events):
Event: 0.006 Loaded shared library C:\Program Files\Java\jdk-23\bin\java.dll

Deoptimization events (0 events):
No events

Classes loaded (0 events):
No events

Classes unloaded (0 events):
No events

Classes redefined (0 events):
No events

Internal exceptions (0 events):
No events

VM Operations (0 events):
No events

Memory protections (0 events):
No events

Nmethod flushes (0 events):
No events

Events (0 events):
No events


Dynamic libraries:
0x00007ff7ed450000 - 0x00007ff7ed460000 	C:\Program Files\Java\jdk-23\bin\java.exe
0x00007ff99b8f0000 - 0x00007ff99bb07000 	C:\WINDOWS\SYSTEM32\ntdll.dll
0x00007ff99ac40000 - 0x00007ff99ad04000 	C:\WINDOWS\System32\KERNEL32.DLL
0x00007ff998e10000 - 0x00007ff9991c7000 	C:\WINDOWS\System32\KERNELBASE.dll
0x00007ff9993b0000 - 0x00007ff9994c1000 	C:\WINDOWS\System32\ucrtbase.dll
0x00007ff9941c0000 - 0x00007ff9941db000 	C:\Program Files\Java\jdk-23\bin\VCRUNTIME140.dll
0x00007ff9949d0000 - 0x00007ff9949e7000 	C:\Program Files\Java\jdk-23\bin\jli.dll
0x00007ff99ad10000 - 0x00007ff99aebf000 	C:\WINDOWS\System32\USER32.dll
0x00007ff998d70000 - 0x00007ff998d96000 	C:\WINDOWS\System32\win32u.dll
0x00007ff9827a0000 - 0x00007ff982a33000 	C:\WINDOWS\WinSxS\amd64_microsoft.windows.common-controls_6595b64144ccf1df_6.0.22621.3672_none_2713b9d173822955\COMCTL32.dll
0x00007ff999dc0000 - 0x00007ff999de9000 	C:\WINDOWS\System32\GDI32.dll
0x00007ff999df0000 - 0x00007ff999e97000 	C:\WINDOWS\System32\msvcrt.dll
0x00007ff999290000 - 0x00007ff9993a8000 	C:\WINDOWS\System32\gdi32full.dll
0x00007ff9994d0000 - 0x00007ff99956a000 	C:\WINDOWS\System32\msvcp_win.dll
0x00007ff99b3f0000 - 0x00007ff99b421000 	C:\WINDOWS\System32\IMM32.DLL
0x00007ff994cb0000 - 0x00007ff994cbc000 	C:\Program Files\Java\jdk-23\bin\vcruntime140_1.dll
0x00007ff984c50000 - 0x00007ff984cde000 	C:\Program Files\Java\jdk-23\bin\msvcp140.dll
0x00007ff940f00000 - 0x00007ff941c4f000 	C:\Program Files\Java\jdk-23\bin\server\jvm.dll
0x00007ff99a0d0000 - 0x00007ff99a182000 	C:\WINDOWS\System32\ADVAPI32.dll
0x00007ff999850000 - 0x00007ff9998f8000 	C:\WINDOWS\System32\sechost.dll
0x00007ff9995f0000 - 0x00007ff999618000 	C:\WINDOWS\System32\bcrypt.dll
0x00007ff9999e0000 - 0x00007ff999af4000 	C:\WINDOWS\System32\RPCRT4.dll
0x00007ff999900000 - 0x00007ff999971000 	C:\WINDOWS\System32\WS2_32.dll
0x00007ff9984b0000 - 0x00007ff9984fd000 	C:\WINDOWS\SYSTEM32\POWRPROF.dll
0x00007ff9964c0000 - 0x00007ff9964f4000 	C:\WINDOWS\SYSTEM32\WINMM.dll
0x00007ff9929c0000 - 0x00007ff9929ca000 	C:\WINDOWS\SYSTEM32\VERSION.dll
0x00007ff998490000 - 0x00007ff9984a3000 	C:\WINDOWS\SYSTEM32\UMPDC.dll
0x00007ff997c10000 - 0x00007ff997c28000 	C:\WINDOWS\SYSTEM32\kernel.appcore.dll
0x00007ff9941b0000 - 0x00007ff9941ba000 	C:\Program Files\Java\jdk-23\bin\jimage.dll
0x00007ff996240000 - 0x00007ff996472000 	C:\WINDOWS\SYSTEM32\DBGHELP.DLL
0x00007ff99b060000 - 0x00007ff99b3ee000 	C:\WINDOWS\System32\combase.dll
0x00007ff999ce0000 - 0x00007ff999db7000 	C:\WINDOWS\System32\OLEAUT32.dll
0x00007ff996480000 - 0x00007ff9964b2000 	C:\WINDOWS\SYSTEM32\dbgcore.DLL
0x00007ff999570000 - 0x00007ff9995eb000 	C:\WINDOWS\System32\bcryptPrimitives.dll
0x00007ff993a00000 - 0x00007ff993a1e000 	C:\Program Files\Java\jdk-23\bin\java.dll
0x00007ff999f20000 - 0x00007ff99a0c5000 	C:\WINDOWS\System32\ole32.dll
0x00007ff99a310000 - 0x00007ff99ab79000 	C:\WINDOWS\System32\SHELL32.dll

dbghelp: loaded successfully - version: 4.0.5 - missing functions: none
symbol engine: initialized successfully - sym options: 0x614 - pdb path: .;C:\Program Files\Java\jdk-23\bin;C:\WINDOWS\SYSTEM32;C:\WINDOWS\WinSxS\amd64_microsoft.windows.common-controls_6595b64144ccf1df_6.0.22621.3672_none_2713b9d173822955;C:\Program Files\Java\jdk-23\bin\server

VM Arguments:
jvm_args: -Dclassworlds.conf=C:\Program Files\NetBeans-23\netbeans\java\maven\bin\m2.conf -Dmaven.home=C:\Program Files\NetBeans-23\netbeans\java\maven -Dlibrary.jansi.path=C:\Program Files\NetBeans-23\netbeans\java\maven\lib\jansi-native -Dmaven.multiModuleProjectDirectory=C:\Users\jenina\OneDrive\Documents\NetBeansProjects\VrSystem 
java_command: org.codehaus.plexus.classworlds.launcher.Launcher -Dexec.vmArgs= -Dexec.args=${exec.vmArgs} -classpath %classpath ${exec.mainClass} ${exec.appArgs} -Dexec.appArgs= -Dexec.mainClass=com.mycompany.vrsystem.VrSystem -Dexec.executable=C:\Program Files\Java\jdk-23\bin\java.exe -Dmaven.ext.class.path=C:\Program Files\NetBeans-23\netbeans\java\maven-nblib\netbeans-eventspy.jar --no-transfer-progress process-classes org.codehaus.mojo:exec-maven-plugin:3.1.0:exec
java_class_path (initial): C:\Program Files\NetBeans-23\netbeans\java\maven\boot\plexus-classworlds-2.8.0.jar
Launcher Type: SUN_STANDARD

[Global flags]
     intx CICompilerCount                          = 4                                         {product} {ergonomic}
     uint ConcGCThreads                            = 2                                         {product} {ergonomic}
     uint G1ConcRefinementThreads                  = 8                                         {product} {ergonomic}
   size_t G1HeapRegionSize                         = 1048576                                   {product} {ergonomic}
   size_t InitialHeapSize                          = 132120576                                 {product} {ergonomic}
   size_t MarkStackSize                            = 4194304                                   {product} {ergonomic}
   size_t MarkStackSizeMax                         = 536870912                                 {product} {ergonomic}
   size_t MaxHeapSize                              = 2095054848                                {product} {ergonomic}
   size_t MinHeapDeltaBytes                        = 1048576                                   {product} {ergonomic}
   size_t MinHeapSize                              = 8388608                                   {product} {ergonomic}
    uintx NonNMethodCodeHeapSize                   = 5832704                                {pd product} {ergonomic}
    uintx NonProfiledCodeHeapSize                  = 122945536                              {pd product} {ergonomic}
    uintx ProfiledCodeHeapSize                     = 122880000                              {pd product} {ergonomic}
    uintx ReservedCodeCacheSize                    = 251658240                              {pd product} {ergonomic}
     bool SegmentedCodeCache                       = true                                      {product} {ergonomic}
   size_t SoftMaxHeapSize                          = 2095054848                             {manageable} {ergonomic}
     bool UseCompressedOops                        = true                           {product lp64_product} {ergonomic}
     bool UseG1GC                                  = true                                      {product} {ergonomic}
     bool UseLargePagesIndividualAllocation        = false                                  {pd product} {ergonomic}

Logging:
Log output configuration:
 #0: stdout all=warning uptime,level,tags foldmultilines=false
 #1: stderr all=off uptime,level,tags foldmultilines=false

Environment Variables:
JAVA_HOME=C:\Program Files\Java\jdk-23
PATH=C:\Program Files\Common Files\Oracle\Java\javapath;C:\Program Files (x86)\Common Files\Oracle\Java\javapath;C:\Program Files (x86)\NVIDIA Corporation\PhysX\Common;C:\WINDOWS\system32;C:\WINDOWS;C:\WINDOWS\System32\Wbem;C:\WINDOWS\System32\WindowsPowerShell\v1.0\;C:\WINDOWS\System32\OpenSSH\;C:\Program Files\Git\cmd;C:\Users\jenina\AppData\Local\Programs\Python\Launcher\;C:\Users\jenina\AppData\Local\Microsoft\WindowsApps;
USERNAME=jenina
OS=Windows_NT
PROCESSOR_IDENTIFIER=Intel64 Family 6 Model 140 Stepping 1, GenuineIntel
TMP=C:\Users\jenina\AppData\Local\Temp
TEMP=C:\Users\jenina\AppData\Local\Temp




Periodic native trim disabled

---------------  S Y S T E M  ---------------

OS:
 Windows 11 , 64 bit Build 22621 (10.0.22621.3958)
OS uptime: 3 days 11:09 hours
Hyper-V role detected

CPU: total 8 (initial active 8) (4 cores per cpu, 2 threads per core) family 6 model 140 stepping 1 microcode 0x8a, cx8, cmov, fxsr, ht, mmx, 3dnowpref, sse, sse2, sse3, ssse3, sse4.1, sse4.2, popcnt, lzcnt, tsc, tscinvbit, avx, avx2, aes, erms, clmul, bmi1, bmi2, adx, avx512f, avx512dq, avx512cd, avx512bw, avx512vl, sha, fma, vzeroupper, avx512_vpopcntdq, avx512_vpclmulqdq, avx512_vaes, avx512_vnni, clflush, clflushopt, clwb, avx512_vbmi2, avx512_vbmi, hv, rdtscp, rdpid, fsrm, gfni, avx512_bitalg, f16c, cet_ibt, cet_ss, avx512_ifma
Processor Information for the first 8 processors :
  Max Mhz: 2419, Current Mhz: 2419, Mhz Limit: 2419

Memory: 4k page, system-wide physical 7991M (574M free)
TotalPageFile size 12991M (AvailPageFile size 91M)
current process WorkingSet (physical memory assigned to process): 12M, peak: 12M
current process commit charge ("private bytes"): 61M, peak: 186M

vm_info: Java HotSpot(TM) 64-Bit Server VM (23+37-2369) for windows-amd64 JRE (23+37-2369), built on 2024-08-20T16:01:23Z with MS VC++ 17.6 (VS2022)

END.
