#
# There is insufficient memory for the Java Runtime Environment to continue.
# Native memory allocation (malloc) failed to allocate 1050256 bytes. Error detail: Chunk::new
# Possible reasons:
#   The system is out of physical RAM or swap space
#   This process is running with CompressedOops enabled, and the Java Heap may be blocking the growth of the native heap
# Possible solutions:
#   Reduce memory load on the system
#   Increase physical memory or swap space
#   Check if swap backing store is full
#   Decrease Java heap size (-Xmx/-Xms)
#   Decrease number of Java threads
#   Decrease Java thread stack sizes (-Xss)
#   Set larger code cache with -XX:ReservedCodeCacheSize=
#   JVM is running with Unscaled Compressed Oops mode in which the Java heap is
#     placed in the first 4GB address space. The Java Heap base address is the
#     maximum limit for the native heap growth. Please use -XX:HeapBaseMinAddress
#     to set the Java Heap base and to place the Java Heap above 4GB virtual address.
# This output file may be truncated or incomplete.
#
#  Out of Memory Error (arena.cpp:149), pid=19076, tid=756
#
# JRE version: Java(TM) SE Runtime Environment (23.0+37) (build 23+37-2369)
# Java VM: Java HotSpot(TM) 64-Bit Server VM (23+37-2369, mixed mode, sharing, tiered, compressed oops, compressed class ptrs, g1 gc, windows-amd64)
# No core dump will be written. Minidumps are not enabled by default on client versions of Windows
#

---------------  S U M M A R Y ------------

Command Line: -Dclassworlds.conf=C:\Program Files\NetBeans-23\netbeans\java\maven\bin\m2.conf -Dmaven.home=C:\Program Files\NetBeans-23\netbeans\java\maven -Dlibrary.jansi.path=C:\Program Files\NetBeans-23\netbeans\java\maven\lib\jansi-native -Dmaven.multiModuleProjectDirectory=C:\Users\jenina\OneDrive\Documents\NetBeansProjects\VrSystem org.codehaus.plexus.classworlds.launcher.Launcher -Dexec.vmArgs= -Dexec.args=${exec.vmArgs} -classpath %classpath ${exec.mainClass} ${exec.appArgs} -Dexec.appArgs= -Dexec.mainClass=com.mycompany.vrsystem.VrSystem -Dexec.executable=C:\Program Files\Java\jdk-23\bin\java.exe -Dmaven.ext.class.path=C:\Program Files\NetBeans-23\netbeans\java\maven-nblib\netbeans-eventspy.jar --no-transfer-progress process-classes org.codehaus.mojo:exec-maven-plugin:3.1.0:exec

Host: 11th Gen Intel(R) Core(TM) i5-1135G7 @ 2.40GHz, 8 cores, 7G,  Windows 11 , 64 bit Build 22621 (10.0.22621.3958)
Time: Mon Nov 18 23:39:35 2024 Malay Peninsula Standard Time elapsed time: 1.395118 seconds (0d 0h 0m 1s)

---------------  T H R E A D  ---------------

Current thread (0x000002052127acc0):  JavaThread "C2 CompilerThread1" daemon [_thread_in_native, id=756, stack(0x000000516ae00000,0x000000516af00000) (1024K)]


Current CompileTask:
C2:1395 2913   !   4       java.net.URL::<init> (543 bytes)

Stack: [0x000000516ae00000,0x000000516af00000]
Native frames: (J=compiled Java code, j=interpreted, Vv=VM code, C=native code)
V  [jvm.dll+0x6e08a9]  (no source info available)
V  [jvm.dll+0x87da63]  (no source info available)
V  [jvm.dll+0x87feee]  (no source info available)
V  [jvm.dll+0x8805c3]  (no source info available)
V  [jvm.dll+0x27aee6]  (no source info available)
V  [jvm.dll+0xbc06f]  (no source info available)
V  [jvm.dll+0xbc2cb]  (no source info available)
V  [jvm.dll+0x3b3a62]  (no source info available)
V  [jvm.dll+0x38a42b]  (no source info available)
V  [jvm.dll+0x38989a]  (no source info available)
V  [jvm.dll+0x244aa1]  (no source info available)
V  [jvm.dll+0x243dff]  (no source info available)
V  [jvm.dll+0x1c33a0]  (no source info available)
V  [jvm.dll+0x253cf1]  (no source info available)
V  [jvm.dll+0x251faa]  (no source info available)
V  [jvm.dll+0x3ee036]  (no source info available)
V  [jvm.dll+0x824f1b]  (no source info available)
V  [jvm.dll+0x6df055]  (no source info available)
C  [ucrtbase.dll+0x29333]  (no source info available)
C  [KERNEL32.DLL+0x1257d]  (no source info available)
C  [ntdll.dll+0x5af08]  (no source info available)

Lock stack of current Java thread (top to bottom):


---------------  P R O C E S S  ---------------

Threads class SMR info:
_java_thread_list=0x0000020521732b80, length=13, elements={
0x00000204bc8f3680, 0x00000204db82b7f0, 0x00000204db82d810, 0x00000204db82f6d0,
0x00000204db832360, 0x00000204db83b120, 0x00000204db83dda0, 0x00000204db844270,
0x00000204db844e10, 0x00000204db83d710, 0x00000204db83eac0, 0x000002052127acc0,
0x0000020521a07bb0
}

Java Threads: ( => current thread )
  0x00000204bc8f3680 JavaThread "main"                              [_thread_in_vm, id=19860, stack(0x0000005169c00000,0x0000005169d00000) (1024K)]
  0x00000204db82b7f0 JavaThread "Reference Handler"          daemon [_thread_blocked, id=13476, stack(0x000000516a400000,0x000000516a500000) (1024K)]
  0x00000204db82d810 JavaThread "Finalizer"                  daemon [_thread_blocked, id=12916, stack(0x000000516a500000,0x000000516a600000) (1024K)]
  0x00000204db82f6d0 JavaThread "Signal Dispatcher"          daemon [_thread_blocked, id=25488, stack(0x000000516a600000,0x000000516a700000) (1024K)]
  0x00000204db832360 JavaThread "Attach Listener"            daemon [_thread_blocked, id=2588, stack(0x000000516a700000,0x000000516a800000) (1024K)]
  0x00000204db83b120 JavaThread "Service Thread"             daemon [_thread_blocked, id=14128, stack(0x000000516a800000,0x000000516a900000) (1024K)]
  0x00000204db83dda0 JavaThread "Monitor Deflation Thread"   daemon [_thread_blocked, id=18952, stack(0x000000516a900000,0x000000516aa00000) (1024K)]
  0x00000204db844270 JavaThread "C2 CompilerThread0"         daemon [_thread_blocked, id=5620, stack(0x000000516aa00000,0x000000516ab00000) (1024K)]
  0x00000204db844e10 JavaThread "C1 CompilerThread0"         daemon [_thread_blocked, id=13444, stack(0x000000516ab00000,0x000000516ac00000) (1024K)]
  0x00000204db83d710 JavaThread "Notification Thread"        daemon [_thread_blocked, id=9000, stack(0x000000516ac00000,0x000000516ad00000) (1024K)]
  0x00000204db83eac0 JavaThread "Common-Cleaner"             daemon [_thread_blocked, id=7116, stack(0x000000516ad00000,0x000000516ae00000) (1024K)]
=>0x000002052127acc0 JavaThread "C2 CompilerThread1"         daemon [_thread_in_native, id=756, stack(0x000000516ae00000,0x000000516af00000) (1024K)]
  0x0000020521a07bb0 JavaThread "C2 CompilerThread2"         daemon [_thread_blocked, id=24424, stack(0x000000516af00000,0x000000516b000000) (1024K)]
Total: 13

Other Threads:
  0x00000204db811c50 VMThread "VM Thread"                           [id=23264, stack(0x000000516a300000,0x000000516a400000) (1024K)]
  0x00000204db7fefc0 WatcherThread "VM Periodic Task Thread"        [id=14416, stack(0x000000516a200000,0x000000516a300000) (1024K)]
  0x00000204becb6050 WorkerThread "GC Thread#0"                     [id=4384, stack(0x0000005169d00000,0x0000005169e00000) (1024K)]
  0x00000205217294a0 WorkerThread "GC Thread#1"                     [id=6344, stack(0x000000516b000000,0x000000516b100000) (1024K)]
  0x0000020521729c60 WorkerThread "GC Thread#2"                     [id=9788, stack(0x000000516b100000,0x000000516b200000) (1024K)]
  0x000002052204f280 WorkerThread "GC Thread#3"                     [id=5952, stack(0x000000516b200000,0x000000516b300000) (1024K)]
  0x0000020521b80b40 WorkerThread "GC Thread#4"                     [id=7240, stack(0x000000516b300000,0x000000516b400000) (1024K)]
  0x0000020521b80ef0 WorkerThread "GC Thread#5"                     [id=14736, stack(0x000000516b400000,0x000000516b500000) (1024K)]
  0x00000205222521d0 WorkerThread "GC Thread#6"                     [id=17860, stack(0x000000516b500000,0x000000516b600000) (1024K)]
  0x0000020522252da0 WorkerThread "GC Thread#7"                     [id=8736, stack(0x000000516b600000,0x000000516b700000) (1024K)]
  0x00000204beccb8e0 ConcurrentGCThread "G1 Main Marker"            [id=10824, stack(0x0000005169e00000,0x0000005169f00000) (1024K)]
  0x00000204beccc3f0 WorkerThread "G1 Conc#0"                       [id=1376, stack(0x0000005169f00000,0x000000516a000000) (1024K)]
  0x00000204db6d2a30 ConcurrentGCThread "G1 Refine#0"               [id=17840, stack(0x000000516a000000,0x000000516a100000) (1024K)]
  0x00000204db6d35b0 ConcurrentGCThread "G1 Service"                [id=3128, stack(0x000000516a100000,0x000000516a200000) (1024K)]
Total: 14

Threads with active compile tasks:
C2 CompilerThread1  1424 2913   !   4       java.net.URL::<init> (543 bytes)
Total: 1

VM state: not at safepoint (normal execution)

VM Mutex/Monitor currently owned by a thread: None

Heap address: 0x0000000083200000, size: 1998 MB, Compressed Oops mode: 32-bit

CDS archive(s) mapped at: [0x00000204dc000000-0x00000204dcd70000-0x00000204dcd70000), size 14090240, SharedBaseAddress: 0x00000204dc000000, ArchiveRelocationMode: 1.
Compressed class space mapped at: 0x00000204dd000000-0x000002051d000000, reserved size: 1073741824
Narrow klass base: 0x00000204dc000000, Narrow klass shift: 0, Narrow klass range: 0x41000000

GC Precious Log:
 CardTable entry size: 512
 Card Set container configuration: InlinePtr #cards 5 size 8 Array Of Cards #cards 10 size 36 Howl #buckets 4 coarsen threshold 1843 Howl Bitmap #cards 512 size 80 coarsen threshold 460 Card regions per heap region 1 cards per card region 2048
 CPUs: 8 total, 8 available
 Memory: 7991M
 Large Page Support: Disabled
 NUMA Support: Disabled
 Compressed Oops: Enabled (32-bit)
 Heap Region Size: 1M
 Heap Min Capacity: 8M
 Heap Initial Capacity: 126M
 Heap Max Capacity: 1998M
 Pre-touch: Disabled
 Parallel Workers: 8
 Concurrent Workers: 2
 Concurrent Refinement Workers: 8
 Periodic GC: Disabled

Heap:
 garbage-first heap   total reserved 2045952K, committed 129024K, used 33779K [0x0000000083200000, 0x0000000100000000)
  region size 1024K, 32 young (32768K), 2 survivors (2048K)
 Metaspace       used 14385K, committed 14656K, reserved 1114112K
  class space    used 1799K, committed 1920K, reserved 1048576K

Heap Regions: E=young(eden), S=young(survivor), O=old, HS=humongous(starts), HC=humongous(continues), CS=collection set, F=free, TAMS=top-at-mark-start, PB=parsable bottom
|   0|0x0000000083200000, 0x0000000083300000, 0x0000000083300000|100%| O|  |TAMS 0x0000000083200000| PB 0x0000000083200000| Untracked |  0
|   1|0x0000000083300000, 0x0000000083400000, 0x0000000083400000|100%| O|  |TAMS 0x0000000083300000| PB 0x0000000083300000| Untracked |  0
|   2|0x0000000083400000, 0x0000000083500000, 0x0000000083500000|100%| O|  |TAMS 0x0000000083400000| PB 0x0000000083400000| Untracked |  0
|   3|0x0000000083500000, 0x00000000835cd460, 0x0000000083600000| 80%| O|  |TAMS 0x0000000083500000| PB 0x0000000083500000| Untracked |  0
|   4|0x0000000083600000, 0x0000000083600000, 0x0000000083700000|  0%| F|  |TAMS 0x0000000083600000| PB 0x0000000083600000| Untracked |  0
|   5|0x0000000083700000, 0x0000000083700000, 0x0000000083800000|  0%| F|  |TAMS 0x0000000083700000| PB 0x0000000083700000| Untracked |  0
|   6|0x0000000083800000, 0x0000000083800000, 0x0000000083900000|  0%| F|  |TAMS 0x0000000083800000| PB 0x0000000083800000| Untracked |  0
|   7|0x0000000083900000, 0x0000000083900000, 0x0000000083a00000|  0%| F|  |TAMS 0x0000000083900000| PB 0x0000000083900000| Untracked |  0
|   8|0x0000000083a00000, 0x0000000083a00000, 0x0000000083b00000|  0%| F|  |TAMS 0x0000000083a00000| PB 0x0000000083a00000| Untracked |  0
|   9|0x0000000083b00000, 0x0000000083b00000, 0x0000000083c00000|  0%| F|  |TAMS 0x0000000083b00000| PB 0x0000000083b00000| Untracked |  0
|  10|0x0000000083c00000, 0x0000000083c00000, 0x0000000083d00000|  0%| F|  |TAMS 0x0000000083c00000| PB 0x0000000083c00000| Untracked |  0
|  11|0x0000000083d00000, 0x0000000083d00000, 0x0000000083e00000|  0%| F|  |TAMS 0x0000000083d00000| PB 0x0000000083d00000| Untracked |  0
|  12|0x0000000083e00000, 0x0000000083e00000, 0x0000000083f00000|  0%| F|  |TAMS 0x0000000083e00000| PB 0x0000000083e00000| Untracked |  0
|  13|0x0000000083f00000, 0x0000000083f00000, 0x0000000084000000|  0%| F|  |TAMS 0x0000000083f00000| PB 0x0000000083f00000| Untracked |  0
|  14|0x0000000084000000, 0x0000000084000000, 0x0000000084100000|  0%| F|  |TAMS 0x0000000084000000| PB 0x0000000084000000| Untracked |  0
|  15|0x0000000084100000, 0x0000000084100000, 0x0000000084200000|  0%| F|  |TAMS 0x0000000084100000| PB 0x0000000084100000| Untracked |  0
|  16|0x0000000084200000, 0x0000000084200000, 0x0000000084300000|  0%| F|  |TAMS 0x0000000084200000| PB 0x0000000084200000| Untracked |  0
|  17|0x0000000084300000, 0x0000000084300000, 0x0000000084400000|  0%| F|  |TAMS 0x0000000084300000| PB 0x0000000084300000| Untracked |  0
|  18|0x0000000084400000, 0x0000000084400000, 0x0000000084500000|  0%| F|  |TAMS 0x0000000084400000| PB 0x0000000084400000| Untracked |  0
|  19|0x0000000084500000, 0x0000000084500000, 0x0000000084600000|  0%| F|  |TAMS 0x0000000084500000| PB 0x0000000084500000| Untracked |  0
|  20|0x0000000084600000, 0x0000000084600000, 0x0000000084700000|  0%| F|  |TAMS 0x0000000084600000| PB 0x0000000084600000| Untracked |  0
|  21|0x0000000084700000, 0x0000000084700000, 0x0000000084800000|  0%| F|  |TAMS 0x0000000084700000| PB 0x0000000084700000| Untracked |  0
|  22|0x0000000084800000, 0x0000000084800000, 0x0000000084900000|  0%| F|  |TAMS 0x0000000084800000| PB 0x0000000084800000| Untracked |  0
|  23|0x0000000084900000, 0x0000000084900000, 0x0000000084a00000|  0%| F|  |TAMS 0x0000000084900000| PB 0x0000000084900000| Untracked |  0
|  24|0x0000000084a00000, 0x0000000084a00000, 0x0000000084b00000|  0%| F|  |TAMS 0x0000000084a00000| PB 0x0000000084a00000| Untracked |  0
|  25|0x0000000084b00000, 0x0000000084b00000, 0x0000000084c00000|  0%| F|  |TAMS 0x0000000084b00000| PB 0x0000000084b00000| Untracked |  0
|  26|0x0000000084c00000, 0x0000000084c00000, 0x0000000084d00000|  0%| F|  |TAMS 0x0000000084c00000| PB 0x0000000084c00000| Untracked |  0
|  27|0x0000000084d00000, 0x0000000084d00000, 0x0000000084e00000|  0%| F|  |TAMS 0x0000000084d00000| PB 0x0000000084d00000| Untracked |  0
|  28|0x0000000084e00000, 0x0000000084e00000, 0x0000000084f00000|  0%| F|  |TAMS 0x0000000084e00000| PB 0x0000000084e00000| Untracked |  0
|  29|0x0000000084f00000, 0x0000000084f00000, 0x0000000085000000|  0%| F|  |TAMS 0x0000000084f00000| PB 0x0000000084f00000| Untracked |  0
|  30|0x0000000085000000, 0x0000000085000000, 0x0000000085100000|  0%| F|  |TAMS 0x0000000085000000| PB 0x0000000085000000| Untracked |  0
|  31|0x0000000085100000, 0x0000000085100000, 0x0000000085200000|  0%| F|  |TAMS 0x0000000085100000| PB 0x0000000085100000| Untracked |  0
|  32|0x0000000085200000, 0x0000000085200000, 0x0000000085300000|  0%| F|  |TAMS 0x0000000085200000| PB 0x0000000085200000| Untracked |  0
|  33|0x0000000085300000, 0x0000000085300000, 0x0000000085400000|  0%| F|  |TAMS 0x0000000085300000| PB 0x0000000085300000| Untracked |  0
|  34|0x0000000085400000, 0x0000000085400000, 0x0000000085500000|  0%| F|  |TAMS 0x0000000085400000| PB 0x0000000085400000| Untracked |  0
|  35|0x0000000085500000, 0x0000000085500000, 0x0000000085600000|  0%| F|  |TAMS 0x0000000085500000| PB 0x0000000085500000| Untracked |  0
|  36|0x0000000085600000, 0x0000000085600000, 0x0000000085700000|  0%| F|  |TAMS 0x0000000085600000| PB 0x0000000085600000| Untracked |  0
|  37|0x0000000085700000, 0x0000000085700000, 0x0000000085800000|  0%| F|  |TAMS 0x0000000085700000| PB 0x0000000085700000| Untracked |  0
|  38|0x0000000085800000, 0x0000000085800000, 0x0000000085900000|  0%| F|  |TAMS 0x0000000085800000| PB 0x0000000085800000| Untracked |  0
|  39|0x0000000085900000, 0x0000000085900000, 0x0000000085a00000|  0%| F|  |TAMS 0x0000000085900000| PB 0x0000000085900000| Untracked |  0
|  40|0x0000000085a00000, 0x0000000085a00000, 0x0000000085b00000|  0%| F|  |TAMS 0x0000000085a00000| PB 0x0000000085a00000| Untracked |  0
|  41|0x0000000085b00000, 0x0000000085b00000, 0x0000000085c00000|  0%| F|  |TAMS 0x0000000085b00000| PB 0x0000000085b00000| Untracked |  0
|  42|0x0000000085c00000, 0x0000000085c00000, 0x0000000085d00000|  0%| F|  |TAMS 0x0000000085c00000| PB 0x0000000085c00000| Untracked |  0
|  43|0x0000000085d00000, 0x0000000085d00000, 0x0000000085e00000|  0%| F|  |TAMS 0x0000000085d00000| PB 0x0000000085d00000| Untracked |  0
|  44|0x0000000085e00000, 0x0000000085e00000, 0x0000000085f00000|  0%| F|  |TAMS 0x0000000085e00000| PB 0x0000000085e00000| Untracked |  0
|  45|0x0000000085f00000, 0x0000000085f00000, 0x0000000086000000|  0%| F|  |TAMS 0x0000000085f00000| PB 0x0000000085f00000| Untracked |  0
|  46|0x0000000086000000, 0x0000000086000000, 0x0000000086100000|  0%| F|  |TAMS 0x0000000086000000| PB 0x0000000086000000| Untracked |  0
|  47|0x0000000086100000, 0x0000000086100000, 0x0000000086200000|  0%| F|  |TAMS 0x0000000086100000| PB 0x0000000086100000| Untracked |  0
|  48|0x0000000086200000, 0x0000000086200000, 0x0000000086300000|  0%| F|  |TAMS 0x0000000086200000| PB 0x0000000086200000| Untracked |  0
|  49|0x0000000086300000, 0x0000000086300000, 0x0000000086400000|  0%| F|  |TAMS 0x0000000086300000| PB 0x0000000086300000| Untracked |  0
|  50|0x0000000086400000, 0x0000000086400000, 0x0000000086500000|  0%| F|  |TAMS 0x0000000086400000| PB 0x0000000086400000| Untracked |  0
|  51|0x0000000086500000, 0x0000000086500000, 0x0000000086600000|  0%| F|  |TAMS 0x0000000086500000| PB 0x0000000086500000| Untracked |  0
|  52|0x0000000086600000, 0x0000000086600000, 0x0000000086700000|  0%| F|  |TAMS 0x0000000086600000| PB 0x0000000086600000| Untracked |  0
|  53|0x0000000086700000, 0x0000000086700000, 0x0000000086800000|  0%| F|  |TAMS 0x0000000086700000| PB 0x0000000086700000| Untracked |  0
|  54|0x0000000086800000, 0x0000000086800000, 0x0000000086900000|  0%| F|  |TAMS 0x0000000086800000| PB 0x0000000086800000| Untracked |  0
|  55|0x0000000086900000, 0x0000000086900000, 0x0000000086a00000|  0%| F|  |TAMS 0x0000000086900000| PB 0x0000000086900000| Untracked |  0
|  56|0x0000000086a00000, 0x0000000086a00000, 0x0000000086b00000|  0%| F|  |TAMS 0x0000000086a00000| PB 0x0000000086a00000| Untracked |  0
|  57|0x0000000086b00000, 0x0000000086b00000, 0x0000000086c00000|  0%| F|  |TAMS 0x0000000086b00000| PB 0x0000000086b00000| Untracked |  0
|  58|0x0000000086c00000, 0x0000000086c00000, 0x0000000086d00000|  0%| F|  |TAMS 0x0000000086c00000| PB 0x0000000086c00000| Untracked |  0
|  59|0x0000000086d00000, 0x0000000086d00000, 0x0000000086e00000|  0%| F|  |TAMS 0x0000000086d00000| PB 0x0000000086d00000| Untracked |  0
|  60|0x0000000086e00000, 0x0000000086e00000, 0x0000000086f00000|  0%| F|  |TAMS 0x0000000086e00000| PB 0x0000000086e00000| Untracked |  0
|  61|0x0000000086f00000, 0x0000000086f00000, 0x0000000087000000|  0%| F|  |TAMS 0x0000000086f00000| PB 0x0000000086f00000| Untracked |  0
|  62|0x0000000087000000, 0x0000000087000000, 0x0000000087100000|  0%| F|  |TAMS 0x0000000087000000| PB 0x0000000087000000| Untracked |  0
|  63|0x0000000087100000, 0x0000000087100000, 0x0000000087200000|  0%| F|  |TAMS 0x0000000087100000| PB 0x0000000087100000| Untracked |  0
|  64|0x0000000087200000, 0x0000000087200000, 0x0000000087300000|  0%| F|  |TAMS 0x0000000087200000| PB 0x0000000087200000| Untracked |  0
|  65|0x0000000087300000, 0x0000000087300000, 0x0000000087400000|  0%| F|  |TAMS 0x0000000087300000| PB 0x0000000087300000| Untracked |  0
|  66|0x0000000087400000, 0x0000000087400000, 0x0000000087500000|  0%| F|  |TAMS 0x0000000087400000| PB 0x0000000087400000| Untracked |  0
|  67|0x0000000087500000, 0x0000000087500000, 0x0000000087600000|  0%| F|  |TAMS 0x0000000087500000| PB 0x0000000087500000| Untracked |  0
|  68|0x0000000087600000, 0x0000000087600000, 0x0000000087700000|  0%| F|  |TAMS 0x0000000087600000| PB 0x0000000087600000| Untracked |  0
|  69|0x0000000087700000, 0x0000000087700000, 0x0000000087800000|  0%| F|  |TAMS 0x0000000087700000| PB 0x0000000087700000| Untracked |  0
|  70|0x0000000087800000, 0x0000000087800000, 0x0000000087900000|  0%| F|  |TAMS 0x0000000087800000| PB 0x0000000087800000| Untracked |  0
|  71|0x0000000087900000, 0x0000000087900000, 0x0000000087a00000|  0%| F|  |TAMS 0x0000000087900000| PB 0x0000000087900000| Untracked |  0
|  72|0x0000000087a00000, 0x0000000087a00000, 0x0000000087b00000|  0%| F|  |TAMS 0x0000000087a00000| PB 0x0000000087a00000| Untracked |  0
|  73|0x0000000087b00000, 0x0000000087b00000, 0x0000000087c00000|  0%| F|  |TAMS 0x0000000087b00000| PB 0x0000000087b00000| Untracked |  0
|  74|0x0000000087c00000, 0x0000000087c00000, 0x0000000087d00000|  0%| F|  |TAMS 0x0000000087c00000| PB 0x0000000087c00000| Untracked |  0
|  75|0x0000000087d00000, 0x0000000087d00000, 0x0000000087e00000|  0%| F|  |TAMS 0x0000000087d00000| PB 0x0000000087d00000| Untracked |  0
|  76|0x0000000087e00000, 0x0000000087e00000, 0x0000000087f00000|  0%| F|  |TAMS 0x0000000087e00000| PB 0x0000000087e00000| Untracked |  0
|  77|0x0000000087f00000, 0x0000000087f00000, 0x0000000088000000|  0%| F|  |TAMS 0x0000000087f00000| PB 0x0000000087f00000| Untracked |  0
|  78|0x0000000088000000, 0x0000000088000000, 0x0000000088100000|  0%| F|  |TAMS 0x0000000088000000| PB 0x0000000088000000| Untracked |  0
|  79|0x0000000088100000, 0x0000000088100000, 0x0000000088200000|  0%| F|  |TAMS 0x0000000088100000| PB 0x0000000088100000| Untracked |  0
|  80|0x0000000088200000, 0x0000000088200000, 0x0000000088300000|  0%| F|  |TAMS 0x0000000088200000| PB 0x0000000088200000| Untracked |  0
|  81|0x0000000088300000, 0x0000000088300000, 0x0000000088400000|  0%| F|  |TAMS 0x0000000088300000| PB 0x0000000088300000| Untracked |  0
|  82|0x0000000088400000, 0x0000000088400000, 0x0000000088500000|  0%| F|  |TAMS 0x0000000088400000| PB 0x0000000088400000| Untracked |  0
|  83|0x0000000088500000, 0x0000000088500000, 0x0000000088600000|  0%| F|  |TAMS 0x0000000088500000| PB 0x0000000088500000| Untracked |  0
|  84|0x0000000088600000, 0x0000000088600000, 0x0000000088700000|  0%| F|  |TAMS 0x0000000088600000| PB 0x0000000088600000| Untracked |  0
|  85|0x0000000088700000, 0x0000000088700000, 0x0000000088800000|  0%| F|  |TAMS 0x0000000088700000| PB 0x0000000088700000| Untracked |  0
|  86|0x0000000088800000, 0x0000000088800000, 0x0000000088900000|  0%| F|  |TAMS 0x0000000088800000| PB 0x0000000088800000| Untracked |  0
|  87|0x0000000088900000, 0x0000000088900000, 0x0000000088a00000|  0%| F|  |TAMS 0x0000000088900000| PB 0x0000000088900000| Untracked |  0
|  88|0x0000000088a00000, 0x0000000088a00000, 0x0000000088b00000|  0%| F|  |TAMS 0x0000000088a00000| PB 0x0000000088a00000| Untracked |  0
|  89|0x0000000088b00000, 0x0000000088b00000, 0x0000000088c00000|  0%| F|  |TAMS 0x0000000088b00000| PB 0x0000000088b00000| Untracked |  0
|  90|0x0000000088c00000, 0x0000000088c00000, 0x0000000088d00000|  0%| F|  |TAMS 0x0000000088c00000| PB 0x0000000088c00000| Untracked |  0
|  91|0x0000000088d00000, 0x0000000088d00000, 0x0000000088e00000|  0%| F|  |TAMS 0x0000000088d00000| PB 0x0000000088d00000| Untracked |  0
|  92|0x0000000088e00000, 0x0000000088e00000, 0x0000000088f00000|  0%| F|  |TAMS 0x0000000088e00000| PB 0x0000000088e00000| Untracked |  0
|  93|0x0000000088f00000, 0x0000000088f77360, 0x0000000089000000| 46%| E|  |TAMS 0x0000000088f00000| PB 0x0000000088f00000| Complete |  0
|  94|0x0000000089000000, 0x0000000089100000, 0x0000000089100000|100%| E|CS|TAMS 0x0000000089000000| PB 0x0000000089000000| Complete |  0
|  95|0x0000000089100000, 0x0000000089200000, 0x0000000089200000|100%| E|CS|TAMS 0x0000000089100000| PB 0x0000000089100000| Complete |  0
|  96|0x0000000089200000, 0x0000000089300000, 0x0000000089300000|100%| E|CS|TAMS 0x0000000089200000| PB 0x0000000089200000| Complete |  0
|  97|0x0000000089300000, 0x0000000089400000, 0x0000000089400000|100%| E|CS|TAMS 0x0000000089300000| PB 0x0000000089300000| Complete |  0
|  98|0x0000000089400000, 0x000000008942f820, 0x0000000089500000| 18%| S|CS|TAMS 0x0000000089400000| PB 0x0000000089400000| Complete |  0
|  99|0x0000000089500000, 0x0000000089600000, 0x0000000089600000|100%| E|CS|TAMS 0x0000000089500000| PB 0x0000000089500000| Complete |  0
| 100|0x0000000089600000, 0x0000000089700000, 0x0000000089700000|100%| E|CS|TAMS 0x0000000089600000| PB 0x0000000089600000| Complete |  0
| 101|0x0000000089700000, 0x0000000089800000, 0x0000000089800000|100%| E|CS|TAMS 0x0000000089700000| PB 0x0000000089700000| Complete |  0
| 102|0x0000000089800000, 0x0000000089900000, 0x0000000089900000|100%| S|CS|TAMS 0x0000000089800000| PB 0x0000000089800000| Complete |  0
| 103|0x0000000089900000, 0x0000000089a00000, 0x0000000089a00000|100%| E|CS|TAMS 0x0000000089900000| PB 0x0000000089900000| Complete |  0
| 104|0x0000000089a00000, 0x0000000089b00000, 0x0000000089b00000|100%| E|CS|TAMS 0x0000000089a00000| PB 0x0000000089a00000| Complete |  0
| 105|0x0000000089b00000, 0x0000000089c00000, 0x0000000089c00000|100%| E|CS|TAMS 0x0000000089b00000| PB 0x0000000089b00000| Complete |  0
| 106|0x0000000089c00000, 0x0000000089d00000, 0x0000000089d00000|100%| E|CS|TAMS 0x0000000089c00000| PB 0x0000000089c00000| Complete |  0
| 107|0x0000000089d00000, 0x0000000089e00000, 0x0000000089e00000|100%| E|CS|TAMS 0x0000000089d00000| PB 0x0000000089d00000| Complete |  0
| 108|0x0000000089e00000, 0x0000000089f00000, 0x0000000089f00000|100%| E|CS|TAMS 0x0000000089e00000| PB 0x0000000089e00000| Complete |  0
| 109|0x0000000089f00000, 0x000000008a000000, 0x000000008a000000|100%| E|CS|TAMS 0x0000000089f00000| PB 0x0000000089f00000| Complete |  0
| 110|0x000000008a000000, 0x000000008a100000, 0x000000008a100000|100%| E|CS|TAMS 0x000000008a000000| PB 0x000000008a000000| Complete |  0
| 111|0x000000008a100000, 0x000000008a200000, 0x000000008a200000|100%| E|CS|TAMS 0x000000008a100000| PB 0x000000008a100000| Complete |  0
| 112|0x000000008a200000, 0x000000008a300000, 0x000000008a300000|100%| E|CS|TAMS 0x000000008a200000| PB 0x000000008a200000| Complete |  0
| 113|0x000000008a300000, 0x000000008a400000, 0x000000008a400000|100%| E|CS|TAMS 0x000000008a300000| PB 0x000000008a300000| Complete |  0
| 114|0x000000008a400000, 0x000000008a500000, 0x000000008a500000|100%| E|CS|TAMS 0x000000008a400000| PB 0x000000008a400000| Complete |  0
| 115|0x000000008a500000, 0x000000008a600000, 0x000000008a600000|100%| E|CS|TAMS 0x000000008a500000| PB 0x000000008a500000| Complete |  0
| 116|0x000000008a600000, 0x000000008a700000, 0x000000008a700000|100%| E|CS|TAMS 0x000000008a600000| PB 0x000000008a600000| Complete |  0
| 117|0x000000008a700000, 0x000000008a800000, 0x000000008a800000|100%| E|CS|TAMS 0x000000008a700000| PB 0x000000008a700000| Complete |  0
| 118|0x000000008a800000, 0x000000008a900000, 0x000000008a900000|100%| E|CS|TAMS 0x000000008a800000| PB 0x000000008a800000| Complete |  0
| 119|0x000000008a900000, 0x000000008aa00000, 0x000000008aa00000|100%| E|CS|TAMS 0x000000008a900000| PB 0x000000008a900000| Complete |  0
| 120|0x000000008aa00000, 0x000000008ab00000, 0x000000008ab00000|100%| E|CS|TAMS 0x000000008aa00000| PB 0x000000008aa00000| Complete |  0
| 121|0x000000008ab00000, 0x000000008ac00000, 0x000000008ac00000|100%| E|  |TAMS 0x000000008ab00000| PB 0x000000008ab00000| Complete |  0
| 122|0x000000008ac00000, 0x000000008ad00000, 0x000000008ad00000|100%| E|CS|TAMS 0x000000008ac00000| PB 0x000000008ac00000| Complete |  0
| 123|0x000000008ad00000, 0x000000008ae00000, 0x000000008ae00000|100%| E|CS|TAMS 0x000000008ad00000| PB 0x000000008ad00000| Complete |  0
| 124|0x000000008ae00000, 0x000000008af00000, 0x000000008af00000|100%| E|CS|TAMS 0x000000008ae00000| PB 0x000000008ae00000| Complete |  0
| 125|0x000000008af00000, 0x000000008b000000, 0x000000008b000000|100%| E|CS|TAMS 0x000000008af00000| PB 0x000000008af00000| Complete |  0

Card table byte_map: [0x00000204d6ab0000,0x00000204d6ea0000] _byte_map_base: 0x00000204d6697000

Marking Bits: (CMBitMap*) 0x00000204becb6760
 Bits: [0x00000204d6ea0000, 0x00000204d8dd8000)

Polling page: 0x00000204bcb60000

Metaspace:

Usage:
  Non-class:     12.30 MB used.
      Class:      1.76 MB used.
       Both:     14.07 MB used.

Virtual space:
  Non-class space:       64.00 MB reserved,      12.44 MB ( 19%) committed,  1 nodes.
      Class space:        1.00 GB reserved,       1.88 MB ( <1%) committed,  1 nodes.
             Both:        1.06 GB reserved,      14.31 MB (  1%) committed. 

Chunk freelists:
   Non-Class:  3.09 MB
       Class:  14.01 MB
        Both:  17.11 MB

MaxMetaspaceSize: unlimited
CompressedClassSpaceSize: 1.00 GB
Initial GC threshold: 21.00 MB
Current GC threshold: 21.00 MB
CDS: on
 - commit_granule_bytes: 65536.
 - commit_granule_words: 8192.
 - virtual_space_node_default_size: 8388608.
 - enlarge_chunks_in_place: 1.
 - use_allocation_guard: 0.


Internal statistics:

num_allocs_failed_limit: 0.
num_arena_births: 138.
num_arena_deaths: 0.
num_vsnodes_births: 2.
num_vsnodes_deaths: 0.
num_space_committed: 229.
num_space_uncommitted: 0.
num_chunks_returned_to_freelist: 0.
num_chunks_taken_from_freelist: 600.
num_chunk_merges: 0.
num_chunk_splits: 422.
num_chunks_enlarged: 350.
num_inconsistent_stats: 0.

CodeHeap 'non-profiled nmethods': size=120064Kb used=920Kb max_used=920Kb free=119143Kb
 bounds [0x00000204cee50000, 0x00000204cf0c0000, 0x00000204d6390000]
CodeHeap 'profiled nmethods': size=120000Kb used=4349Kb max_used=4349Kb free=115650Kb
 bounds [0x00000204c7390000, 0x00000204c77d0000, 0x00000204ce8c0000]
CodeHeap 'non-nmethods': size=5696Kb used=1499Kb max_used=1523Kb free=4196Kb
 bounds [0x00000204ce8c0000, 0x00000204ceb30000, 0x00000204cee50000]
CodeCache: size=245760Kb, used=6768Kb, max_used=6792Kb, free=238989Kb
 total_blobs=3479, nmethods=2984, adapters=400, full_count=0
Compilation: enabled, stopped_count=0, restarted_count=0

Compilation events (20 events):
Event: 1.373 Thread 0x00000204db844e10 2942       3       java.lang.Byte::hashCode (2 bytes)
Event: 1.373 Thread 0x00000204db844e10 nmethod 2942 0x00000204c77c3908 code [0x00000204c77c3a20, 0x00000204c77c3b10]
Event: 1.373 Thread 0x00000204db844270 2943       4       java.util.LinkedHashMap::newNode (23 bytes)
Event: 1.381 Thread 0x0000020521a07bb0 nmethod 2934 0x00000204cef32e88 code [0x00000204cef33000, 0x00000204cef33658]
Event: 1.383 Thread 0x00000204db844270 nmethod 2943 0x00000204cef33708 code [0x00000204cef33820, 0x00000204cef33d00]
Event: 1.383 Thread 0x00000204db844e10 2944       3       java.util.LinkedHashMap$LinkedEntryIterator::next (5 bytes)
Event: 1.384 Thread 0x00000204db844e10 nmethod 2944 0x00000204c77c3c08 code [0x00000204c77c3d40, 0x00000204c77c3ed8]
Event: 1.384 Thread 0x00000204db844e10 2945       3       java.util.LinkedHashMap$LinkedEntryIterator::next (5 bytes)
Event: 1.385 Thread 0x00000204db844e10 nmethod 2945 0x00000204c77c3f08 code [0x00000204c77c4020, 0x00000204c77c4158]
Event: 1.390 Thread 0x00000204db844e10 2946       3       java.util.regex.Pattern::peek (26 bytes)
Event: 1.390 Thread 0x00000204db844e10 nmethod 2946 0x00000204c77c4208 code [0x00000204c77c4340, 0x00000204c77c4590]
Event: 1.390 Thread 0x00000204db844e10 2947       3       java.lang.Character::codePointAt (51 bytes)
Event: 1.391 Thread 0x00000204db844e10 nmethod 2947 0x00000204c77c4608 code [0x00000204c77c4780, 0x00000204c77c4da8]
Event: 1.391 Thread 0x00000204db844e10 2948       3       java.util.regex.Pattern$$Lambda/0x00000204dd058fc0::is (5 bytes)
Event: 1.391 Thread 0x00000204db844e10 nmethod 2948 0x00000204c77c4e08 code [0x00000204c77c4f20, 0x00000204c77c5168]
Event: 1.391 Thread 0x00000204db844e10 2949       3       java.util.regex.Pattern::lambda$DOT$11 (34 bytes)
Event: 1.391 Thread 0x00000204db844e10 nmethod 2949 0x00000204c77c5188 code [0x00000204c77c52a0, 0x00000204c77c5468]
Event: 1.392 Thread 0x00000204db844e10 2950       3       com.google.inject.internal.InjectorImpl::getProviderOrThrow (35 bytes)
Event: 1.392 Thread 0x00000204db844e10 nmethod 2950 0x00000204c77c5488 code [0x00000204c77c55e0, 0x00000204c77c5a30]
Event: 1.392 Thread 0x00000204db844e10 2951       3       com.google.inject.internal.InjectorImpl$1::<init> (20 bytes)

GC Heap History (4 events):
Event: 0.522 GC heap before
{Heap before GC invocations=0 (full 0):
 garbage-first heap   total reserved 2045952K, committed 129024K, used 24576K [0x0000000083200000, 0x0000000100000000)
  region size 1024K, 24 young (24576K), 0 survivors (0K)
 Metaspace       used 5926K, committed 6144K, reserved 1114112K
  class space    used 729K, committed 832K, reserved 1048576K
}
Event: 0.527 GC heap after
{Heap after GC invocations=1 (full 0):
 garbage-first heap   total reserved 2045952K, committed 129024K, used 3818K [0x0000000083200000, 0x0000000100000000)
  region size 1024K, 3 young (3072K), 3 survivors (3072K)
 Metaspace       used 5926K, committed 6144K, reserved 1114112K
  class space    used 729K, committed 832K, reserved 1048576K
}
Event: 0.827 GC heap before
{Heap before GC invocations=1 (full 0):
 garbage-first heap   total reserved 2045952K, committed 129024K, used 27370K [0x0000000083200000, 0x0000000100000000)
  region size 1024K, 26 young (26624K), 3 survivors (3072K)
 Metaspace       used 8640K, committed 8832K, reserved 1114112K
  class space    used 1044K, committed 1152K, reserved 1048576K
}
Event: 0.831 GC heap after
{Heap after GC invocations=2 (full 0):
 garbage-first heap   total reserved 2045952K, committed 129024K, used 5107K [0x0000000083200000, 0x0000000100000000)
  region size 1024K, 2 young (2048K), 2 survivors (2048K)
 Metaspace       used 8640K, committed 8832K, reserved 1114112K
  class space    used 1044K, committed 1152K, reserved 1048576K
}

Dll operation events (8 events):
Event: 0.006 Loaded shared library C:\Program Files\Java\jdk-23\bin\java.dll
Event: 0.030 Loaded shared library C:\Program Files\Java\jdk-23\bin\jsvml.dll
Event: 0.044 Loaded shared library C:\Program Files\Java\jdk-23\bin\net.dll
Event: 0.045 Loaded shared library C:\Program Files\Java\jdk-23\bin\nio.dll
Event: 0.048 Loaded shared library C:\Program Files\Java\jdk-23\bin\zip.dll
Event: 0.143 Loaded shared library C:\Program Files\Java\jdk-23\bin\jimage.dll
Event: 0.143 Loaded shared library C:\Program Files\NetBeans-23\netbeans\java\maven\lib\jansi-native\Windows\x86_64\jansi.dll
Event: 0.152 Loaded shared library C:\Program Files\Java\jdk-23\bin\verify.dll

Deoptimization events (20 events):
Event: 1.314 Thread 0x00000204bc8f3680 DEOPT PACKING pc=0x00000204cef25058 sp=0x0000005169cfb0c0
Event: 1.314 Thread 0x00000204bc8f3680 DEOPT UNPACKING pc=0x00000204ce917982 sp=0x0000005169cfafd8 mode 2
Event: 1.329 Thread 0x00000204bc8f3680 Uncommon trap: trap_request=0xffffff45 fr.pc=0x00000204cef2921c relative=0x000000000000081c
Event: 1.330 Thread 0x00000204bc8f3680 Uncommon trap: reason=unstable_if action=reinterpret pc=0x00000204cef2921c method=org.eclipse.sisu.inject.InjectorBindings.isAssignableFrom(Lcom/google/inject/TypeLiteral;Lcom/google/inject/Binding;)Z @ 15 c2
Event: 1.330 Thread 0x00000204bc8f3680 DEOPT PACKING pc=0x00000204cef2921c sp=0x0000005169cfdd40
Event: 1.330 Thread 0x00000204bc8f3680 DEOPT UNPACKING pc=0x00000204ce917982 sp=0x0000005169cfdd00 mode 2
Event: 1.342 Thread 0x00000204bc8f3680 Uncommon trap: trap_request=0xffffff45 fr.pc=0x00000204ceebcf8c relative=0x0000000000001fec
Event: 1.342 Thread 0x00000204bc8f3680 Uncommon trap: reason=unstable_if action=reinterpret pc=0x00000204ceebcf8c method=sun.nio.cs.StreamDecoder.implRead([CII)I @ 36 c2
Event: 1.342 Thread 0x00000204bc8f3680 DEOPT PACKING pc=0x00000204ceebcf8c sp=0x0000005169cfe8f0
Event: 1.342 Thread 0x00000204bc8f3680 DEOPT UNPACKING pc=0x00000204ce917982 sp=0x0000005169cfe6e8 mode 2
Event: 1.342 Thread 0x00000204bc8f3680 Uncommon trap: trap_request=0xffffff45 fr.pc=0x00000204ceea97e0 relative=0x00000000000008e0
Event: 1.342 Thread 0x00000204bc8f3680 Uncommon trap: reason=unstable_if action=reinterpret pc=0x00000204ceea97e0 method=sun.nio.cs.StreamDecoder.implRead([CII)I @ 36 c2
Event: 1.343 Thread 0x00000204bc8f3680 DEOPT PACKING pc=0x00000204ceea97e0 sp=0x0000005169cfe880
Event: 1.343 Thread 0x00000204bc8f3680 DEOPT UNPACKING pc=0x00000204ce917982 sp=0x0000005169cfe840 mode 2
Event: 1.343 Thread 0x00000204bc8f3680 Uncommon trap: trap_request=0x000000e1 fr.pc=0x00000204ceea5570 relative=0x00000000000000d0
Event: 1.343 Thread 0x00000204bc8f3680 Uncommon trap: reason=unloaded action=reinterpret pc=0x00000204ceea5570 method=org.codehaus.plexus.util.xml.pull.MXParser.more()C @ 22 c2
Event: 1.343 Thread 0x00000204bc8f3680 DEOPT PACKING pc=0x00000204ceea5570 sp=0x0000005169cfebc0
Event: 1.343 Thread 0x00000204bc8f3680 DEOPT UNPACKING pc=0x00000204ce917982 sp=0x0000005169cfeb60 mode 2
Event: 1.388 Thread 0x00000204bc8f3680 DEOPT PACKING pc=0x00000204c7573a14 sp=0x0000005169cfe980
Event: 1.388 Thread 0x00000204bc8f3680 DEOPT UNPACKING pc=0x00000204ce9184c2 sp=0x0000005169cfde48 mode 0

Classes loaded (20 events):
Event: 1.348 Loading class java/lang/ProcessEnvironment$CheckedKeySet
Event: 1.348 Loading class java/lang/ProcessEnvironment$CheckedKeySet done
Event: 1.387 Loading class java/net/URL$ThreadTrackHolder
Event: 1.387 Loading class java/net/URL$ThreadTrackHolder done
Event: 1.387 Loading class jdk/internal/misc/ThreadTracker
Event: 1.387 Loading class jdk/internal/misc/ThreadTracker done
Event: 1.387 Loading class jdk/internal/misc/ThreadTracker$ThreadRef
Event: 1.387 Loading class jdk/internal/misc/ThreadTracker$ThreadRef done
Event: 1.387 Loading class java/net/URL$2
Event: 1.387 Loading class java/net/URL$2 done
Event: 1.387 Loading class java/net/URL$1
Event: 1.387 Loading class java/net/URL$1 done
Event: 1.387 Loading class java/net/spi/URLStreamHandlerProvider
Event: 1.387 Loading class java/net/spi/URLStreamHandlerProvider done
Event: 1.388 Loading class sun/net/www/protocol/https/Handler
Event: 1.388 Loading class sun/net/www/protocol/http/Handler
Event: 1.388 Loading class sun/net/www/protocol/http/Handler done
Event: 1.388 Loading class sun/net/www/protocol/https/Handler done
Event: 1.390 Loading class java/util/regex/Pattern$Pos
Event: 1.390 Loading class java/util/regex/Pattern$Pos done

Classes unloaded (0 events):
No events

Classes redefined (0 events):
No events

Internal exceptions (20 events):
Event: 0.210 Thread 0x00000204bc8f3680 Exception <a 'java/lang/NoSuchMethodError'{0x000000008a8a21d0}: 'java.lang.Object java.lang.invoke.DirectMethodHandle$Holder.invokeSpecialIFC(java.lang.Object, java.lang.Object, java.lang.Object, java.lang.Object)'> (0x000000008a8a21d0) 
thrown [s\open\src\hotspot\share\interpreter\linkResolver.cpp, line 796]
Event: 0.343 Thread 0x00000204bc8f3680 Exception <a 'java/lang/NoSuchMethodError'{0x000000008a244b80}: 'void java.lang.invoke.DirectMethodHandle$Holder.invokeSpecial(java.lang.Object, java.lang.Object, java.lang.Object)'> (0x000000008a244b80) 
thrown [s\open\src\hotspot\share\interpreter\linkResolver.cpp, line 796]
Event: 0.370 Thread 0x00000204bc8f3680 Exception <a 'java/lang/NoSuchMethodError'{0x000000008a191080}: 'java.lang.Object java.lang.invoke.DirectMethodHandle$Holder.invokeInterface(java.lang.Object, java.lang.Object)'> (0x000000008a191080) 
thrown [s\open\src\hotspot\share\interpreter\linkResolver.cpp, line 796]
Event: 0.382 Thread 0x00000204bc8f3680 Exception <a 'java/lang/NoSuchMethodError'{0x000000008a02b828}: 'int java.lang.invoke.DirectMethodHandle$Holder.invokeStatic(java.lang.Object, java.lang.Object, java.lang.Object, java.lang.Object)'> (0x000000008a02b828) 
thrown [s\open\src\hotspot\share\interpreter\linkResolver.cpp, line 796]
Event: 0.384 Thread 0x00000204bc8f3680 Exception <a 'java/lang/NoSuchMethodError'{0x000000008a03a178}: 'int java.lang.invoke.DirectMethodHandle$Holder.invokeSpecialIFC(java.lang.Object, java.lang.Object, java.lang.Object, java.lang.Object, java.lang.Object)'> (0x000000008a03a178) 
thrown [s\open\src\hotspot\share\interpreter\linkResolver.cpp, line 796]
Event: 0.417 Thread 0x00000204bc8f3680 Exception <a 'java/lang/NoSuchMethodError'{0x0000000089fcba38}: 'void java.lang.invoke.DirectMethodHandle$Holder.invokeStatic(java.lang.Object, int, java.lang.Object)'> (0x0000000089fcba38) 
thrown [s\open\src\hotspot\share\interpreter\linkResolver.cpp, line 796]
Event: 0.460 Thread 0x00000204bc8f3680 Exception <a 'java/lang/NoSuchMethodError'{0x0000000089d37400}: 'int java.lang.invoke.DirectMethodHandle$Holder.invokeStaticInit(java.lang.Object, java.lang.Object)'> (0x0000000089d37400) 
thrown [s\open\src\hotspot\share\interpreter\linkResolver.cpp, line 796]
Event: 0.466 Thread 0x00000204bc8f3680 Exception <a 'java/lang/NoClassDefFoundError'{0x0000000089d6ca50}: javax/enterprise/inject/Typed> (0x0000000089d6ca50) 
thrown [s\open\src\hotspot\share\classfile\systemDictionary.cpp, line 302]
Event: 1.003 Thread 0x00000204bc8f3680 Exception <a 'java/lang/NoSuchMethodError'{0x000000008a5fd8f8}: 'void java.lang.invoke.DirectMethodHandle$Holder.invokeStaticInit(java.lang.Object, java.lang.Object, java.lang.Object)'> (0x000000008a5fd8f8) 
thrown [s\open\src\hotspot\share\interpreter\linkResolver.cpp, line 796]
Event: 1.006 Thread 0x00000204bc8f3680 Exception <a 'java/lang/ExceptionInInitializerError'{0x000000008a4274a8}> (0x000000008a4274a8) 
thrown [s\open\src\hotspot\share\oops\instanceKlass.cpp, line 1236]
Event: 1.025 Thread 0x00000204bc8f3680 Exception <a 'java/lang/NoSuchMethodError'{0x000000008a33f500}: 'long java.lang.invoke.DirectMethodHandle$Holder.invokeStatic(java.lang.Object, java.lang.Object, int)'> (0x000000008a33f500) 
thrown [s\open\src\hotspot\share\interpreter\linkResolver.cpp, line 796]
Event: 1.027 Thread 0x00000204bc8f3680 Exception <a 'java/lang/NoSuchMethodError'{0x000000008a352ad0}: 'java.lang.Object java.lang.invoke.DirectMethodHandle$Holder.invokeStatic(java.lang.Object, java.lang.Object, java.lang.Object, java.lang.Object, int)'> (0x000000008a352ad0) 
thrown [s\open\src\hotspot\share\interpreter\linkResolver.cpp, line 796]
Event: 1.027 Thread 0x00000204bc8f3680 Exception <a 'java/lang/NoSuchMethodError'{0x000000008a35acb8}: 'java.lang.Object java.lang.invoke.DirectMethodHandle$Holder.invokeSpecial(java.lang.Object, java.lang.Object, java.lang.Object, java.lang.Object, long)'> (0x000000008a35acb8) 
thrown [s\open\src\hotspot\share\interpreter\linkResolver.cpp, line 796]
Event: 1.028 Thread 0x00000204bc8f3680 Exception <a 'java/lang/NoSuchMethodError'{0x000000008a366848}: 'java.lang.Object java.lang.invoke.DirectMethodHandle$Holder.invokeSpecial(java.lang.Object, java.lang.Object, java.lang.Object, int, java.lang.Object)'> (0x000000008a366848) 
thrown [s\open\src\hotspot\share\interpreter\linkResolver.cpp, line 796]
Event: 1.030 Thread 0x00000204bc8f3680 Implicit null exception at 0x00000204ceec463d to 0x00000204ceec47c8
Event: 1.032 Thread 0x00000204bc8f3680 Exception <a 'java/lang/NoSuchMethodError'{0x000000008a38fad0}: 'java.lang.Object java.lang.invoke.Invokers$Holder.invokeExact_MT(java.lang.Object, int, java.lang.Object)'> (0x000000008a38fad0) 
thrown [s\open\src\hotspot\share\interpreter\linkResolver.cpp, line 796]
Event: 1.193 Thread 0x00000204bc8f3680 Exception <a 'java/lang/NoSuchMethodError'{0x0000000089a44ca0}: 'void java.lang.invoke.Invokers$Holder.invokeExact_MT(java.lang.Object, java.lang.Object, java.lang.Object, java.lang.Object)'> (0x0000000089a44ca0) 
thrown [s\open\src\hotspot\share\interpreter\linkResolver.cpp, line 796]
Event: 1.212 Thread 0x00000204bc8f3680 Exception <a 'java/lang/NoClassDefFoundError'{0x0000000089ad6928}: com/google/inject/servlet/ServletModuleTargetVisitor> (0x0000000089ad6928) 
thrown [s\open\src\hotspot\share\classfile\systemDictionary.cpp, line 302]
Event: 1.268 Thread 0x00000204bc8f3680 Exception <a 'java/lang/NoSuchMethodError'{0x000000008967bf38}: 'void java.lang.invoke.DirectMethodHandle$Holder.invokeVirtual(java.lang.Object, java.lang.Object)'> (0x000000008967bf38) 
thrown [s\open\src\hotspot\share\interpreter\linkResolver.cpp, line 796]
Event: 1.294 Thread 0x00000204bc8f3680 Exception <a 'java/lang/NoSuchMethodError'{0x000000008950b5d0}: 'java.lang.Object java.lang.invoke.DirectMethodHandle$Holder.invokeStaticInit(java.lang.Object, int, int, int, int)'> (0x000000008950b5d0) 
thrown [s\open\src\hotspot\share\interpreter\linkResolver.cpp, line 796]

VM Operations (20 events):
Event: 1.012 Executing VM operation: HandshakeAllThreads (Deoptimize)
Event: 1.012 Executing VM operation: HandshakeAllThreads (Deoptimize) done
Event: 1.057 Executing VM operation: HandshakeAllThreads (Deoptimize)
Event: 1.057 Executing VM operation: HandshakeAllThreads (Deoptimize) done
Event: 1.058 Executing VM operation: HandshakeAllThreads (Deoptimize)
Event: 1.058 Executing VM operation: HandshakeAllThreads (Deoptimize) done
Event: 1.102 Executing VM operation: HandshakeAllThreads (Deoptimize)
Event: 1.102 Executing VM operation: HandshakeAllThreads (Deoptimize) done
Event: 1.189 Executing VM operation: HandshakeAllThreads (Deoptimize)
Event: 1.189 Executing VM operation: HandshakeAllThreads (Deoptimize) done
Event: 1.276 Executing VM operation: HandshakeAllThreads (Deoptimize)
Event: 1.276 Executing VM operation: HandshakeAllThreads (Deoptimize) done
Event: 1.307 Executing VM operation: HandshakeAllThreads (Deoptimize)
Event: 1.307 Executing VM operation: HandshakeAllThreads (Deoptimize) done
Event: 1.343 Executing VM operation: HandshakeAllThreads (Deoptimize)
Event: 1.343 Executing VM operation: HandshakeAllThreads (Deoptimize) done
Event: 1.388 Executing VM operation: HandshakeAllThreads (Deoptimize)
Event: 1.388 Executing VM operation: HandshakeAllThreads (Deoptimize) done
Event: 1.388 Executing VM operation: HandshakeAllThreads (Deoptimize)
Event: 1.388 Executing VM operation: HandshakeAllThreads (Deoptimize) done

Memory protections (0 events):
No events

Nmethod flushes (0 events):
No events

Events (15 events):
Event: 0.017 Thread 0x00000204bc8f3680 Thread added: 0x00000204bc8f3680
Event: 0.028 Thread 0x00000204bc8f3680 Thread added: 0x00000204db82b7f0
Event: 0.028 Thread 0x00000204bc8f3680 Thread added: 0x00000204db82d810
Event: 0.028 Thread 0x00000204bc8f3680 Thread added: 0x00000204db82f6d0
Event: 0.028 Thread 0x00000204bc8f3680 Thread added: 0x00000204db832360
Event: 0.028 Thread 0x00000204bc8f3680 Thread added: 0x00000204db83b120
Event: 0.028 Thread 0x00000204bc8f3680 Thread added: 0x00000204db83dda0
Event: 0.028 Thread 0x00000204bc8f3680 Thread added: 0x00000204db844270
Event: 0.028 Thread 0x00000204bc8f3680 Thread added: 0x00000204db844e10
Event: 0.040 Thread 0x00000204bc8f3680 Thread added: 0x00000204db83d710
Event: 0.042 Thread 0x00000204bc8f3680 Thread added: 0x00000204db83eac0
Event: 0.141 Thread 0x00000204bc8f3680 Thread added: 0x00000204db83fe70
Event: 0.147 Thread 0x00000204db83fe70 Thread exited: 0x00000204db83fe70
Event: 0.279 Thread 0x00000204db844e10 Thread added: 0x000002052127acc0
Event: 0.492 Thread 0x00000204db844e10 Thread added: 0x0000020521a07bb0


Dynamic libraries:
0x00007ff7ed450000 - 0x00007ff7ed460000 	C:\Program Files\Java\jdk-23\bin\java.exe
0x00007ff99b8f0000 - 0x00007ff99bb07000 	C:\WINDOWS\SYSTEM32\ntdll.dll
0x00007ff99ac40000 - 0x00007ff99ad04000 	C:\WINDOWS\System32\KERNEL32.DLL
0x00007ff998e10000 - 0x00007ff9991c7000 	C:\WINDOWS\System32\KERNELBASE.dll
0x00007ff9993b0000 - 0x00007ff9994c1000 	C:\WINDOWS\System32\ucrtbase.dll
0x00007ff9941c0000 - 0x00007ff9941db000 	C:\Program Files\Java\jdk-23\bin\VCRUNTIME140.dll
0x00007ff9949d0000 - 0x00007ff9949e7000 	C:\Program Files\Java\jdk-23\bin\jli.dll
0x00007ff99ad10000 - 0x00007ff99aebf000 	C:\WINDOWS\System32\USER32.dll
0x00007ff9827a0000 - 0x00007ff982a33000 	C:\WINDOWS\WinSxS\amd64_microsoft.windows.common-controls_6595b64144ccf1df_6.0.22621.3672_none_2713b9d173822955\COMCTL32.dll
0x00007ff998d70000 - 0x00007ff998d96000 	C:\WINDOWS\System32\win32u.dll
0x00007ff999df0000 - 0x00007ff999e97000 	C:\WINDOWS\System32\msvcrt.dll
0x00007ff999dc0000 - 0x00007ff999de9000 	C:\WINDOWS\System32\GDI32.dll
0x00007ff999290000 - 0x00007ff9993a8000 	C:\WINDOWS\System32\gdi32full.dll
0x00007ff9994d0000 - 0x00007ff99956a000 	C:\WINDOWS\System32\msvcp_win.dll
0x00007ff99b3f0000 - 0x00007ff99b421000 	C:\WINDOWS\System32\IMM32.DLL
0x00007ff994cb0000 - 0x00007ff994cbc000 	C:\Program Files\Java\jdk-23\bin\vcruntime140_1.dll
0x00007ff984c50000 - 0x00007ff984cde000 	C:\Program Files\Java\jdk-23\bin\msvcp140.dll
0x00007ff940f00000 - 0x00007ff941c4f000 	C:\Program Files\Java\jdk-23\bin\server\jvm.dll
0x00007ff99a0d0000 - 0x00007ff99a182000 	C:\WINDOWS\System32\ADVAPI32.dll
0x00007ff999850000 - 0x00007ff9998f8000 	C:\WINDOWS\System32\sechost.dll
0x00007ff9995f0000 - 0x00007ff999618000 	C:\WINDOWS\System32\bcrypt.dll
0x00007ff9999e0000 - 0x00007ff999af4000 	C:\WINDOWS\System32\RPCRT4.dll
0x00007ff999900000 - 0x00007ff999971000 	C:\WINDOWS\System32\WS2_32.dll
0x00007ff9964c0000 - 0x00007ff9964f4000 	C:\WINDOWS\SYSTEM32\WINMM.dll
0x00007ff9929c0000 - 0x00007ff9929ca000 	C:\WINDOWS\SYSTEM32\VERSION.dll
0x00007ff9984b0000 - 0x00007ff9984fd000 	C:\WINDOWS\SYSTEM32\POWRPROF.dll
0x00007ff998490000 - 0x00007ff9984a3000 	C:\WINDOWS\SYSTEM32\UMPDC.dll
0x00007ff997c10000 - 0x00007ff997c28000 	C:\WINDOWS\SYSTEM32\kernel.appcore.dll
0x00007ff9941b0000 - 0x00007ff9941ba000 	C:\Program Files\Java\jdk-23\bin\jimage.dll
0x00007ff996240000 - 0x00007ff996472000 	C:\WINDOWS\SYSTEM32\DBGHELP.DLL
0x00007ff99b060000 - 0x00007ff99b3ee000 	C:\WINDOWS\System32\combase.dll
0x00007ff999ce0000 - 0x00007ff999db7000 	C:\WINDOWS\System32\OLEAUT32.dll
0x00007ff996480000 - 0x00007ff9964b2000 	C:\WINDOWS\SYSTEM32\dbgcore.DLL
0x00007ff999570000 - 0x00007ff9995eb000 	C:\WINDOWS\System32\bcryptPrimitives.dll
0x00007ff993a00000 - 0x00007ff993a1e000 	C:\Program Files\Java\jdk-23\bin\java.dll
0x00007ff999f20000 - 0x00007ff99a0c5000 	C:\WINDOWS\System32\ole32.dll
0x00007ff99a310000 - 0x00007ff99ab79000 	C:\WINDOWS\System32\SHELL32.dll
0x00007ff996b20000 - 0x00007ff99741f000 	C:\WINDOWS\SYSTEM32\windows.storage.dll
0x00007ff9969e0000 - 0x00007ff996b1f000 	C:\WINDOWS\SYSTEM32\wintypes.dll
0x00007ff99af50000 - 0x00007ff99b049000 	C:\WINDOWS\System32\SHCORE.dll
0x00007ff999980000 - 0x00007ff9999de000 	C:\WINDOWS\System32\shlwapi.dll
0x00007ff998b30000 - 0x00007ff998b57000 	C:\WINDOWS\SYSTEM32\profapi.dll
0x00007ff97af20000 - 0x00007ff97aff7000 	C:\Program Files\Java\jdk-23\bin\jsvml.dll
0x00007ff98ae40000 - 0x00007ff98ae50000 	C:\Program Files\Java\jdk-23\bin\net.dll
0x00007ff998070000 - 0x00007ff9980d9000 	C:\WINDOWS\system32\mswsock.dll
0x00007ff98a8a0000 - 0x00007ff98a8b6000 	C:\Program Files\Java\jdk-23\bin\nio.dll
0x00007ff9881a0000 - 0x00007ff9881b7000 	C:\Program Files\Java\jdk-23\bin\zip.dll
0x00007ff994980000 - 0x00007ff9949a4000 	C:\Program Files\NetBeans-23\netbeans\java\maven\lib\jansi-native\Windows\x86_64\jansi.dll
0x00007ff98a890000 - 0x00007ff98a8a0000 	C:\Program Files\Java\jdk-23\bin\verify.dll

dbghelp: loaded successfully - version: 4.0.5 - missing functions: none
symbol engine: initialized successfully - sym options: 0x614 - pdb path: .;C:\Program Files\Java\jdk-23\bin;C:\WINDOWS\SYSTEM32;C:\WINDOWS\WinSxS\amd64_microsoft.windows.common-controls_6595b64144ccf1df_6.0.22621.3672_none_2713b9d173822955;C:\Program Files\Java\jdk-23\bin\server;C:\Program Files\NetBeans-23\netbeans\java\maven\lib\jansi-native\Windows\x86_64

VM Arguments:
jvm_args: -Dclassworlds.conf=C:\Program Files\NetBeans-23\netbeans\java\maven\bin\m2.conf -Dmaven.home=C:\Program Files\NetBeans-23\netbeans\java\maven -Dlibrary.jansi.path=C:\Program Files\NetBeans-23\netbeans\java\maven\lib\jansi-native -Dmaven.multiModuleProjectDirectory=C:\Users\jenina\OneDrive\Documents\NetBeansProjects\VrSystem 
java_command: org.codehaus.plexus.classworlds.launcher.Launcher -Dexec.vmArgs= -Dexec.args=${exec.vmArgs} -classpath %classpath ${exec.mainClass} ${exec.appArgs} -Dexec.appArgs= -Dexec.mainClass=com.mycompany.vrsystem.VrSystem -Dexec.executable=C:\Program Files\Java\jdk-23\bin\java.exe -Dmaven.ext.class.path=C:\Program Files\NetBeans-23\netbeans\java\maven-nblib\netbeans-eventspy.jar --no-transfer-progress process-classes org.codehaus.mojo:exec-maven-plugin:3.1.0:exec
java_class_path (initial): C:\Program Files\NetBeans-23\netbeans\java\maven\boot\plexus-classworlds-2.8.0.jar
Launcher Type: SUN_STANDARD

[Global flags]
     intx CICompilerCount                          = 4                                         {product} {ergonomic}
     uint ConcGCThreads                            = 2                                         {product} {ergonomic}
     uint G1ConcRefinementThreads                  = 8                                         {product} {ergonomic}
   size_t G1HeapRegionSize                         = 1048576                                   {product} {ergonomic}
   size_t InitialHeapSize                          = 132120576                                 {product} {ergonomic}
   size_t MarkStackSize                            = 4194304                                   {product} {ergonomic}
   size_t MarkStackSizeMax                         = 536870912                                 {product} {ergonomic}
   size_t MaxHeapSize                              = 2095054848                                {product} {ergonomic}
   size_t MaxNewSize                               = 1256194048                                {product} {ergonomic}
   size_t MinHeapDeltaBytes                        = 1048576                                   {product} {ergonomic}
   size_t MinHeapSize                              = 8388608                                   {product} {ergonomic}
    uintx NonNMethodCodeHeapSize                   = 5832704                                {pd product} {ergonomic}
    uintx NonProfiledCodeHeapSize                  = 122945536                              {pd product} {ergonomic}
    uintx ProfiledCodeHeapSize                     = 122880000                              {pd product} {ergonomic}
    uintx ReservedCodeCacheSize                    = 251658240                              {pd product} {ergonomic}
     bool SegmentedCodeCache                       = true                                      {product} {ergonomic}
   size_t SoftMaxHeapSize                          = 2095054848                             {manageable} {ergonomic}
     bool UseCompressedOops                        = true                           {product lp64_product} {ergonomic}
     bool UseG1GC                                  = true                                      {product} {ergonomic}
     bool UseLargePagesIndividualAllocation        = false                                  {pd product} {ergonomic}

Logging:
Log output configuration:
 #0: stdout all=warning uptime,level,tags foldmultilines=false
 #1: stderr all=off uptime,level,tags foldmultilines=false

Environment Variables:
JAVA_HOME=C:\Program Files\Java\jdk-23
PATH=C:\Program Files\Common Files\Oracle\Java\javapath;C:\Program Files (x86)\Common Files\Oracle\Java\javapath;C:\Program Files (x86)\NVIDIA Corporation\PhysX\Common;C:\WINDOWS\system32;C:\WINDOWS;C:\WINDOWS\System32\Wbem;C:\WINDOWS\System32\WindowsPowerShell\v1.0\;C:\WINDOWS\System32\OpenSSH\;C:\Program Files\Git\cmd;C:\Users\jenina\AppData\Local\Programs\Python\Launcher\;C:\Users\jenina\AppData\Local\Microsoft\WindowsApps;
USERNAME=jenina
OS=Windows_NT
PROCESSOR_IDENTIFIER=Intel64 Family 6 Model 140 Stepping 1, GenuineIntel
TMP=C:\Users\jenina\AppData\Local\Temp
TEMP=C:\Users\jenina\AppData\Local\Temp




Periodic native trim disabled

---------------  S Y S T E M  ---------------

OS:
 Windows 11 , 64 bit Build 22621 (10.0.22621.3958)
OS uptime: 3 days 11:11 hours
Hyper-V role detected

CPU: total 8 (initial active 8) (4 cores per cpu, 2 threads per core) family 6 model 140 stepping 1 microcode 0x8a, cx8, cmov, fxsr, ht, mmx, 3dnowpref, sse, sse2, sse3, ssse3, sse4.1, sse4.2, popcnt, lzcnt, tsc, tscinvbit, avx, avx2, aes, erms, clmul, bmi1, bmi2, adx, avx512f, avx512dq, avx512cd, avx512bw, avx512vl, sha, fma, vzeroupper, avx512_vpopcntdq, avx512_vpclmulqdq, avx512_vaes, avx512_vnni, clflush, clflushopt, clwb, avx512_vbmi2, avx512_vbmi, hv, rdtscp, rdpid, fsrm, gfni, avx512_bitalg, f16c, cet_ibt, cet_ss, avx512_ifma
Processor Information for the first 8 processors :
  Max Mhz: 2419, Current Mhz: 2419, Mhz Limit: 2419

Memory: 4k page, system-wide physical 7991M (714M free)
TotalPageFile size 12991M (AvailPageFile size 4M)
current process WorkingSet (physical memory assigned to process): 118M, peak: 118M
current process commit charge ("private bytes"): 249M, peak: 249M

vm_info: Java HotSpot(TM) 64-Bit Server VM (23+37-2369) for windows-amd64 JRE (23+37-2369), built on 2024-08-20T16:01:23Z with MS VC++ 17.6 (VS2022)

END.
