#
# There is insufficient memory for the Java Runtime Environment to continue.
# Native memory allocation (malloc) failed to allocate 1430096 bytes. Error detail: Chunk::new
# Possible reasons:
#   The system is out of physical RAM or swap space
#   This process is running with CompressedOops enabled, and the Java Heap may be blocking the growth of the native heap
# Possible solutions:
#   Reduce memory load on the system
#   Increase physical memory or swap space
#   Check if swap backing store is full
#   Decrease Java heap size (-Xmx/-Xms)
#   Decrease number of Java threads
#   Decrease Java thread stack sizes (-Xss)
#   Set larger code cache with -XX:ReservedCodeCacheSize=
#   JVM is running with Unscaled Compressed Oops mode in which the Java heap is
#     placed in the first 4GB address space. The Java Heap base address is the
#     maximum limit for the native heap growth. Please use -XX:HeapBaseMinAddress
#     to set the Java Heap base and to place the Java Heap above 4GB virtual address.
# This output file may be truncated or incomplete.
#
#  Out of Memory Error (arena.cpp:149), pid=22784, tid=10100
#
# JRE version: Java(TM) SE Runtime Environment (23.0+37) (build 23+37-2369)
# Java VM: Java HotSpot(TM) 64-Bit Server VM (23+37-2369, mixed mode, sharing, tiered, compressed oops, compressed class ptrs, g1 gc, windows-amd64)
# No core dump will be written. Minidumps are not enabled by default on client versions of Windows
#

---------------  S U M M A R Y ------------

Command Line: -Dclassworlds.conf=C:\Program Files\NetBeans-23\netbeans\java\maven\bin\m2.conf -Dmaven.home=C:\Program Files\NetBeans-23\netbeans\java\maven -Dlibrary.jansi.path=C:\Program Files\NetBeans-23\netbeans\java\maven\lib\jansi-native -Dmaven.multiModuleProjectDirectory=C:\Users\jenina\OneDrive\Documents\NetBeansProjects\VrSystem org.codehaus.plexus.classworlds.launcher.Launcher -Dexec.vmArgs= -Dexec.args=${exec.vmArgs} -classpath %classpath ${exec.mainClass} ${exec.appArgs} -Dexec.appArgs= -Dexec.mainClass=com.mycompany.vrsystem.VrSystem -Dexec.executable=C:\Program Files\Java\jdk-23\bin\java.exe -Dmaven.ext.class.path=C:\Program Files\NetBeans-23\netbeans\java\maven-nblib\netbeans-eventspy.jar --no-transfer-progress process-classes org.codehaus.mojo:exec-maven-plugin:3.1.0:exec

Host: 11th Gen Intel(R) Core(TM) i5-1135G7 @ 2.40GHz, 8 cores, 7G,  Windows 11 , 64 bit Build 22621 (10.0.22621.3958)
Time: Mon Nov 18 23:44:14 2024 Malay Peninsula Standard Time elapsed time: 3.311717 seconds (0d 0h 0m 3s)

---------------  T H R E A D  ---------------

Current thread (0x000002c91984d510):  JavaThread "C2 CompilerThread0" daemon [_thread_in_native, id=10100, stack(0x000000f4a0c00000,0x000000f4a0d00000) (1024K)]


Current CompileTask:
C2:3311 5415       4       com.sun.tools.javac.comp.Resolve::findInheritedMemberType (186 bytes)

Stack: [0x000000f4a0c00000,0x000000f4a0d00000]
Native frames: (J=compiled Java code, j=interpreted, Vv=VM code, C=native code)
V  [jvm.dll+0x6e08a9]  (no source info available)
V  [jvm.dll+0x87da63]  (no source info available)
V  [jvm.dll+0x87feee]  (no source info available)
V  [jvm.dll+0x8805c3]  (no source info available)
V  [jvm.dll+0x27aee6]  (no source info available)
V  [jvm.dll+0xbc06f]  (no source info available)
V  [jvm.dll+0xbc2cb]  (no source info available)
V  [jvm.dll+0x3b3a62]  (no source info available)
V  [jvm.dll+0x1dc19c]  (no source info available)
V  [jvm.dll+0x244be5]  (no source info available)
V  [jvm.dll+0x243dff]  (no source info available)
V  [jvm.dll+0x1c33a0]  (no source info available)
V  [jvm.dll+0x253cf1]  (no source info available)
V  [jvm.dll+0x251faa]  (no source info available)
V  [jvm.dll+0x3ee036]  (no source info available)
V  [jvm.dll+0x824f1b]  (no source info available)
V  [jvm.dll+0x6df055]  (no source info available)
C  [ucrtbase.dll+0x29333]  (no source info available)
C  [KERNEL32.DLL+0x1257d]  (no source info available)
C  [ntdll.dll+0x5af08]  (no source info available)

Lock stack of current Java thread (top to bottom):


---------------  P R O C E S S  ---------------

Threads class SMR info:
_java_thread_list=0x000002c95fcdbcf0, length=13, elements={
0x000002c97ad61840, 0x000002c91983d6a0, 0x000002c91983f4d0, 0x000002c9198412a0,
0x000002c919843f20, 0x000002c919847580, 0x000002c919848640, 0x000002c91984d510,
0x000002c91984f020, 0x000002c95f1942e0, 0x000002c95f199580, 0x000002c919850490,
0x000002c919851fd0
}

Java Threads: ( => current thread )
  0x000002c97ad61840 JavaThread "main"                              [_thread_in_vm, id=25312, stack(0x000000f49fe00000,0x000000f49ff00000) (1024K)]
  0x000002c91983d6a0 JavaThread "Reference Handler"          daemon [_thread_blocked, id=20872, stack(0x000000f4a0600000,0x000000f4a0700000) (1024K)]
  0x000002c91983f4d0 JavaThread "Finalizer"                  daemon [_thread_blocked, id=24508, stack(0x000000f4a0700000,0x000000f4a0800000) (1024K)]
  0x000002c9198412a0 JavaThread "Signal Dispatcher"          daemon [_thread_blocked, id=6432, stack(0x000000f4a0800000,0x000000f4a0900000) (1024K)]
  0x000002c919843f20 JavaThread "Attach Listener"            daemon [_thread_blocked, id=19448, stack(0x000000f4a0900000,0x000000f4a0a00000) (1024K)]
  0x000002c919847580 JavaThread "Service Thread"             daemon [_thread_blocked, id=21164, stack(0x000000f4a0a00000,0x000000f4a0b00000) (1024K)]
  0x000002c919848640 JavaThread "Monitor Deflation Thread"   daemon [_thread_blocked, id=11536, stack(0x000000f4a0b00000,0x000000f4a0c00000) (1024K)]
=>0x000002c91984d510 JavaThread "C2 CompilerThread0"         daemon [_thread_in_native, id=10100, stack(0x000000f4a0c00000,0x000000f4a0d00000) (1024K)]
  0x000002c91984f020 JavaThread "C1 CompilerThread0"         daemon [_thread_blocked, id=15876, stack(0x000000f4a0d00000,0x000000f4a0e00000) (1024K)]
  0x000002c95f1942e0 JavaThread "Notification Thread"        daemon [_thread_blocked, id=25232, stack(0x000000f4a0e00000,0x000000f4a0f00000) (1024K)]
  0x000002c95f199580 JavaThread "Common-Cleaner"             daemon [_thread_blocked, id=18220, stack(0x000000f4a0f00000,0x000000f4a1000000) (1024K)]
  0x000002c919850490 JavaThread "C2 CompilerThread1"         daemon [_thread_in_native, id=15836, stack(0x000000f4a1000000,0x000000f4a1100000) (1024K)]
  0x000002c919851fd0 JavaThread "C2 CompilerThread2"         daemon [_thread_in_native, id=1196, stack(0x000000f4a1100000,0x000000f4a1200000) (1024K)]
Total: 13

Other Threads:
  0x000002c9198253a0 VMThread "VM Thread"                           [id=24376, stack(0x000000f4a0500000,0x000000f4a0600000) (1024K)]
  0x000002c919813fb0 WatcherThread "VM Periodic Task Thread"        [id=11856, stack(0x000000f4a0400000,0x000000f4a0500000) (1024K)]
  0x000002c97d064fd0 WorkerThread "GC Thread#0"                     [id=25104, stack(0x000000f49ff00000,0x000000f4a0000000) (1024K)]
  0x000002c960b05fd0 WorkerThread "GC Thread#1"                     [id=23976, stack(0x000000f4a1200000,0x000000f4a1300000) (1024K)]
  0x000002c960b06790 WorkerThread "GC Thread#2"                     [id=3312, stack(0x000000f4a1300000,0x000000f4a1400000) (1024K)]
  0x000002c960236930 WorkerThread "GC Thread#3"                     [id=18508, stack(0x000000f4a1400000,0x000000f4a1500000) (1024K)]
  0x000002c960236ce0 WorkerThread "GC Thread#4"                     [id=19360, stack(0x000000f4a1500000,0x000000f4a1600000) (1024K)]
  0x000002c96060ab80 WorkerThread "GC Thread#5"                     [id=23424, stack(0x000000f4a1600000,0x000000f4a1700000) (1024K)]
  0x000002c96060a070 WorkerThread "GC Thread#6"                     [id=22524, stack(0x000000f4a1700000,0x000000f4a1800000) (1024K)]
  0x000002c960609cc0 WorkerThread "GC Thread#7"                     [id=24684, stack(0x000000f4a1800000,0x000000f4a1900000) (1024K)]
  0x000002c97d079760 ConcurrentGCThread "G1 Main Marker"            [id=23980, stack(0x000000f4a0000000,0x000000f4a0100000) (1024K)]
  0x000002c97d07a180 WorkerThread "G1 Conc#0"                       [id=24212, stack(0x000000f4a0100000,0x000000f4a0200000) (1024K)]
  0x000002c9600710e0 WorkerThread "G1 Conc#1"                       [id=13364, stack(0x000000f4a1900000,0x000000f4a1a00000) (1024K)]
  0x000002c9196e6710 ConcurrentGCThread "G1 Refine#0"               [id=21240, stack(0x000000f4a0200000,0x000000f4a0300000) (1024K)]
  0x000002c9196e6f40 ConcurrentGCThread "G1 Service"                [id=7136, stack(0x000000f4a0300000,0x000000f4a0400000) (1024K)]
Total: 15

Threads with active compile tasks:
C2 CompilerThread0  3353 5415       4       com.sun.tools.javac.comp.Resolve::findInheritedMemberType (186 bytes)
C2 CompilerThread1  3353 6006       4       com.sun.tools.javac.code.Types::union (134 bytes)
C2 CompilerThread2  3353 6087       4       com.sun.tools.javac.tree.TreeInfo::getStartPos (760 bytes)
Total: 3

VM state: not at safepoint (normal execution)

VM Mutex/Monitor currently owned by a thread: None

Heap address: 0x0000000083200000, size: 1998 MB, Compressed Oops mode: 32-bit

CDS archive(s) mapped at: [0x000002c91a000000-0x000002c91ad70000-0x000002c91ad70000), size 14090240, SharedBaseAddress: 0x000002c91a000000, ArchiveRelocationMode: 1.
Compressed class space mapped at: 0x000002c91b000000-0x000002c95b000000, reserved size: 1073741824
Narrow klass base: 0x000002c91a000000, Narrow klass shift: 0, Narrow klass range: 0x41000000

GC Precious Log:
 CardTable entry size: 512
 Card Set container configuration: InlinePtr #cards 5 size 8 Array Of Cards #cards 10 size 36 Howl #buckets 4 coarsen threshold 1843 Howl Bitmap #cards 512 size 80 coarsen threshold 460 Card regions per heap region 1 cards per card region 2048
 CPUs: 8 total, 8 available
 Memory: 7991M
 Large Page Support: Disabled
 NUMA Support: Disabled
 Compressed Oops: Enabled (32-bit)
 Heap Region Size: 1M
 Heap Min Capacity: 8M
 Heap Initial Capacity: 126M
 Heap Max Capacity: 1998M
 Pre-touch: Disabled
 Parallel Workers: 8
 Concurrent Workers: 2
 Concurrent Refinement Workers: 8
 Periodic GC: Disabled

Heap:
 garbage-first heap   total reserved 2045952K, committed 77824K, used 31744K [0x0000000083200000, 0x0000000100000000)
  region size 1024K, 15 young (15360K), 7 survivors (7168K)
 Metaspace       used 27427K, committed 27776K, reserved 1114112K
  class space    used 3300K, committed 3456K, reserved 1048576K

Heap Regions: E=young(eden), S=young(survivor), O=old, HS=humongous(starts), HC=humongous(continues), CS=collection set, F=free, TAMS=top-at-mark-start, PB=parsable bottom
|   0|0x0000000083200000, 0x0000000083300000, 0x0000000083300000|100%| O|  |TAMS 0x0000000083200000| PB 0x0000000083200000| Untracked |  0
|   1|0x0000000083300000, 0x0000000083400000, 0x0000000083400000|100%| O|  |TAMS 0x0000000083300000| PB 0x0000000083300000| Untracked |  0
|   2|0x0000000083400000, 0x0000000083500000, 0x0000000083500000|100%| O|  |TAMS 0x0000000083400000| PB 0x0000000083400000| Untracked |  0
|   3|0x0000000083500000, 0x0000000083600000, 0x0000000083600000|100%| O|Cm|TAMS 0x0000000083500000| PB 0x0000000083500000| Complete |  0
|   4|0x0000000083600000, 0x0000000083600000, 0x0000000083700000|  0%| F|  |TAMS 0x0000000083600000| PB 0x0000000083600000| Untracked |  0
|   5|0x0000000083700000, 0x0000000083700000, 0x0000000083800000|  0%| F|  |TAMS 0x0000000083700000| PB 0x0000000083700000| Untracked |  0
|   6|0x0000000083800000, 0x0000000083900000, 0x0000000083900000|100%|HS|  |TAMS 0x0000000083800000| PB 0x0000000083800000| Complete |  0
|   7|0x0000000083900000, 0x0000000083a00000, 0x0000000083a00000|100%|HC|  |TAMS 0x0000000083900000| PB 0x0000000083900000| Complete |  0
|   8|0x0000000083a00000, 0x0000000083b00000, 0x0000000083b00000|100%| O|  |TAMS 0x0000000083a00000| PB 0x0000000083a00000| Untracked |  0
|   9|0x0000000083b00000, 0x0000000083c00000, 0x0000000083c00000|100%| O|  |TAMS 0x0000000083b00000| PB 0x0000000083b00000| Untracked |  0
|  10|0x0000000083c00000, 0x0000000083d00000, 0x0000000083d00000|100%| O|  |TAMS 0x0000000083c00000| PB 0x0000000083c00000| Untracked |  0
|  11|0x0000000083d00000, 0x0000000083e00000, 0x0000000083e00000|100%| O|  |TAMS 0x0000000083d00000| PB 0x0000000083d00000| Untracked |  0
|  12|0x0000000083e00000, 0x0000000083f00000, 0x0000000083f00000|100%| O|  |TAMS 0x0000000083e00000| PB 0x0000000083e00000| Untracked |  0
|  13|0x0000000083f00000, 0x0000000084000000, 0x0000000084000000|100%| O|  |TAMS 0x0000000083f00000| PB 0x0000000083f00000| Untracked |  0
|  14|0x0000000084000000, 0x0000000084000000, 0x0000000084100000|  0%| F|  |TAMS 0x0000000084000000| PB 0x0000000084000000| Untracked |  0
|  15|0x0000000084100000, 0x0000000084100000, 0x0000000084200000|  0%| F|  |TAMS 0x0000000084100000| PB 0x0000000084100000| Untracked |  0
|  16|0x0000000084200000, 0x0000000084200000, 0x0000000084300000|  0%| F|  |TAMS 0x0000000084200000| PB 0x0000000084200000| Untracked |  0
|  17|0x0000000084300000, 0x0000000084300000, 0x0000000084400000|  0%| F|  |TAMS 0x0000000084300000| PB 0x0000000084300000| Untracked |  0
|  18|0x0000000084400000, 0x0000000084400000, 0x0000000084500000|  0%| F|  |TAMS 0x0000000084400000| PB 0x0000000084400000| Untracked |  0
|  19|0x0000000084500000, 0x0000000084500000, 0x0000000084600000|  0%| F|  |TAMS 0x0000000084500000| PB 0x0000000084500000| Untracked |  0
|  20|0x0000000084600000, 0x0000000084600000, 0x0000000084700000|  0%| F|  |TAMS 0x0000000084600000| PB 0x0000000084600000| Untracked |  0
|  21|0x0000000084700000, 0x0000000084700000, 0x0000000084800000|  0%| F|  |TAMS 0x0000000084700000| PB 0x0000000084700000| Untracked |  0
|  22|0x0000000084800000, 0x0000000084800000, 0x0000000084900000|  0%| F|  |TAMS 0x0000000084800000| PB 0x0000000084800000| Untracked |  0
|  23|0x0000000084900000, 0x0000000084900000, 0x0000000084a00000|  0%| F|  |TAMS 0x0000000084900000| PB 0x0000000084900000| Untracked |  0
|  24|0x0000000084a00000, 0x0000000084a00000, 0x0000000084b00000|  0%| F|  |TAMS 0x0000000084a00000| PB 0x0000000084a00000| Untracked |  0
|  25|0x0000000084b00000, 0x0000000084b00000, 0x0000000084c00000|  0%| F|  |TAMS 0x0000000084b00000| PB 0x0000000084b00000| Untracked |  0
|  26|0x0000000084c00000, 0x0000000084c00000, 0x0000000084d00000|  0%| F|  |TAMS 0x0000000084c00000| PB 0x0000000084c00000| Untracked |  0
|  27|0x0000000084d00000, 0x0000000084d00000, 0x0000000084e00000|  0%| F|  |TAMS 0x0000000084d00000| PB 0x0000000084d00000| Untracked |  0
|  28|0x0000000084e00000, 0x0000000084e00000, 0x0000000084f00000|  0%| F|  |TAMS 0x0000000084e00000| PB 0x0000000084e00000| Untracked |  0
|  29|0x0000000084f00000, 0x0000000084f00000, 0x0000000085000000|  0%| F|  |TAMS 0x0000000084f00000| PB 0x0000000084f00000| Untracked |  0
|  30|0x0000000085000000, 0x0000000085000000, 0x0000000085100000|  0%| F|  |TAMS 0x0000000085000000| PB 0x0000000085000000| Untracked |  0
|  31|0x0000000085100000, 0x0000000085100000, 0x0000000085200000|  0%| F|  |TAMS 0x0000000085100000| PB 0x0000000085100000| Untracked |  0
|  32|0x0000000085200000, 0x0000000085200000, 0x0000000085300000|  0%| F|  |TAMS 0x0000000085200000| PB 0x0000000085200000| Untracked |  0
|  33|0x0000000085300000, 0x0000000085300000, 0x0000000085400000|  0%| F|  |TAMS 0x0000000085300000| PB 0x0000000085300000| Untracked |  0
|  34|0x0000000085400000, 0x0000000085400000, 0x0000000085500000|  0%| F|  |TAMS 0x0000000085400000| PB 0x0000000085400000| Untracked |  0
|  35|0x0000000085500000, 0x0000000085500000, 0x0000000085600000|  0%| F|  |TAMS 0x0000000085500000| PB 0x0000000085500000| Untracked |  0
|  36|0x0000000085600000, 0x0000000085600000, 0x0000000085700000|  0%| F|  |TAMS 0x0000000085600000| PB 0x0000000085600000| Untracked |  0
|  37|0x0000000085700000, 0x0000000085700000, 0x0000000085800000|  0%| F|  |TAMS 0x0000000085700000| PB 0x0000000085700000| Untracked |  0
|  38|0x0000000085800000, 0x0000000085800000, 0x0000000085900000|  0%| F|  |TAMS 0x0000000085800000| PB 0x0000000085800000| Untracked |  0
|  39|0x0000000085900000, 0x0000000085900000, 0x0000000085a00000|  0%| F|  |TAMS 0x0000000085900000| PB 0x0000000085900000| Untracked |  0
|  40|0x0000000085a00000, 0x0000000085a00000, 0x0000000085b00000|  0%| F|  |TAMS 0x0000000085a00000| PB 0x0000000085a00000| Untracked |  0
|  41|0x0000000085b00000, 0x0000000085b00000, 0x0000000085c00000|  0%| F|  |TAMS 0x0000000085b00000| PB 0x0000000085b00000| Untracked |  0
|  42|0x0000000085c00000, 0x0000000085c00000, 0x0000000085d00000|  0%| F|  |TAMS 0x0000000085c00000| PB 0x0000000085c00000| Untracked |  0
|  43|0x0000000085d00000, 0x0000000085d00000, 0x0000000085e00000|  0%| F|  |TAMS 0x0000000085d00000| PB 0x0000000085d00000| Untracked |  0
|  44|0x0000000085e00000, 0x0000000085e00000, 0x0000000085f00000|  0%| F|  |TAMS 0x0000000085e00000| PB 0x0000000085e00000| Untracked |  0
|  45|0x0000000085f00000, 0x0000000085f00000, 0x0000000086000000|  0%| F|  |TAMS 0x0000000085f00000| PB 0x0000000085f00000| Untracked |  0
|  46|0x0000000086000000, 0x0000000086000000, 0x0000000086100000|  0%| F|  |TAMS 0x0000000086000000| PB 0x0000000086000000| Untracked |  0
|  47|0x0000000086100000, 0x0000000086100000, 0x0000000086200000|  0%| F|  |TAMS 0x0000000086100000| PB 0x0000000086100000| Untracked |  0
|  48|0x0000000086200000, 0x0000000086200000, 0x0000000086300000|  0%| F|  |TAMS 0x0000000086200000| PB 0x0000000086200000| Untracked |  0
|  49|0x0000000086300000, 0x0000000086300000, 0x0000000086400000|  0%| F|  |TAMS 0x0000000086300000| PB 0x0000000086300000| Untracked |  0
|  50|0x0000000086400000, 0x0000000086400000, 0x0000000086500000|  0%| F|  |TAMS 0x0000000086400000| PB 0x0000000086400000| Untracked |  0
|  51|0x0000000086500000, 0x0000000086500000, 0x0000000086600000|  0%| F|  |TAMS 0x0000000086500000| PB 0x0000000086500000| Untracked |  0
|  52|0x0000000086600000, 0x0000000086600000, 0x0000000086700000|  0%| F|  |TAMS 0x0000000086600000| PB 0x0000000086600000| Untracked |  0
|  53|0x0000000086700000, 0x0000000086700000, 0x0000000086800000|  0%| F|  |TAMS 0x0000000086700000| PB 0x0000000086700000| Untracked |  0
|  54|0x0000000086800000, 0x0000000086800000, 0x0000000086900000|  0%| F|  |TAMS 0x0000000086800000| PB 0x0000000086800000| Untracked |  0
|  55|0x0000000086900000, 0x0000000086900000, 0x0000000086a00000|  0%| F|  |TAMS 0x0000000086900000| PB 0x0000000086900000| Untracked |  0
|  56|0x0000000086a00000, 0x0000000086a80000, 0x0000000086b00000| 50%| E|  |TAMS 0x0000000086a00000| PB 0x0000000086a00000| Complete |  0
|  57|0x0000000086b00000, 0x0000000086c00000, 0x0000000086c00000|100%| E|CS|TAMS 0x0000000086b00000| PB 0x0000000086b00000| Complete |  0
|  58|0x0000000086c00000, 0x0000000086d00000, 0x0000000086d00000|100%| S|CS|TAMS 0x0000000086c00000| PB 0x0000000086c00000| Complete |  0
|  59|0x0000000086d00000, 0x0000000086e00000, 0x0000000086e00000|100%| S|CS|TAMS 0x0000000086d00000| PB 0x0000000086d00000| Complete |  0
|  60|0x0000000086e00000, 0x0000000086f00000, 0x0000000086f00000|100%| S|CS|TAMS 0x0000000086e00000| PB 0x0000000086e00000| Complete |  0
|  61|0x0000000086f00000, 0x0000000087000000, 0x0000000087000000|100%| S|CS|TAMS 0x0000000086f00000| PB 0x0000000086f00000| Complete |  0
|  62|0x0000000087000000, 0x0000000087100000, 0x0000000087100000|100%| S|CS|TAMS 0x0000000087000000| PB 0x0000000087000000| Complete |  0
|  63|0x0000000087100000, 0x0000000087200000, 0x0000000087200000|100%| S|CS|TAMS 0x0000000087100000| PB 0x0000000087100000| Complete |  0
|  64|0x0000000087200000, 0x0000000087300000, 0x0000000087300000|100%| S|CS|TAMS 0x0000000087200000| PB 0x0000000087200000| Complete |  0
| 101|0x0000000089700000, 0x0000000089800000, 0x0000000089800000|100%| E|CS|TAMS 0x0000000089700000| PB 0x0000000089700000| Complete |  0
| 102|0x0000000089800000, 0x0000000089900000, 0x0000000089900000|100%| E|CS|TAMS 0x0000000089800000| PB 0x0000000089800000| Complete |  0
| 103|0x0000000089900000, 0x0000000089a00000, 0x0000000089a00000|100%| E|CS|TAMS 0x0000000089900000| PB 0x0000000089900000| Complete |  0
| 104|0x0000000089a00000, 0x0000000089b00000, 0x0000000089b00000|100%| E|CS|TAMS 0x0000000089a00000| PB 0x0000000089a00000| Complete |  0
| 105|0x0000000089b00000, 0x0000000089c00000, 0x0000000089c00000|100%| E|CS|TAMS 0x0000000089b00000| PB 0x0000000089b00000| Complete |  0
| 125|0x000000008af00000, 0x000000008b000000, 0x000000008b000000|100%| E|CS|TAMS 0x000000008af00000| PB 0x000000008af00000| Complete |  0
|1993|0x00000000ffb00000, 0x00000000ffc00000, 0x00000000ffc00000|100%| O|  |TAMS 0x00000000ffb00000| PB 0x00000000ffb00000| Untracked |  0
|1994|0x00000000ffc00000, 0x00000000ffd00000, 0x00000000ffd00000|100%| O|  |TAMS 0x00000000ffc00000| PB 0x00000000ffc00000| Untracked |  0
|1995|0x00000000ffd00000, 0x00000000ffe00000, 0x00000000ffe00000|100%| O|  |TAMS 0x00000000ffd00000| PB 0x00000000ffd00000| Untracked |  0
|1996|0x00000000ffe00000, 0x00000000fff00000, 0x00000000fff00000|100%| O|  |TAMS 0x00000000ffe00000| PB 0x00000000ffe00000| Untracked |  0
|1997|0x00000000fff00000, 0x0000000100000000, 0x0000000100000000|100%| O|  |TAMS 0x00000000fff00000| PB 0x00000000fff00000| Untracked |  0

Card table byte_map: [0x000002c97d7f0000,0x000002c97dbe0000] _byte_map_base: 0x000002c97d3d7000

Marking Bits: (CMBitMap*) 0x000002c97d0655f0
 Bits: [0x000002c97dbe0000, 0x000002c97fb18000)

Polling page: 0x000002c97ae90000

Metaspace:

Usage:
  Non-class:     23.57 MB used.
      Class:      3.22 MB used.
       Both:     26.79 MB used.

Virtual space:
  Non-class space:       64.00 MB reserved,      23.75 MB ( 37%) committed,  1 nodes.
      Class space:        1.00 GB reserved,       3.38 MB ( <1%) committed,  1 nodes.
             Both:        1.06 GB reserved,      27.12 MB (  2%) committed. 

Chunk freelists:
   Non-Class:  8.03 MB
       Class:  12.63 MB
        Both:  20.66 MB

MaxMetaspaceSize: unlimited
CompressedClassSpaceSize: 1.00 GB
Initial GC threshold: 21.00 MB
Current GC threshold: 35.44 MB
CDS: on
 - commit_granule_bytes: 65536.
 - commit_granule_words: 8192.
 - virtual_space_node_default_size: 8388608.
 - enlarge_chunks_in_place: 1.
 - use_allocation_guard: 0.


Internal statistics:

num_allocs_failed_limit: 3.
num_arena_births: 264.
num_arena_deaths: 0.
num_vsnodes_births: 2.
num_vsnodes_deaths: 0.
num_space_committed: 434.
num_space_uncommitted: 0.
num_chunks_returned_to_freelist: 3.
num_chunks_taken_from_freelist: 1214.
num_chunk_merges: 3.
num_chunk_splits: 876.
num_chunks_enlarged: 705.
num_inconsistent_stats: 0.

CodeHeap 'non-profiled nmethods': size=120064Kb used=2181Kb max_used=2181Kb free=117882Kb
 bounds [0x000002c910130000, 0x000002c9103a0000, 0x000002c917670000]
CodeHeap 'profiled nmethods': size=120000Kb used=9964Kb max_used=9964Kb free=110035Kb
 bounds [0x000002c908670000, 0x000002c909030000, 0x000002c90fba0000]
CodeHeap 'non-nmethods': size=5696Kb used=1581Kb max_used=1651Kb free=4114Kb
 bounds [0x000002c90fba0000, 0x000002c90fe10000, 0x000002c910130000]
CodeCache: size=245760Kb, used=13726Kb, max_used=13796Kb, free=232031Kb
 total_blobs=6628, nmethods=6079, adapters=453, full_count=0
Compilation: enabled, stopped_count=0, restarted_count=0

Compilation events (20 events):
Event: 3.293 Thread 0x000002c91984f020 6039       3       com.sun.tools.javac.comp.ArgumentAttr$UniquePos::equals (40 bytes)
Event: 3.293 Thread 0x000002c91984f020 nmethod 6039 0x000002c909011f08 code [0x000002c909012020, 0x000002c909012390]
Event: 3.294 Thread 0x000002c91984f020 6040       3       com.sun.tools.javac.comp.Check::checkClassBounds (204 bytes)
Event: 3.295 Thread 0x000002c91984f020 nmethod 6040 0x000002c909012408 code [0x000002c909012700, 0x000002c9090140f8]
Event: 3.297 Thread 0x000002c91984f020 6041       3       com.sun.tools.javac.util.Utf8NameTable::equals (27 bytes)
Event: 3.297 Thread 0x000002c91984f020 nmethod 6041 0x000002c909014188 code [0x000002c9090142c0, 0x000002c909014520]
Event: 3.297 Thread 0x000002c91984f020 6042       3       com.sun.tools.javac.code.Scope$CompoundScope$$Lambda/0x000002c91b334348::iterator (16 bytes)
Event: 3.298 Thread 0x000002c91984f020 nmethod 6042 0x000002c909014588 code [0x000002c909014760, 0x000002c909015320]
Event: 3.298 Thread 0x000002c91984f020 6043       3       com.sun.tools.javac.code.Scope$CompoundScope::lambda$getSymbols$1 (15 bytes)
Event: 3.299 Thread 0x000002c91984f020 nmethod 6043 0x000002c909015408 code [0x000002c9090155e0, 0x000002c909016130]
Event: 3.299 Thread 0x000002c91984f020 6044       3       com.sun.tools.javac.code.Scope$CompoundScope$$Lambda/0x000002c91b334590::<init> (15 bytes)
Event: 3.299 Thread 0x000002c91984f020 nmethod 6044 0x000002c909016208 code [0x000002c909016320, 0x000002c909016540]
Event: 3.299 Thread 0x000002c91984f020 6047       3       com.sun.tools.javac.util.UnsharedNameTable::fromValidUtf (224 bytes)
Event: 3.300 Thread 0x000002c91984f020 nmethod 6047 0x000002c909016588 code [0x000002c909016800, 0x000002c909017da8]
Event: 3.300 Thread 0x000002c91984f020 6048       3       com.sun.tools.javac.comp.Attr::attribStats (31 bytes)
Event: 3.300 Thread 0x000002c91984f020 nmethod 6048 0x000002c909017e88 code [0x000002c909017fc0, 0x000002c9090183f0]
Event: 3.300 Thread 0x000002c91984f020 6045       1       com.sun.tools.javac.code.Type::isNumeric (2 bytes)
Event: 3.300 Thread 0x000002c91984f020 nmethod 6045 0x000002c910348d08 code [0x000002c910348e20, 0x000002c910348ee8]
Event: 3.301 Thread 0x000002c91984f020 6050       3       com.sun.tools.javac.comp.Annotate$Queues::<init> (26 bytes)
Event: 3.301 Thread 0x000002c91984f020 nmethod 6050 0x000002c909018488 code [0x000002c9090185c0, 0x000002c909018898]

GC Heap History (10 events):
Event: 0.524 GC heap before
{Heap before GC invocations=0 (full 0):
 garbage-first heap   total reserved 2045952K, committed 129024K, used 24576K [0x0000000083200000, 0x0000000100000000)
  region size 1024K, 24 young (24576K), 0 survivors (0K)
 Metaspace       used 5921K, committed 6144K, reserved 1114112K
  class space    used 731K, committed 832K, reserved 1048576K
}
Event: 0.529 GC heap after
{Heap after GC invocations=1 (full 0):
 garbage-first heap   total reserved 2045952K, committed 129024K, used 3801K [0x0000000083200000, 0x0000000100000000)
  region size 1024K, 3 young (3072K), 3 survivors (3072K)
 Metaspace       used 5921K, committed 6144K, reserved 1114112K
  class space    used 731K, committed 832K, reserved 1048576K
}
Event: 0.860 GC heap before
{Heap before GC invocations=1 (full 0):
 garbage-first heap   total reserved 2045952K, committed 129024K, used 27353K [0x0000000083200000, 0x0000000100000000)
  region size 1024K, 26 young (26624K), 3 survivors (3072K)
 Metaspace       used 8619K, committed 8832K, reserved 1114112K
  class space    used 1048K, committed 1152K, reserved 1048576K
}
Event: 0.865 GC heap after
{Heap after GC invocations=2 (full 0):
 garbage-first heap   total reserved 2045952K, committed 129024K, used 5066K [0x0000000083200000, 0x0000000100000000)
  region size 1024K, 2 young (2048K), 2 survivors (2048K)
 Metaspace       used 8619K, committed 8832K, reserved 1114112K
  class space    used 1048K, committed 1152K, reserved 1048576K
}
Event: 2.001 GC heap before
{Heap before GC invocations=2 (full 0):
 garbage-first heap   total reserved 2045952K, committed 129024K, used 64458K [0x0000000083200000, 0x0000000100000000)
  region size 1024K, 61 young (62464K), 2 survivors (2048K)
 Metaspace       used 16680K, committed 16896K, reserved 1114112K
  class space    used 2063K, committed 2176K, reserved 1048576K
}
Event: 2.010 GC heap after
{Heap after GC invocations=3 (full 0):
 garbage-first heap   total reserved 2045952K, committed 129024K, used 10374K [0x0000000083200000, 0x0000000100000000)
  region size 1024K, 7 young (7168K), 7 survivors (7168K)
 Metaspace       used 16680K, committed 16896K, reserved 1114112K
  class space    used 2063K, committed 2176K, reserved 1048576K
}
Event: 2.359 GC heap before
{Heap before GC invocations=3 (full 0):
 garbage-first heap   total reserved 2045952K, committed 129024K, used 33926K [0x0000000083200000, 0x0000000100000000)
  region size 1024K, 27 young (27648K), 7 survivors (7168K)
 Metaspace       used 21227K, committed 21504K, reserved 1114112K
  class space    used 2656K, committed 2816K, reserved 1048576K
}
Event: 2.369 GC heap after
{Heap after GC invocations=4 (full 0):
 garbage-first heap   total reserved 2045952K, committed 129024K, used 19272K [0x0000000083200000, 0x0000000100000000)
  region size 1024K, 5 young (5120K), 5 survivors (5120K)
 Metaspace       used 21227K, committed 21504K, reserved 1114112K
  class space    used 2656K, committed 2816K, reserved 1048576K
}
Event: 3.270 GC heap before
{Heap before GC invocations=5 (full 0):
 garbage-first heap   total reserved 2045952K, committed 65536K, used 65352K [0x0000000083200000, 0x0000000100000000)
  region size 1024K, 50 young (51200K), 5 survivors (5120K)
 Metaspace       used 27392K, committed 27712K, reserved 1114112K
  class space    used 3300K, committed 3456K, reserved 1048576K
}
Event: 3.288 GC heap after
{Heap after GC invocations=6 (full 0):
 garbage-first heap   total reserved 2045952K, committed 77824K, used 24576K [0x0000000083200000, 0x0000000100000000)
  region size 1024K, 7 young (7168K), 7 survivors (7168K)
 Metaspace       used 27392K, committed 27712K, reserved 1114112K
  class space    used 3300K, committed 3456K, reserved 1048576K
}

Dll operation events (8 events):
Event: 0.007 Loaded shared library C:\Program Files\Java\jdk-23\bin\java.dll
Event: 0.035 Loaded shared library C:\Program Files\Java\jdk-23\bin\jsvml.dll
Event: 0.047 Loaded shared library C:\Program Files\Java\jdk-23\bin\net.dll
Event: 0.048 Loaded shared library C:\Program Files\Java\jdk-23\bin\nio.dll
Event: 0.051 Loaded shared library C:\Program Files\Java\jdk-23\bin\zip.dll
Event: 0.150 Loaded shared library C:\Program Files\Java\jdk-23\bin\jimage.dll
Event: 0.151 Loaded shared library C:\Program Files\NetBeans-23\netbeans\java\maven\lib\jansi-native\Windows\x86_64\jansi.dll
Event: 0.159 Loaded shared library C:\Program Files\Java\jdk-23\bin\verify.dll

Deoptimization events (20 events):
Event: 3.047 Thread 0x000002c97ad61840 Uncommon trap: trap_request=0xffffff45 fr.pc=0x000002c9102aa960 relative=0x0000000000000120
Event: 3.047 Thread 0x000002c97ad61840 Uncommon trap: reason=unstable_if action=reinterpret pc=0x000002c9102aa960 method=java.util.HashMap.getNode(Ljava/lang/Object;)Ljava/util/HashMap$Node; @ 66 c2
Event: 3.047 Thread 0x000002c97ad61840 DEOPT PACKING pc=0x000002c9102aa960 sp=0x000000f49fefd460
Event: 3.047 Thread 0x000002c97ad61840 DEOPT UNPACKING pc=0x000002c90fbf7982 sp=0x000000f49fefd360 mode 2
Event: 3.087 Thread 0x000002c97ad61840 DEOPT PACKING pc=0x000002c908edc624 sp=0x000000f49fefc830
Event: 3.087 Thread 0x000002c97ad61840 DEOPT UNPACKING pc=0x000002c90fbf84c2 sp=0x000000f49fefbdb0 mode 1
Event: 3.186 Thread 0x000002c97ad61840 DEOPT PACKING pc=0x000002c910311f88 sp=0x000000f49fefbb70
Event: 3.186 Thread 0x000002c97ad61840 DEOPT UNPACKING pc=0x000002c90fbf84c2 sp=0x000000f49fefafa0 mode 0
Event: 3.236 Thread 0x000002c97ad61840 Uncommon trap: trap_request=0xffffff45 fr.pc=0x000002c91033546c relative=0x00000000000075ac
Event: 3.236 Thread 0x000002c97ad61840 Uncommon trap: reason=unstable_if action=reinterpret pc=0x000002c91033546c method=com.sun.tools.javac.jvm.ClassReader.classSigToType()Lcom/sun/tools/javac/code/Type; @ 235 c2
Event: 3.236 Thread 0x000002c97ad61840 DEOPT PACKING pc=0x000002c91033546c sp=0x000000f49fef9ac0
Event: 3.236 Thread 0x000002c97ad61840 DEOPT UNPACKING pc=0x000002c90fbf7982 sp=0x000000f49fef9af0 mode 2
Event: 3.297 Thread 0x000002c97ad61840 Uncommon trap: trap_request=0xfffffff4 fr.pc=0x000002c9102e5a90 relative=0x0000000000000b10
Event: 3.297 Thread 0x000002c97ad61840 Uncommon trap: reason=null_check action=make_not_entrant pc=0x000002c9102e5a90 method=com.sun.tools.javac.util.UnsharedNameTable.fromValidUtf([BII)Lcom/sun/tools/javac/util/Name; @ 42 c2
Event: 3.297 Thread 0x000002c97ad61840 DEOPT PACKING pc=0x000002c9102e5a90 sp=0x000000f49fefc470
Event: 3.297 Thread 0x000002c97ad61840 DEOPT UNPACKING pc=0x000002c90fbf7982 sp=0x000000f49fefc428 mode 2
Event: 3.300 Thread 0x000002c97ad61840 DEOPT PACKING pc=0x000002c908cb36f4 sp=0x000000f49fef9b00
Event: 3.300 Thread 0x000002c97ad61840 DEOPT UNPACKING pc=0x000002c90fbf84c2 sp=0x000000f49fef8f88 mode 0
Event: 3.308 Thread 0x000002c97ad61840 DEOPT PACKING pc=0x000002c908cb36f4 sp=0x000000f49fef5ab0
Event: 3.308 Thread 0x000002c97ad61840 DEOPT UNPACKING pc=0x000002c90fbf84c2 sp=0x000000f49fef4f38 mode 0

Classes loaded (20 events):
Event: 2.619 Loading class sun/nio/fs/BasicFileAttributesHolder
Event: 2.619 Loading class sun/nio/fs/BasicFileAttributesHolder done
Event: 2.639 Loading class java/util/ComparableTimSort
Event: 2.639 Loading class java/util/ComparableTimSort done
Event: 2.641 Loading class java/nio/file/Files$2
Event: 2.641 Loading class java/nio/file/Files$2 done
Event: 2.642 Loading class sun/nio/fs/WindowsPath$WindowsPathWithAttributes
Event: 2.642 Loading class sun/nio/fs/WindowsPath$WindowsPathWithAttributes done
Event: 2.657 Loading class java/nio/file/FileTreeWalker$1
Event: 2.657 Loading class java/nio/file/FileTreeWalker$1 done
Event: 2.856 Loading class java/util/function/ToIntBiFunction
Event: 2.856 Loading class java/util/function/ToIntBiFunction done
Event: 3.084 Loading class java/util/EnumMap$EntrySet
Event: 3.085 Loading class java/util/EnumMap$EntrySet done
Event: 3.085 Loading class java/util/EnumMap$EntryIterator
Event: 3.085 Loading class java/util/EnumMap$EnumMapIterator
Event: 3.085 Loading class java/util/EnumMap$EnumMapIterator done
Event: 3.085 Loading class java/util/EnumMap$EntryIterator done
Event: 3.085 Loading class java/util/EnumMap$EntryIterator$Entry
Event: 3.085 Loading class java/util/EnumMap$EntryIterator$Entry done

Classes unloaded (0 events):
No events

Classes redefined (0 events):
No events

Internal exceptions (20 events):
Event: 3.026 Thread 0x000002c97ad61840 Exception <a 'sun/nio/fs/WindowsException'{0x0000000084eb1c50}> (0x0000000084eb1c50) 
thrown [s\open\src\hotspot\share\prims\jni.cpp, line 520]
Event: 3.029 Thread 0x000002c97ad61840 Exception <a 'sun/nio/fs/WindowsException'{0x0000000084eb7290}> (0x0000000084eb7290) 
thrown [s\open\src\hotspot\share\prims\jni.cpp, line 520]
Event: 3.031 Thread 0x000002c97ad61840 Exception <a 'sun/nio/fs/WindowsException'{0x0000000084ebc080}> (0x0000000084ebc080) 
thrown [s\open\src\hotspot\share\prims\jni.cpp, line 520]
Event: 3.045 Thread 0x000002c97ad61840 Exception <a 'sun/nio/fs/WindowsException'{0x0000000084ef92c8}> (0x0000000084ef92c8) 
thrown [s\open\src\hotspot\share\prims\jni.cpp, line 520]
Event: 3.051 Thread 0x000002c97ad61840 Exception <a 'sun/nio/fs/WindowsException'{0x0000000084d0eea8}> (0x0000000084d0eea8) 
thrown [s\open\src\hotspot\share\prims\jni.cpp, line 520]
Event: 3.079 Thread 0x000002c97ad61840 Exception <a 'java/lang/NoSuchMethodError'{0x0000000084cd6010}: 'int java.lang.invoke.DirectMethodHandle$Holder.invokeVirtual(java.lang.Object, java.lang.Object, java.lang.Object, java.lang.Object)'> (0x0000000084cd6010) 
thrown [s\open\src\hotspot\share\interpreter\linkResolver.cpp, line 796]
Event: 3.080 Thread 0x000002c97ad61840 Exception <a 'java/lang/NoSuchMethodError'{0x0000000084cdff00}: 'java.lang.Object java.lang.invoke.DirectMethodHandle$Holder.newInvokeSpecial(java.lang.Object, java.lang.Object, int, java.lang.Object)'> (0x0000000084cdff00) 
thrown [s\open\src\hotspot\share\interpreter\linkResolver.cpp, line 796]
Event: 3.201 Thread 0x000002c97ad61840 Exception <a 'sun/nio/fs/WindowsException'{0x00000000842967a0}> (0x00000000842967a0) 
thrown [s\open\src\hotspot\share\prims\jni.cpp, line 520]
Event: 3.204 Thread 0x000002c97ad61840 Exception <a 'sun/nio/fs/WindowsException'{0x000000008429c148}> (0x000000008429c148) 
thrown [s\open\src\hotspot\share\prims\jni.cpp, line 520]
Event: 3.208 Thread 0x000002c97ad61840 Exception <a 'sun/nio/fs/WindowsException'{0x00000000842a1498}> (0x00000000842a1498) 
thrown [s\open\src\hotspot\share\prims\jni.cpp, line 520]
Event: 3.211 Thread 0x000002c97ad61840 Exception <a 'sun/nio/fs/WindowsException'{0x00000000842a6780}> (0x00000000842a6780) 
thrown [s\open\src\hotspot\share\prims\jni.cpp, line 520]
Event: 3.215 Thread 0x000002c97ad61840 Exception <a 'sun/nio/fs/WindowsException'{0x00000000842aba68}> (0x00000000842aba68) 
thrown [s\open\src\hotspot\share\prims\jni.cpp, line 520]
Event: 3.218 Thread 0x000002c97ad61840 Exception <a 'sun/nio/fs/WindowsException'{0x00000000842b0d50}> (0x00000000842b0d50) 
thrown [s\open\src\hotspot\share\prims\jni.cpp, line 520]
Event: 3.222 Thread 0x000002c97ad61840 Exception <a 'sun/nio/fs/WindowsException'{0x00000000842b6038}> (0x00000000842b6038) 
thrown [s\open\src\hotspot\share\prims\jni.cpp, line 520]
Event: 3.224 Thread 0x000002c97ad61840 Exception <a 'sun/nio/fs/WindowsException'{0x00000000842bb328}> (0x00000000842bb328) 
thrown [s\open\src\hotspot\share\prims\jni.cpp, line 520]
Event: 3.227 Thread 0x000002c97ad61840 Exception <a 'sun/nio/fs/WindowsException'{0x00000000842c0618}> (0x00000000842c0618) 
thrown [s\open\src\hotspot\share\prims\jni.cpp, line 520]
Event: 3.229 Thread 0x000002c97ad61840 Exception <a 'sun/nio/fs/WindowsException'{0x00000000842c5910}> (0x00000000842c5910) 
thrown [s\open\src\hotspot\share\prims\jni.cpp, line 520]
Event: 3.232 Thread 0x000002c97ad61840 Exception <a 'sun/nio/fs/WindowsException'{0x00000000842ca4b8}> (0x00000000842ca4b8) 
thrown [s\open\src\hotspot\share\prims\jni.cpp, line 520]
Event: 3.252 Thread 0x000002c97ad61840 Exception <a 'sun/nio/fs/WindowsException'{0x0000000084195730}> (0x0000000084195730) 
thrown [s\open\src\hotspot\share\prims\jni.cpp, line 520]
Event: 3.297 Thread 0x000002c97ad61840 Implicit null exception at 0x000002c9102e5068 to 0x000002c9102e5a44

VM Operations (20 events):
Event: 2.382 Executing VM operation: G1PauseCleanup
Event: 2.384 Executing VM operation: G1PauseCleanup done
Event: 2.643 Executing VM operation: HandshakeAllThreads (Deoptimize)
Event: 2.643 Executing VM operation: HandshakeAllThreads (Deoptimize) done
Event: 2.786 Executing VM operation: HandshakeAllThreads (Deoptimize)
Event: 2.786 Executing VM operation: HandshakeAllThreads (Deoptimize) done
Event: 2.788 Executing VM operation: HandshakeAllThreads (Deoptimize)
Event: 2.788 Executing VM operation: HandshakeAllThreads (Deoptimize) done
Event: 2.898 Executing VM operation: HandshakeAllThreads (Deoptimize)
Event: 2.898 Executing VM operation: HandshakeAllThreads (Deoptimize) done
Event: 3.074 Executing VM operation: HandshakeAllThreads (Deoptimize)
Event: 3.074 Executing VM operation: HandshakeAllThreads (Deoptimize) done
Event: 3.086 Executing VM operation: HandshakeAllThreads (Deoptimize)
Event: 3.086 Executing VM operation: HandshakeAllThreads (Deoptimize) done
Event: 3.186 Executing VM operation: HandshakeAllThreads (Deoptimize)
Event: 3.186 Executing VM operation: HandshakeAllThreads (Deoptimize) done
Event: 3.240 Executing VM operation: HandshakeAllThreads (Deoptimize)
Event: 3.240 Executing VM operation: HandshakeAllThreads (Deoptimize) done
Event: 3.270 Executing VM operation: G1CollectForAllocation (G1 Evacuation Pause)
Event: 3.288 Executing VM operation: G1CollectForAllocation (G1 Evacuation Pause) done

Memory protections (0 events):
No events

Nmethod flushes (0 events):
No events

Events (15 events):
Event: 0.021 Thread 0x000002c97ad61840 Thread added: 0x000002c97ad61840
Event: 0.031 Thread 0x000002c97ad61840 Thread added: 0x000002c91983d6a0
Event: 0.031 Thread 0x000002c97ad61840 Thread added: 0x000002c91983f4d0
Event: 0.031 Thread 0x000002c97ad61840 Thread added: 0x000002c9198412a0
Event: 0.031 Thread 0x000002c97ad61840 Thread added: 0x000002c919843f20
Event: 0.031 Thread 0x000002c97ad61840 Thread added: 0x000002c919847580
Event: 0.032 Thread 0x000002c97ad61840 Thread added: 0x000002c919848640
Event: 0.032 Thread 0x000002c97ad61840 Thread added: 0x000002c91984d510
Event: 0.032 Thread 0x000002c97ad61840 Thread added: 0x000002c91984f020
Event: 0.043 Thread 0x000002c97ad61840 Thread added: 0x000002c95f1942e0
Event: 0.045 Thread 0x000002c97ad61840 Thread added: 0x000002c95f199580
Event: 0.149 Thread 0x000002c97ad61840 Thread added: 0x000002c95f439940
Event: 0.155 Thread 0x000002c95f439940 Thread exited: 0x000002c95f439940
Event: 0.469 Thread 0x000002c91984f020 Thread added: 0x000002c919850490
Event: 0.477 Thread 0x000002c91984f020 Thread added: 0x000002c919851fd0


Dynamic libraries:
0x00007ff7ed450000 - 0x00007ff7ed460000 	C:\Program Files\Java\jdk-23\bin\java.exe
0x00007ff99b8f0000 - 0x00007ff99bb07000 	C:\WINDOWS\SYSTEM32\ntdll.dll
0x00007ff99ac40000 - 0x00007ff99ad04000 	C:\WINDOWS\System32\KERNEL32.DLL
0x00007ff998e10000 - 0x00007ff9991c7000 	C:\WINDOWS\System32\KERNELBASE.dll
0x00007ff9993b0000 - 0x00007ff9994c1000 	C:\WINDOWS\System32\ucrtbase.dll
0x00007ff9949d0000 - 0x00007ff9949e7000 	C:\Program Files\Java\jdk-23\bin\jli.dll
0x00007ff9941c0000 - 0x00007ff9941db000 	C:\Program Files\Java\jdk-23\bin\VCRUNTIME140.dll
0x00007ff99ad10000 - 0x00007ff99aebf000 	C:\WINDOWS\System32\USER32.dll
0x00007ff998d70000 - 0x00007ff998d96000 	C:\WINDOWS\System32\win32u.dll
0x00007ff9827a0000 - 0x00007ff982a33000 	C:\WINDOWS\WinSxS\amd64_microsoft.windows.common-controls_6595b64144ccf1df_6.0.22621.3672_none_2713b9d173822955\COMCTL32.dll
0x00007ff999df0000 - 0x00007ff999e97000 	C:\WINDOWS\System32\msvcrt.dll
0x00007ff999dc0000 - 0x00007ff999de9000 	C:\WINDOWS\System32\GDI32.dll
0x00007ff999290000 - 0x00007ff9993a8000 	C:\WINDOWS\System32\gdi32full.dll
0x00007ff9994d0000 - 0x00007ff99956a000 	C:\WINDOWS\System32\msvcp_win.dll
0x00007ff99b3f0000 - 0x00007ff99b421000 	C:\WINDOWS\System32\IMM32.DLL
0x00007ff994cb0000 - 0x00007ff994cbc000 	C:\Program Files\Java\jdk-23\bin\vcruntime140_1.dll
0x00007ff984c50000 - 0x00007ff984cde000 	C:\Program Files\Java\jdk-23\bin\msvcp140.dll
0x00007ff940f00000 - 0x00007ff941c4f000 	C:\Program Files\Java\jdk-23\bin\server\jvm.dll
0x00007ff99a0d0000 - 0x00007ff99a182000 	C:\WINDOWS\System32\ADVAPI32.dll
0x00007ff999850000 - 0x00007ff9998f8000 	C:\WINDOWS\System32\sechost.dll
0x00007ff9995f0000 - 0x00007ff999618000 	C:\WINDOWS\System32\bcrypt.dll
0x00007ff9999e0000 - 0x00007ff999af4000 	C:\WINDOWS\System32\RPCRT4.dll
0x00007ff999900000 - 0x00007ff999971000 	C:\WINDOWS\System32\WS2_32.dll
0x00007ff9964c0000 - 0x00007ff9964f4000 	C:\WINDOWS\SYSTEM32\WINMM.dll
0x00007ff9929c0000 - 0x00007ff9929ca000 	C:\WINDOWS\SYSTEM32\VERSION.dll
0x00007ff9984b0000 - 0x00007ff9984fd000 	C:\WINDOWS\SYSTEM32\POWRPROF.dll
0x00007ff998490000 - 0x00007ff9984a3000 	C:\WINDOWS\SYSTEM32\UMPDC.dll
0x00007ff997c10000 - 0x00007ff997c28000 	C:\WINDOWS\SYSTEM32\kernel.appcore.dll
0x00007ff9941b0000 - 0x00007ff9941ba000 	C:\Program Files\Java\jdk-23\bin\jimage.dll
0x00007ff996240000 - 0x00007ff996472000 	C:\WINDOWS\SYSTEM32\DBGHELP.DLL
0x00007ff99b060000 - 0x00007ff99b3ee000 	C:\WINDOWS\System32\combase.dll
0x00007ff999ce0000 - 0x00007ff999db7000 	C:\WINDOWS\System32\OLEAUT32.dll
0x00007ff996480000 - 0x00007ff9964b2000 	C:\WINDOWS\SYSTEM32\dbgcore.DLL
0x00007ff999570000 - 0x00007ff9995eb000 	C:\WINDOWS\System32\bcryptPrimitives.dll
0x00007ff993a00000 - 0x00007ff993a1e000 	C:\Program Files\Java\jdk-23\bin\java.dll
0x00007ff999f20000 - 0x00007ff99a0c5000 	C:\WINDOWS\System32\ole32.dll
0x00007ff99a310000 - 0x00007ff99ab79000 	C:\WINDOWS\System32\SHELL32.dll
0x00007ff996b20000 - 0x00007ff99741f000 	C:\WINDOWS\SYSTEM32\windows.storage.dll
0x00007ff9969e0000 - 0x00007ff996b1f000 	C:\WINDOWS\SYSTEM32\wintypes.dll
0x00007ff99af50000 - 0x00007ff99b049000 	C:\WINDOWS\System32\SHCORE.dll
0x00007ff999980000 - 0x00007ff9999de000 	C:\WINDOWS\System32\shlwapi.dll
0x00007ff998b30000 - 0x00007ff998b57000 	C:\WINDOWS\SYSTEM32\profapi.dll
0x00007ff97af20000 - 0x00007ff97aff7000 	C:\Program Files\Java\jdk-23\bin\jsvml.dll
0x00007ff98ae40000 - 0x00007ff98ae50000 	C:\Program Files\Java\jdk-23\bin\net.dll
0x00007ff998070000 - 0x00007ff9980d9000 	C:\WINDOWS\system32\mswsock.dll
0x00007ff98a8a0000 - 0x00007ff98a8b6000 	C:\Program Files\Java\jdk-23\bin\nio.dll
0x00007ff9881a0000 - 0x00007ff9881b7000 	C:\Program Files\Java\jdk-23\bin\zip.dll
0x00007ff994980000 - 0x00007ff9949a4000 	C:\Program Files\NetBeans-23\netbeans\java\maven\lib\jansi-native\Windows\x86_64\jansi.dll
0x00007ff98a890000 - 0x00007ff98a8a0000 	C:\Program Files\Java\jdk-23\bin\verify.dll

dbghelp: loaded successfully - version: 4.0.5 - missing functions: none
symbol engine: initialized successfully - sym options: 0x614 - pdb path: .;C:\Program Files\Java\jdk-23\bin;C:\WINDOWS\SYSTEM32;C:\WINDOWS\WinSxS\amd64_microsoft.windows.common-controls_6595b64144ccf1df_6.0.22621.3672_none_2713b9d173822955;C:\Program Files\Java\jdk-23\bin\server;C:\Program Files\NetBeans-23\netbeans\java\maven\lib\jansi-native\Windows\x86_64

VM Arguments:
jvm_args: -Dclassworlds.conf=C:\Program Files\NetBeans-23\netbeans\java\maven\bin\m2.conf -Dmaven.home=C:\Program Files\NetBeans-23\netbeans\java\maven -Dlibrary.jansi.path=C:\Program Files\NetBeans-23\netbeans\java\maven\lib\jansi-native -Dmaven.multiModuleProjectDirectory=C:\Users\jenina\OneDrive\Documents\NetBeansProjects\VrSystem 
java_command: org.codehaus.plexus.classworlds.launcher.Launcher -Dexec.vmArgs= -Dexec.args=${exec.vmArgs} -classpath %classpath ${exec.mainClass} ${exec.appArgs} -Dexec.appArgs= -Dexec.mainClass=com.mycompany.vrsystem.VrSystem -Dexec.executable=C:\Program Files\Java\jdk-23\bin\java.exe -Dmaven.ext.class.path=C:\Program Files\NetBeans-23\netbeans\java\maven-nblib\netbeans-eventspy.jar --no-transfer-progress process-classes org.codehaus.mojo:exec-maven-plugin:3.1.0:exec
java_class_path (initial): C:\Program Files\NetBeans-23\netbeans\java\maven\boot\plexus-classworlds-2.8.0.jar
Launcher Type: SUN_STANDARD

[Global flags]
     intx CICompilerCount                          = 4                                         {product} {ergonomic}
     uint ConcGCThreads                            = 2                                         {product} {ergonomic}
     uint G1ConcRefinementThreads                  = 8                                         {product} {ergonomic}
   size_t G1HeapRegionSize                         = 1048576                                   {product} {ergonomic}
   size_t InitialHeapSize                          = 132120576                                 {product} {ergonomic}
   size_t MarkStackSize                            = 4194304                                   {product} {ergonomic}
   size_t MarkStackSizeMax                         = 536870912                                 {product} {ergonomic}
   size_t MaxHeapSize                              = 2095054848                                {product} {ergonomic}
   size_t MaxNewSize                               = 1256194048                                {product} {ergonomic}
   size_t MinHeapDeltaBytes                        = 1048576                                   {product} {ergonomic}
   size_t MinHeapSize                              = 8388608                                   {product} {ergonomic}
    uintx NonNMethodCodeHeapSize                   = 5832704                                {pd product} {ergonomic}
    uintx NonProfiledCodeHeapSize                  = 122945536                              {pd product} {ergonomic}
    uintx ProfiledCodeHeapSize                     = 122880000                              {pd product} {ergonomic}
    uintx ReservedCodeCacheSize                    = 251658240                              {pd product} {ergonomic}
     bool SegmentedCodeCache                       = true                                      {product} {ergonomic}
   size_t SoftMaxHeapSize                          = 2095054848                             {manageable} {ergonomic}
     bool UseCompressedOops                        = true                           {product lp64_product} {ergonomic}
     bool UseG1GC                                  = true                                      {product} {ergonomic}
     bool UseLargePagesIndividualAllocation        = false                                  {pd product} {ergonomic}

Logging:
Log output configuration:
 #0: stdout all=warning uptime,level,tags foldmultilines=false
 #1: stderr all=off uptime,level,tags foldmultilines=false

Environment Variables:
JAVA_HOME=C:\Program Files\Java\jdk-23
PATH=C:\Program Files\Common Files\Oracle\Java\javapath;C:\Program Files (x86)\Common Files\Oracle\Java\javapath;C:\Program Files (x86)\NVIDIA Corporation\PhysX\Common;C:\WINDOWS\system32;C:\WINDOWS;C:\WINDOWS\System32\Wbem;C:\WINDOWS\System32\WindowsPowerShell\v1.0\;C:\WINDOWS\System32\OpenSSH\;C:\Program Files\Git\cmd;C:\Users\jenina\AppData\Local\Programs\Python\Launcher\;C:\Users\jenina\AppData\Local\Microsoft\WindowsApps;
USERNAME=jenina
OS=Windows_NT
PROCESSOR_IDENTIFIER=Intel64 Family 6 Model 140 Stepping 1, GenuineIntel
TMP=C:\Users\jenina\AppData\Local\Temp
TEMP=C:\Users\jenina\AppData\Local\Temp




Periodic native trim disabled

---------------  S Y S T E M  ---------------

OS:
 Windows 11 , 64 bit Build 22621 (10.0.22621.3958)
OS uptime: 3 days 11:16 hours
Hyper-V role detected

CPU: total 8 (initial active 8) (4 cores per cpu, 2 threads per core) family 6 model 140 stepping 1 microcode 0x8a, cx8, cmov, fxsr, ht, mmx, 3dnowpref, sse, sse2, sse3, ssse3, sse4.1, sse4.2, popcnt, lzcnt, tsc, tscinvbit, avx, avx2, aes, erms, clmul, bmi1, bmi2, adx, avx512f, avx512dq, avx512cd, avx512bw, avx512vl, sha, fma, vzeroupper, avx512_vpopcntdq, avx512_vpclmulqdq, avx512_vaes, avx512_vnni, clflush, clflushopt, clwb, avx512_vbmi2, avx512_vbmi, hv, rdtscp, rdpid, fsrm, gfni, avx512_bitalg, f16c, cet_ibt, cet_ss, avx512_ifma
Processor Information for the first 8 processors :
  Max Mhz: 2419, Current Mhz: 2419, Mhz Limit: 2419

Memory: 4k page, system-wide physical 7991M (624M free)
TotalPageFile size 12991M (AvailPageFile size 5M)
current process WorkingSet (physical memory assigned to process): 235M, peak: 237M
current process commit charge ("private bytes"): 267M, peak: 271M

vm_info: Java HotSpot(TM) 64-Bit Server VM (23+37-2369) for windows-amd64 JRE (23+37-2369), built on 2024-08-20T16:01:23Z with MS VC++ 17.6 (VS2022)

END.
