#
# There is insufficient memory for the Java Runtime Environment to continue.
# Native memory allocation (mmap) failed to map 65536 bytes. Error detail: Failed to commit metaspace.
# Possible reasons:
#   The system is out of physical RAM or swap space
#   This process is running with CompressedOops enabled, and the Java Heap may be blocking the growth of the native heap
# Possible solutions:
#   Reduce memory load on the system
#   Increase physical memory or swap space
#   Check if swap backing store is full
#   Decrease Java heap size (-Xmx/-Xms)
#   Decrease number of Java threads
#   Decrease Java thread stack sizes (-Xss)
#   Set larger code cache with -XX:ReservedCodeCacheSize=
#   JVM is running with Unscaled Compressed Oops mode in which the Java heap is
#     placed in the first 4GB address space. The Java Heap base address is the
#     maximum limit for the native heap growth. Please use -XX:HeapBaseMinAddress
#     to set the Java Heap base and to place the Java Heap above 4GB virtual address.
# This output file may be truncated or incomplete.
#
#  Out of Memory Error (virtualSpaceNode.cpp:113), pid=12928, tid=5196
#
# JRE version: Java(TM) SE Runtime Environment (23.0+37) (build 23+37-2369)
# Java VM: Java HotSpot(TM) 64-Bit Server VM (23+37-2369, mixed mode, sharing, tiered, compressed oops, compressed class ptrs, g1 gc, windows-amd64)
# No core dump will be written. Minidumps are not enabled by default on client versions of Windows
#

---------------  S U M M A R Y ------------

Command Line: -Dclassworlds.conf=C:\Program Files\NetBeans-23\netbeans\java\maven\bin\m2.conf -Dmaven.home=C:\Program Files\NetBeans-23\netbeans\java\maven -Dlibrary.jansi.path=C:\Program Files\NetBeans-23\netbeans\java\maven\lib\jansi-native -Dmaven.multiModuleProjectDirectory=C:\Users\jenina\OneDrive\Documents\NetBeansProjects\VrSystem org.codehaus.plexus.classworlds.launcher.Launcher -Dexec.vmArgs= -Dexec.args=${exec.vmArgs} -classpath %classpath ${exec.mainClass} ${exec.appArgs} -Dexec.appArgs= -Dexec.mainClass=com.mycompany.vrsystem.VrSystem -Dexec.executable=C:\Program Files\Java\jdk-23\bin\java.exe -Dmaven.ext.class.path=C:\Program Files\NetBeans-23\netbeans\java\maven-nblib\netbeans-eventspy.jar --no-transfer-progress process-classes org.codehaus.mojo:exec-maven-plugin:3.1.0:exec

Host: 11th Gen Intel(R) Core(TM) i5-1135G7 @ 2.40GHz, 8 cores, 7G,  Windows 11 , 64 bit Build 22621 (10.0.22621.3958)
Time: Mon Nov 18 23:40:08 2024 Malay Peninsula Standard Time elapsed time: 1.071255 seconds (0d 0h 0m 1s)

---------------  T H R E A D  ---------------

Current thread (0x0000020fb29b4e60):  JavaThread "main"             [_thread_in_vm, id=5196, stack(0x0000002e39400000,0x0000002e39500000) (1024K)]

Stack: [0x0000002e39400000,0x0000002e39500000]
Native frames: (J=compiled Java code, j=interpreted, Vv=VM code, C=native code)
V  [jvm.dll+0x6e08a9]  (no source info available)
V  [jvm.dll+0x87da63]  (no source info available)
V  [jvm.dll+0x87feee]  (no source info available)
V  [jvm.dll+0x8805c3]  (no source info available)
V  [jvm.dll+0x27aee6]  (no source info available)
V  [jvm.dll+0x87966e]  (no source info available)
V  [jvm.dll+0x682025]  (no source info available)
V  [jvm.dll+0x1e09dc]  (no source info available)
V  [jvm.dll+0x1e07ae]  (no source info available)
V  [jvm.dll+0x684978]  (no source info available)
V  [jvm.dll+0x2219dc]  (no source info available)
V  [jvm.dll+0x682a3e]  (no source info available)
V  [jvm.dll+0x68ce18]  (no source info available)
V  [jvm.dll+0x211fe1]  (no source info available)
V  [jvm.dll+0x21244a]  (no source info available)
V  [jvm.dll+0x212e71]  (no source info available)
V  [jvm.dll+0x20811e]  (no source info available)
V  [jvm.dll+0x5be6df]  (no source info available)
V  [jvm.dll+0x7f3a66]  (no source info available)
V  [jvm.dll+0x475cf6]  (no source info available)
V  [jvm.dll+0x47bb98]  (no source info available)
C  [java.dll+0x17d4]  (no source info available)
C  0x0000020fc4f572fc  (no source info available)

The last pc belongs to native nmethod (printed below).
Java frames: (J=compiled Java code, j=interpreted, Vv=VM code)
J 502  java.lang.ClassLoader.defineClass1(Ljava/lang/ClassLoader;Ljava/lang/String;[BIILjava/security/ProtectionDomain;Ljava/lang/String;)Ljava/lang/Class; java.base@23 (0 bytes) @ 0x0000020fc4f57261 [0x0000020fc4f571a0+0x00000000000000c1]
J 1204 c1 java.lang.ClassLoader.defineClass(Ljava/lang/String;[BIILjava/security/ProtectionDomain;)Ljava/lang/Class; java.base@23 (43 bytes) @ 0x0000020fbd615f4c [0x0000020fbd615c00+0x000000000000034c]
J 1203 c1 java.security.SecureClassLoader.defineClass(Ljava/lang/String;[BIILjava/security/CodeSource;)Ljava/lang/Class; java.base@23 (16 bytes) @ 0x0000020fbd61599c [0x0000020fbd6158c0+0x00000000000000dc]
J 915 c1 java.net.URLClassLoader.defineClass(Ljava/lang/String;Ljdk/internal/loader/Resource;)Ljava/lang/Class; java.base@23 (224 bytes) @ 0x0000020fbd5b7ba4 [0x0000020fbd5b65a0+0x0000000000001604]
J 917 c1 java.net.URLClassLoader$1.run()Ljava/lang/Class; java.base@23 (81 bytes) @ 0x0000020fbd5b57ac [0x0000020fbd5b4bc0+0x0000000000000bec]
J 851 c1 java.net.URLClassLoader$1.run()Ljava/lang/Object; java.base@23 (5 bytes) @ 0x0000020fbd5a0b34 [0x0000020fbd5a0aa0+0x0000000000000094]
J 772 c1 java.security.AccessController.doPrivileged(Ljava/security/PrivilegedExceptionAction;Ljava/security/AccessControlContext;)Ljava/lang/Object; java.base@23 (26 bytes) @ 0x0000020fbd56f314 [0x0000020fbd56f120+0x00000000000001f4]
J 849 c1 java.net.URLClassLoader.findClass(Ljava/lang/String;)Ljava/lang/Class; java.base@23 (47 bytes) @ 0x0000020fbd5a0124 [0x0000020fbd59ff80+0x00000000000001a4]
J 854 c1 org.codehaus.plexus.classworlds.realm.ClassRealm.loadClassFromSelf(Ljava/lang/String;)Ljava/lang/Class; (40 bytes) @ 0x0000020fbd5a14ac [0x0000020fbd5a1100+0x00000000000003ac]
J 799 c1 org.codehaus.plexus.classworlds.strategy.SelfFirstStrategy.loadClass(Ljava/lang/String;)Ljava/lang/Class; (50 bytes) @ 0x0000020fbd578514 [0x0000020fbd578140+0x00000000000003d4]
J 552 c1 org.codehaus.plexus.classworlds.realm.ClassRealm.loadClass(Ljava/lang/String;Z)Ljava/lang/Class; (33 bytes) @ 0x0000020fbd5116e4 [0x0000020fbd511560+0x0000000000000184]
J 551 c1 org.codehaus.plexus.classworlds.realm.ClassRealm.loadClass(Ljava/lang/String;)Ljava/lang/Class; (7 bytes) @ 0x0000020fbd5112a4 [0x0000020fbd5111a0+0x0000000000000104]
v  ~StubRoutines::call_stub 0x0000020fc49a0fcd
j  org.eclipse.sisu.bean.LifecycleBuilder.build(Ljava/lang/Class;)Lorg/eclipse/sisu/bean/BeanLifecycle;+50
j  org.eclipse.sisu.bean.LifecycleManager.buildLifecycle(Ljava/lang/Class;)Z+24
j  org.eclipse.sisu.bean.LifecycleManager.manage(Ljava/lang/Class;)Z+2
j  org.eclipse.sisu.plexus.PlexusLifecycleManager.manage(Ljava/lang/Class;)Z+52
j  org.eclipse.sisu.plexus.PlexusBeanBinder.bindBean(Lcom/google/inject/TypeLiteral;Lcom/google/inject/spi/TypeEncounter;)Lorg/eclipse/sisu/bean/PropertyBinder;+18
j  org.eclipse.sisu.bean.BeanListener.hear(Lcom/google/inject/TypeLiteral;Lcom/google/inject/spi/TypeEncounter;)V+6
j  com.google.inject.internal.MembersInjectorStore.createWithListeners(Lcom/google/inject/TypeLiteral;Lcom/google/inject/internal/Errors;)Lcom/google/inject/internal/MembersInjectorImpl;+151
j  com.google.inject.internal.MembersInjectorStore.access$000(Lcom/google/inject/internal/MembersInjectorStore;Lcom/google/inject/TypeLiteral;Lcom/google/inject/internal/Errors;)Lcom/google/inject/internal/MembersInjectorImpl;+3
j  com.google.inject.internal.MembersInjectorStore$1.create(Lcom/google/inject/TypeLiteral;Lcom/google/inject/internal/Errors;)Lcom/google/inject/internal/MembersInjectorImpl;+6
j  com.google.inject.internal.MembersInjectorStore$1.create(Ljava/lang/Object;Lcom/google/inject/internal/Errors;)Ljava/lang/Object;+6
j  com.google.inject.internal.FailableCache$1.load(Ljava/lang/Object;)Ljava/lang/Object;+16
j  com.google.common.cache.LocalCache$LoadingValueReference.loadFuture(Ljava/lang/Object;Lcom/google/common/cache/CacheLoader;)Lcom/google/common/util/concurrent/ListenableFuture;+24
j  com.google.common.cache.LocalCache$Segment.loadSync(Ljava/lang/Object;ILcom/google/common/cache/LocalCache$LoadingValueReference;Lcom/google/common/cache/CacheLoader;)Ljava/lang/Object;+4
j  com.google.common.cache.LocalCache$Segment.lockedGetOrLoad(Ljava/lang/Object;ILcom/google/common/cache/CacheLoader;)Ljava/lang/Object;+393
J 2229 c1 com.google.common.cache.LocalCache$Segment.get(Ljava/lang/Object;ILcom/google/common/cache/CacheLoader;)Ljava/lang/Object; (210 bytes) @ 0x0000020fbd7811bc [0x0000020fbd780800+0x00000000000009bc]
J 1962 c1 com.google.common.cache.LocalCache.get(Ljava/lang/Object;Lcom/google/common/cache/CacheLoader;)Ljava/lang/Object; (21 bytes) @ 0x0000020fbd721b24 [0x0000020fbd721820+0x0000000000000304]
J 2226 c1 com.google.common.cache.LocalCache$LocalLoadingCache.getUnchecked(Ljava/lang/Object;)Ljava/lang/Object; (19 bytes) @ 0x0000020fbd783764 [0x0000020fbd783660+0x0000000000000104]
j  com.google.inject.internal.FailableCache.get(Ljava/lang/Object;Lcom/google/inject/internal/Errors;)Ljava/lang/Object;+5
j  com.google.inject.internal.MembersInjectorStore.get(Lcom/google/inject/TypeLiteral;Lcom/google/inject/internal/Errors;)Lcom/google/inject/internal/MembersInjectorImpl;+6
j  com.google.inject.internal.ConstructorInjectorStore.createConstructor(Lcom/google/inject/spi/InjectionPoint;Lcom/google/inject/internal/Errors;)Lcom/google/inject/internal/ConstructorInjector;+31
j  com.google.inject.internal.ConstructorInjectorStore.access$000(Lcom/google/inject/internal/ConstructorInjectorStore;Lcom/google/inject/spi/InjectionPoint;Lcom/google/inject/internal/Errors;)Lcom/google/inject/internal/ConstructorInjector;+3
j  com.google.inject.internal.ConstructorInjectorStore$1.create(Lcom/google/inject/spi/InjectionPoint;Lcom/google/inject/internal/Errors;)Lcom/google/inject/internal/ConstructorInjector;+6
j  com.google.inject.internal.ConstructorInjectorStore$1.create(Ljava/lang/Object;Lcom/google/inject/internal/Errors;)Ljava/lang/Object;+6
j  com.google.inject.internal.FailableCache$1.load(Ljava/lang/Object;)Ljava/lang/Object;+16
j  com.google.common.cache.LocalCache$LoadingValueReference.loadFuture(Ljava/lang/Object;Lcom/google/common/cache/CacheLoader;)Lcom/google/common/util/concurrent/ListenableFuture;+24
j  com.google.common.cache.LocalCache$Segment.loadSync(Ljava/lang/Object;ILcom/google/common/cache/LocalCache$LoadingValueReference;Lcom/google/common/cache/CacheLoader;)Ljava/lang/Object;+4
j  com.google.common.cache.LocalCache$Segment.lockedGetOrLoad(Ljava/lang/Object;ILcom/google/common/cache/CacheLoader;)Ljava/lang/Object;+393
J 2229 c1 com.google.common.cache.LocalCache$Segment.get(Ljava/lang/Object;ILcom/google/common/cache/CacheLoader;)Ljava/lang/Object; (210 bytes) @ 0x0000020fbd7811bc [0x0000020fbd780800+0x00000000000009bc]
J 1962 c1 com.google.common.cache.LocalCache.get(Ljava/lang/Object;Lcom/google/common/cache/CacheLoader;)Ljava/lang/Object; (21 bytes) @ 0x0000020fbd721b24 [0x0000020fbd721820+0x0000000000000304]
J 2226 c1 com.google.common.cache.LocalCache$LocalLoadingCache.getUnchecked(Ljava/lang/Object;)Ljava/lang/Object; (19 bytes) @ 0x0000020fbd783764 [0x0000020fbd783660+0x0000000000000104]
j  com.google.inject.internal.FailableCache.get(Ljava/lang/Object;Lcom/google/inject/internal/Errors;)Ljava/lang/Object;+5
j  com.google.inject.internal.ConstructorInjectorStore.get(Lcom/google/inject/spi/InjectionPoint;Lcom/google/inject/internal/Errors;)Lcom/google/inject/internal/ConstructorInjector;+6
j  com.google.inject.internal.ConstructorBindingImpl.initialize(Lcom/google/inject/internal/InjectorImpl;Lcom/google/inject/internal/Errors;)V+13
j  com.google.inject.internal.InjectorImpl.initializeBinding(Lcom/google/inject/internal/BindingImpl;Lcom/google/inject/internal/Errors;)V+13
j  com.google.inject.internal.AbstractBindingProcessor$Processor.initializeBinding(Lcom/google/inject/internal/BindingImpl;)V+19
j  com.google.inject.internal.AbstractBindingProcessor$Processor.lambda$scheduleInitialization$0(Lcom/google/inject/internal/BindingImpl;)V+2
j  com.google.inject.internal.AbstractBindingProcessor$Processor$$Lambda+0x0000020fd31a5a78.run()V+8
j  com.google.inject.internal.ProcessedBindingData.initializeBindings()V+30
j  com.google.inject.internal.InternalInjectorCreator.initializeStatically()V+4
j  com.google.inject.internal.InternalInjectorCreator.build()Lcom/google/inject/Injector;+64
j  com.google.inject.Guice.createInjector(Lcom/google/inject/Stage;Ljava/lang/Iterable;)Lcom/google/inject/Injector;+15
j  com.google.inject.Guice.createInjector(Ljava/lang/Iterable;)Lcom/google/inject/Injector;+4
j  com.google.inject.Guice.createInjector([Lcom/google/inject/Module;)Lcom/google/inject/Injector;+4
j  org.codehaus.plexus.DefaultPlexusContainer.addPlexusInjector(Ljava/util/List;[Lcom/google/inject/Module;)Lcom/google/inject/Injector;+88
j  org.codehaus.plexus.DefaultPlexusContainer.<init>(Lorg/codehaus/plexus/ContainerConfiguration;[Lcom/google/inject/Module;)V+406
j  org.apache.maven.cli.MavenCli.container(Lorg/apache/maven/cli/CliRequest;)Lorg/codehaus/plexus/PlexusContainer;+279
j  org.apache.maven.cli.MavenCli.doMain(Lorg/apache/maven/cli/CliRequest;)I+34
j  org.apache.maven.cli.MavenCli.main([Ljava/lang/String;Lorg/codehaus/plexus/classworlds/ClassWorld;)I+24
j  java.lang.invoke.DirectMethodHandle$Holder.invokeStatic(Ljava/lang/Object;Ljava/lang/Object;Ljava/lang/Object;)I+11 java.base@23
j  java.lang.invoke.LambdaForm$MH+0x0000020fd3009400.invoke(Ljava/lang/Object;Ljava/lang/Object;Ljava/lang/Object;Ljava/lang/Object;)Ljava/lang/Object;+54 java.base@23
j  java.lang.invoke.LambdaForm$MH+0x0000020fd3009800.invokeExact_MT(Ljava/lang/Object;Ljava/lang/Object;Ljava/lang/Object;Ljava/lang/Object;Ljava/lang/Object;)Ljava/lang/Object;+22 java.base@23
j  jdk.internal.reflect.DirectMethodHandleAccessor.invokeImpl(Ljava/lang/Object;[Ljava/lang/Object;)Ljava/lang/Object;+72 java.base@23
j  jdk.internal.reflect.DirectMethodHandleAccessor.invoke(Ljava/lang/Object;[Ljava/lang/Object;)Ljava/lang/Object;+23 java.base@23
j  java.lang.reflect.Method.invoke(Ljava/lang/Object;[Ljava/lang/Object;)Ljava/lang/Object;+102 java.base@23
j  org.codehaus.plexus.classworlds.launcher.Launcher.launchEnhanced([Ljava/lang/String;)V+45
j  org.codehaus.plexus.classworlds.launcher.Launcher.launch([Ljava/lang/String;)V+2
j  org.codehaus.plexus.classworlds.launcher.Launcher.mainWithExitCode([Ljava/lang/String;)I+108
j  org.codehaus.plexus.classworlds.launcher.Launcher.main([Ljava/lang/String;)V+1
v  ~StubRoutines::call_stub 0x0000020fc49a0fcd
Lock stack of current Java thread (top to bottom):
LockStack[3]: java.lang.Object 
{0x000000008a1607a0} - klass: 'java/lang/Object'
 - ---- fields (total size 2 words):
LockStack[2]: org.eclipse.sisu.bean.LifecycleBuilder 
{0x00000000832c6ee8} - klass: 'org/eclipse/sisu/bean/LifecycleBuilder'
 - ---- fields (total size 3 words):
 - private final 'startMethods' 'Ljava/util/List;' @12  a 'java/util/ArrayList'{0x00000000832c6f00} (0x832c6f00)
 - private final 'stopMethods' 'Ljava/util/List;' @16  a 'java/util/ArrayList'{0x00000000832c6f28} (0x832c6f28)
 - private final 'hierarchy' 'Ljava/util/List;' @20  a 'java/util/ArrayList'{0x00000000832c6f40} (0x832c6f40)
LockStack[1]: com.google.common.cache.LocalCache$StrongEntry 
{0x000000008a159880} - klass: 'com/google/common/cache/LocalCache$StrongEntry'
 - ---- fields (total size 4 words):
 - final 'hash' 'I' @12  946149042 (0x386516b2)
 - final 'key' 'Ljava/lang/Object;' @16  a 'com/google/inject/TypeLiteral'{0x000000008a547660} (0x8a547660)
 - final 'next' 'Lcom/google/common/cache/ReferenceEntry;' @20  null (0x00000000)
 - volatile 'valueReference' 'Lcom/google/common/cache/LocalCache$ValueReference;' @24  a 'com/google/common/cache/LocalCache$LoadingValueReference'{0x000000008a159828} (0x8a159828)
LockStack[0]: com.google.common.cache.LocalCache$StrongEntry 
{0x000000008a1597e8} - klass: 'com/google/common/cache/LocalCache$StrongEntry'
 - ---- fields (total size 4 words):
 - final 'hash' 'I' @12  554950749 (0x2113e05d)
 - final 'key' 'Ljava/lang/Object;' @16  a 'com/google/inject/spi/InjectionPoint'{0x000000008a547ec0} (0x8a547ec0)
 - final 'next' 'Lcom/google/common/cache/ReferenceEntry;' @20  null (0x00000000)
 - volatile 'valueReference' 'Lcom/google/common/cache/LocalCache$ValueReference;' @24  a 'com/google/common/cache/LocalCache$LoadingValueReference'{0x000000008a159790} (0x8a159790)


Compiled method (n/a) 1103  502     n 0       java.lang.ClassLoader::defineClass1 (native)
 total in heap  [0x0000020fc4f57088,0x0000020fc4f57740] = 1720
 relocation     [0x0000020fc4f57160,0x0000020fc4f571a0] = 64
 main code      [0x0000020fc4f571a0,0x0000020fc4f5773f] = 1439
 stub code      [0x0000020fc4f5773f,0x0000020fc4f57740] = 1

[Constant Pool (empty)]

[MachCode]
[Entry Point]
  # {method} {0x0000020fd2478b68} 'defineClass1' '(Ljava/lang/ClassLoader;Ljava/lang/String;[BIILjava/security/ProtectionDomain;Ljava/lang/String;)Ljava/lang/Class;' in 'java/lang/ClassLoader'
  # parm0:    rdx:rdx   = 'java/lang/ClassLoader'
  # parm1:    r8:r8     = 'java/lang/String'
  # parm2:    r9:r9     = '[B'
  # parm3:    rdi       = int
  # parm4:    rsi       = int
  # parm5:    rcx:rcx   = 'java/security/ProtectionDomain'
  # parm6:    [sp+0xa0]   = 'java/lang/String'  (sp of caller)
  0x0000020fc4f571a0: 6690 448b | 5208 443b 

  0x0000020fc4f571a8: ;   {runtime_call ic_miss_stub}
  0x0000020fc4f571a8: 5008 0f85 | 3075 a9ff 
[Verified Entry Point]
  0x0000020fc4f571b0: 8984 2400 | 80ff ff55 | 488b ec48 | 81ec 9000 | 0000 6690 | 4181 7f20 | 0100 0000 

  0x0000020fc4f571cc: ;   {runtime_call StubRoutines (final stubs)}
  0x0000020fc4f571cc: 7405 e88d | 31a8 ff48 | 837d 1000 | 488d 4510 | 480f 4445 | 1048 8944 | 2440 4889 | 4c24 7048 
  0x0000020fc4f571ec: 83f9 0048 | 8d44 2470 | 480f 4444 | 2470 4889 | 4424 3848 | 8974 2430 | 4889 7c24 | 284c 894c 
  0x0000020fc4f5720c: 2458 4983 | f900 488d | 4424 5848 | 0f44 4424 | 5848 8944 | 2420 4c89 | 4424 5049 | 83f8 004c 
  0x0000020fc4f5722c: 8d4c 2450 | 4c0f 444c | 2450 4889 | 5424 4848 | 83fa 004c | 8d44 2448 | 4c0f 4444 

  0x0000020fc4f57248: ;   {oop(a 'java/lang/Class'{0x00000000832f3fe0} = 'java/lang/ClassLoader')}
  0x0000020fc4f57248: 2448 49be | e03f 2f83 | 0000 0000 | 4c89 7424 | 784c 8d74 | 2478 498b | d6c5 f877 

  0x0000020fc4f57264: ;   {internal_word}
  0x0000020fc4f57264: 49ba 6172 | f5c4 0f02 | 0000 4d89 | 97a8 0300 | 0049 89a7 | a003 0000 

  0x0000020fc4f5727c: ;   {external_word}
  0x0000020fc4f5727c: 49ba 41ad | b441 f97f | 0000 4180 | 3a00 0f84 | 4e00 0000 | 5241 5041 

  0x0000020fc4f57294: ;   {metadata({method} {0x0000020fd2478b68} 'defineClass1' '(Ljava/lang/ClassLoader;Ljava/lang/String;[BIILjava/security/ProtectionDomain;Ljava/lang/String;)Ljava/lang/Class;' in 'java/lang/ClassLoader')}
  0x0000020fc4f57294: 5148 ba60 | 8b47 d20f | 0200 0049 | 8bcf 4883 | ec20 40f6 | c40f 0f84 | 1900 0000 | 4883 ec08 
  0x0000020fc4f572b4: ;   {runtime_call}
  0x0000020fc4f572b4: 48b8 00ee | 6441 f97f | 0000 ffd0 | 4883 c408 | e90c 0000 

  0x0000020fc4f572c8: ;   {runtime_call}
  0x0000020fc4f572c8: 0048 b800 | ee64 41f9 | 7f00 00ff | d048 83c4 | 2041 5941 | 585a 498d | 8fc0 0300 | 0041 c787 
  0x0000020fc4f572e8: 4404 0000 | 0400 0000 

  0x0000020fc4f572f0: ;   {runtime_call}
  0x0000020fc4f572f0: 48b8 9416 | a093 f97f | 0000 ffd0 | c5f8 7741 | c787 4404 | 0000 0500 | 0000 f083 | 4424 c000 
  0x0000020fc4f57310: 493b af48 | 0400 000f | 870e 0000 | 0041 83bf | 4004 0000 | 000f 842b | 0000 00c5 | f877 4889 
  0x0000020fc4f57330: 45f8 498b | cf4c 8be4 | 4883 ec20 | 4883 e4f0 

  0x0000020fc4f57340: ;   {runtime_call}
  0x0000020fc4f57340: 48b8 90a9 | 2e41 f97f | 0000 ffd0 | 498b e44d | 33e4 488b | 45f8 41c7 | 8744 0400 | 0008 0000 
  0x0000020fc4f57360: 0041 83bf | c804 0000 | 020f 84a3 

  0x0000020fc4f5736c: ;   {external_word}
  0x0000020fc4f5736c: 0300 0049 | ba41 adb4 | 41f9 7f00 | 0041 803a | 000f 844c | 0000 0048 

  0x0000020fc4f57384: ;   {metadata({method} {0x0000020fd2478b68} 'defineClass1' '(Ljava/lang/ClassLoader;Ljava/lang/String;[BIILjava/security/ProtectionDomain;Ljava/lang/String;)Ljava/lang/Class;' in 'java/lang/ClassLoader')}
  0x0000020fc4f57384: 8945 f848 | ba60 8b47 | d20f 0200 | 0049 8bcf | 4883 ec20 | 40f6 c40f | 0f84 1900 | 0000 4883 
  0x0000020fc4f573a4: ;   {runtime_call}
  0x0000020fc4f573a4: ec08 48b8 | 00ee 6441 | f97f 0000 | ffd0 4883 | c408 e90c 

  0x0000020fc4f573b8: ;   {runtime_call}
  0x0000020fc4f573b8: 0000 0048 | b800 ee64 | 41f9 7f00 | 00ff d048 | 83c4 2048 | 8b45 f849 | c787 a003 | 0000 0000 
  0x0000020fc4f573d8: 0000 49c7 | 87a8 0300 | 0000 0000 | 00c5 f877 | 4885 c00f | 84fe 0200 | 00a8 030f | 8508 0000 
  0x0000020fc4f573f8: 0048 8b00 | e9ee 0200 | 00a8 010f | 8509 0000 | 0048 8b40 | fee9 dd02 | 0000 488b | 40ff 4180 
  0x0000020fc4f57418: 7f38 000f | 84ce 0200 | 0048 83f8 | 000f 84c4 | 0200 0049 | 8b4f 2848 | 83f9 000f | 8414 0000 
  0x0000020fc4f57438: 0048 83e9 | 0849 894f | 2849 034f | 3048 8901 | e9a2 0200 | 0048 81ec | 5001 0000 | 4889 0424 
  0x0000020fc4f57458: 4889 4c24 | 0848 8954 | 2410 4889 | 7424 1848 | 897c 2420 | 4c89 4424 | 284c 894c | 2430 4c89 
  0x0000020fc4f57478: 5424 384c | 895c 2440 | c5fb 1144 | 2450 c5fb | 114c 2458 | c5fb 1154 | 2460 c5fb | 115c 2468 
  0x0000020fc4f57498: c5fb 1164 | 2470 c5fb | 116c 2478 | c5fb 11b4 | 2480 0000 | 00c5 fb11 | bc24 8800 | 0000 c57b 
  0x0000020fc4f574b8: ;   {no_reloc}
  0x0000020fc4f574b8: 1184 2490 | 0000 00c5 | 7b11 8c24 | 9800 0000 | c57b 1194 | 24a0 0000 | 00c5 7b11 | 9c24 a800 
  0x0000020fc4f574d8: 0000 c57b | 11a4 24b0 | 0000 00c5 | 7b11 ac24 | b800 0000 | c57b 11b4 | 24c0 0000 | 00c5 7b11 
  0x0000020fc4f574f8: bc24 c800 | 0000 62e1 | ff08 1144 | 241a 62e1 | ff08 114c | 241b 62e1 | ff08 1154 | 241c 62e1 
  0x0000020fc4f57518: ff08 115c | 241d 62e1 | ff08 1164 | 241e 62e1 | ff08 116c | 241f 62e1 | ff08 1174 | 2420 62e1 
  0x0000020fc4f57538: ff08 117c | 2421 6261 | ff08 1144 | 2422 6261 | ff08 114c | 2423 6261 | ff08 1154 | 2424 6261 
  0x0000020fc4f57558: ff08 115c | 2425 6261 | ff08 1164 | 2426 6261 | ff08 116c | 2427 6261 | ff08 1174 | 2428 6261 
  0x0000020fc4f57578: ff08 117c | 2429 498b | d748 8bc8 | 4883 ec20 | 40f6 c40f | 0f84 1900 | 0000 4883 

  0x0000020fc4f57594: ;   {runtime_call}
  0x0000020fc4f57594: ec08 48b8 | e007 2241 | f97f 0000 | ffd0 4883 | c408 e90c 

  0x0000020fc4f575a8: ;   {runtime_call}
  0x0000020fc4f575a8: 0000 0048 | b8e0 0722 | 41f9 7f00 | 00ff d048 | 83c4 2062 | 61ff 0810 | 7c24 2962 | 61ff 0810 
  0x0000020fc4f575c8: 7424 2862 | 61ff 0810 | 6c24 2762 | 61ff 0810 | 6424 2662 | 61ff 0810 | 5c24 2562 | 61ff 0810 
  0x0000020fc4f575e8: 5424 2462 | 61ff 0810 | 4c24 2362 | 61ff 0810 | 4424 2262 | e1ff 0810 | 7c24 2162 | e1ff 0810 
  0x0000020fc4f57608: 7424 2062 | e1ff 0810 | 6c24 1f62 | e1ff 0810 | 6424 1e62 | e1ff 0810 | 5c24 1d62 | e1ff 0810 
  0x0000020fc4f57628: 5424 1c62 | e1ff 0810 | 4c24 1b62 | e1ff 0810 | 4424 1ac5 | 7b10 bc24 | c800 0000 | c57b 10b4 
  0x0000020fc4f57648: 24c0 0000 | 00c5 7b10 | ac24 b800 | 0000 c57b | 10a4 24b0 | 0000 00c5 | 7b10 9c24 | a800 0000 
  0x0000020fc4f57668: c57b 1094 | 24a0 0000 | 00c5 7b10 | 8c24 9800 | 0000 c57b | 1084 2490 | 0000 00c5 | fb10 bc24 
  0x0000020fc4f57688: 8800 0000 | c5fb 10b4 | 2480 0000 | 00c5 fb10 | 6c24 78c5 | fb10 6424 | 70c5 fb10 | 5c24 68c5 
  0x0000020fc4f576a8: ;   {no_reloc}
  0x0000020fc4f576a8: fb10 5424 | 60c5 fb10 | 4c24 58c5 | fb10 4424 | 504c 8b5c | 2440 4c8b | 5424 384c | 8b4c 2430 
  0x0000020fc4f576c8: 4c8b 4424 | 2848 8b7c | 2420 488b | 7424 1848 | 8b54 2410 | 488b 4c24 | 0848 8b04 | 2448 81c4 
  0x0000020fc4f576e8: 5001 0000 | c5f8 7749 | 8b8f 3004 | 0000 c781 | 0001 0000 | 0000 0000 | c949 837f | 0800 0f85 
  0x0000020fc4f57708: 0100 0000 

  0x0000020fc4f5770c: ;   {runtime_call StubRoutines (initial stubs)}
  0x0000020fc4f5770c: c3e9 ae97 | a4ff c5f8 | 7748 8945 | f84c 8be4 | 4883 ec20 | 4883 e4f0 

  0x0000020fc4f57724: ;   {runtime_call}
  0x0000020fc4f57724: 48b8 b022 | 6541 f97f | 0000 ffd0 | 498b e44d | 33e4 488b | 45f8 e930 | fcff fff4 
[/MachCode]


Compiled method (c1) 1109 1204       3       java.lang.ClassLoader::defineClass (43 bytes)
 total in heap  [0x0000020fbd615a88,0x0000020fbd616148] = 1728
 relocation     [0x0000020fbd615b60,0x0000020fbd615c00] = 160
 main code      [0x0000020fbd615c00,0x0000020fbd616090] = 1168
 stub code      [0x0000020fbd616090,0x0000020fbd616108] = 120
 metadata       [0x0000020fbd616108,0x0000020fbd616148] = 64
 immutable data [0x0000021017b30680,0x0000021017b30890] = 528
 dependencies   [0x0000021017b30680,0x0000021017b30698] = 24
 nul chk table  [0x0000021017b30698,0x0000021017b306c0] = 40
 scopes pcs     [0x0000021017b306c0,0x0000021017b307a0] = 224
 scopes data    [0x0000021017b307a0,0x0000021017b30890] = 240

[Constant Pool (empty)]

[MachCode]
[Instructions begin]
  0x0000020fbd615c00: 6666 660f | 1f84 0000 | 0000 0066 | 6666 9066 | 6690 448b | 5208 443b 

  0x0000020fbd615c18: ;   {runtime_call ic_miss_stub}
  0x0000020fbd615c18: 5008 0f85 | c08a 3d07 
[Verified Entry Point]
  0x0000020fbd615c20: 8984 2400 | 80ff ff55 | 4881 ecb0 | 0000 0090 | 4181 7f20 | 0100 0000 

  0x0000020fbd615c38: ;   {runtime_call StubRoutines (final stubs)}
  0x0000020fbd615c38: 7405 e821 | 473c 0748 | 8954 2478 

  0x0000020fbd615c44: ;   {metadata(method data for {method} {0x0000020fd2478ee8} 'defineClass' '(Ljava/lang/String;[BIILjava/security/ProtectionDomain;)Ljava/lang/Class;' in 'java/lang/ClassLoader')}
  0x0000020fbd615c44: 48bb a047 | 1b13 1002 | 0000 8b83 | cc00 0000 | 83c0 0289 | 83cc 0000 | 0025 fe07 | 0000 85c0 
  0x0000020fbd615c64: 0f84 4803 | 0000 89b4 | 2494 0000 | 0089 bc24 | 9000 0000 | 4c89 8c24 | 8800 0000 

  0x0000020fbd615c80: ;   {metadata(method data for {method} {0x0000020fd2478ee8} 'defineClass' '(Ljava/lang/String;[BIILjava/security/ProtectionDomain;)Ljava/lang/Class;' in 'java/lang/ClassLoader')}
  0x0000020fbd615c80: 488b da48 | b8a0 471b | 1310 0200 | 0048 8380 | 1801 0000 | 0149 8bd8 | 4c8b c34c | 8bc9 488b 
  0x0000020fbd615ca0: ca48 8bd1 | 4889 9c24 | 8000 0000 

  0x0000020fbd615cac: ;   {optimized virtual_call}
  0x0000020fbd615cac: 6666 90e8 

  0x0000020fbd615cb0: ; ImmutableOopMap {[120]=Oop [128]=Oop [136]=Oop }
                      ;*invokevirtual preDefineClass {reexecute=0 rethrow=0 return_oop=0}
                      ; - java.lang.ClassLoader::defineClass@4 (line 1024)
  0x0000020fbd615cb0: 6c9e f9ff 

  0x0000020fbd615cb4: ;   {other}
  0x0000020fbd615cb4: 0f1f 8400 | 2c02 0000 | 4889 8424 | 9800 0000 | 488b 5424 

  0x0000020fbd615cc8: ;   {metadata(method data for {method} {0x0000020fd2478ee8} 'defineClass' '(Ljava/lang/String;[BIILjava/security/ProtectionDomain;)Ljava/lang/Class;' in 'java/lang/ClassLoader')}
  0x0000020fbd615cc8: 7849 b8a0 | 471b 1310 | 0200 0049 | 8380 4801 

  0x0000020fbd615cd8: ;   {metadata(method data for {method} {0x0000020fd2478bd0} 'defineClassSourceLocation' '(Ljava/security/ProtectionDomain;)Ljava/lang/String;' in 'java/lang/ClassLoader')}
  0x0000020fbd615cd8: 0000 0149 | b8d0 241b | 1310 0200 | 0041 8b90 | cc00 0000 | 83c2 0241 | 8990 cc00 | 0000 81e2 
  0x0000020fbd615cf8: feff 1f00 | 85d2 0f84 | cf02 0000 

  0x0000020fbd615d04: ; implicit exception: dispatches to 0x0000020fbd615ff4
  0x0000020fbd615d04: 483b 004c 

  0x0000020fbd615d08: ;   {metadata(method data for {method} {0x0000020fd2478bd0} 'defineClassSourceLocation' '(Ljava/security/ProtectionDomain;)Ljava/lang/String;' in 'java/lang/ClassLoader')}
  0x0000020fbd615d08: 8bc0 48ba | d024 1b13 | 1002 0000 | 4883 8218 | 0100 0001 | 448b 4010 

  0x0000020fbd615d20: ;   {metadata(method data for {method} {0x0000020fd2478bd0} 'defineClassSourceLocation' '(Ljava/security/ProtectionDomain;)Ljava/lang/String;' in 'java/lang/ClassLoader')}
  0x0000020fbd615d20: 4d85 c048 | bad0 241b | 1310 0200 | 00be 5801 | 0000 7505 | be48 0100 | 0048 8b3c | 3248 8d7f 
  0x0000020fbd615d40: 0148 893c | 320f 850f 

  0x0000020fbd615d48: ;   {oop(nullptr)}
  0x0000020fbd615d48: 0000 0048 | bb00 0000 | 0000 0000 | 00e9 9d01 | 0000 493b | 0049 8bd0 

  0x0000020fbd615d60: ;   {metadata(method data for {method} {0x0000020fd2478bd0} 'defineClassSourceLocation' '(Ljava/security/ProtectionDomain;)Ljava/lang/String;' in 'java/lang/ClassLoader')}
  0x0000020fbd615d60: 48be d024 | 1b13 1002 | 0000 4883 | 8668 0100 | 0001 418b | 500c 4885 

  0x0000020fbd615d78: ;   {metadata(method data for {method} {0x0000020fd2478bd0} 'defineClassSourceLocation' '(Ljava/security/ProtectionDomain;)Ljava/lang/String;' in 'java/lang/ClassLoader')}
  0x0000020fbd615d78: d248 bed0 | 241b 1310 | 0200 00bf | a801 0000 | 7505 bf98 | 0100 0048 | 8b1c 3e48 | 8d5b 0148 
  0x0000020fbd615d98: 891c 3e0f | 850f 0000 

  0x0000020fbd615da0: ;   {oop(nullptr)}
  0x0000020fbd615da0: 0048 bb00 | 0000 0000 | 0000 00e9 | 4701 0000 

  0x0000020fbd615db0: ;   {metadata(method data for {method} {0x0000020fd2478bd0} 'defineClassSourceLocation' '(Ljava/security/ProtectionDomain;)Ljava/lang/String;' in 'java/lang/ClassLoader')}
  0x0000020fbd615db0: 48be d024 | 1b13 1002 | 0000 4883 | 86b8 0100 | 0001 483b | 024c 8bc2 

  0x0000020fbd615dc8: ;   {metadata(method data for {method} {0x0000020fd2478bd0} 'defineClassSourceLocation' '(Ljava/security/ProtectionDomain;)Ljava/lang/String;' in 'java/lang/ClassLoader')}
  0x0000020fbd615dc8: 48be d024 | 1b13 1002 | 0000 4883 | 86e8 0100 

  0x0000020fbd615dd8: ;   {metadata(method data for {method} {0x0000020fd217d7f0} 'toString' '()Ljava/lang/String;' in 'java/net/URL')}
  0x0000020fbd615dd8: 0001 49b8 | e075 1613 | 1002 0000 | 418b b0cc | 0000 0083 | c602 4189 | b0cc 0000 | 0081 e6fe 
  0x0000020fbd615df8: ff1f 0085 | f60f 8400 | 0200 004c 

  0x0000020fbd615e04: ;   {metadata(method data for {method} {0x0000020fd217d7f0} 'toString' '()Ljava/lang/String;' in 'java/net/URL')}
  0x0000020fbd615e04: 8bc2 48be | e075 1613 | 1002 0000 | 4883 8618 | 0100 0001 

  0x0000020fbd615e18: ;   {metadata(method data for {method} {0x0000020fd24719b8} 'toExternalForm' '()Ljava/lang/String;' in 'java/net/URL')}
  0x0000020fbd615e18: 49b8 b86d | 1213 1002 | 0000 418b | b0cc 0000 | 0083 c602 | 4189 b0cc | 0000 0081 | e6fe ff1f 
  0x0000020fbd615e38: 0085 f60f | 84e3 0100 | 008b 7238 

  0x0000020fbd615e44: ; implicit exception: dispatches to 0x0000020fbd616045
  0x0000020fbd615e44: 483b 064c 

  0x0000020fbd615e48: ;   {metadata(method data for {method} {0x0000020fd24719b8} 'toExternalForm' '()Ljava/lang/String;' in 'java/net/URL')}
  0x0000020fbd615e48: 8bc6 48bf | b86d 1213 | 1002 0000 | 458b 4008 | 49ba 0000 | 00d2 0f02 | 0000 4d03 | c24c 3b87 
  0x0000020fbd615e68: 2001 0000 | 750d 4883 | 8728 0100 | 0001 e960 | 0000 004c | 3b87 3001 | 0000 750d | 4883 8738 
  0x0000020fbd615e88: 0100 0001 | e94a 0000 | 0048 83bf | 2001 0000 | 0075 174c | 8987 2001 | 0000 48c7 | 8728 0100 
  0x0000020fbd615ea8: 0001 0000 | 00e9 2900 | 0000 4883 | bf30 0100 | 0000 7517 | 4c89 8730 | 0100 0048 | c787 3801 
  0x0000020fbd615ec8: 0000 0100 | 0000 e908 | 0000 0048 | 8387 1801 | 0000 014c | 8bc2 488b | d666 0f1f 

  0x0000020fbd615ee4: ;   {optimized virtual_call}
  0x0000020fbd615ee4: 4400 00e8 

  0x0000020fbd615ee8: ; ImmutableOopMap {[120]=Oop [128]=Oop [136]=Oop [152]=Oop }
                      ;*invokevirtual toExternalForm {reexecute=0 rethrow=0 return_oop=0}
                      ; - java.net.URL::toExternalForm@5 (line 1203)
                      ; - java.net.URL::toString@1 (line 1189)
                      ; - java.lang.ClassLoader::defineClassSourceLocation@22 (line 928)
                      ; - java.lang.ClassLoader::defineClass@12 (line 1025)
  0x0000020fbd615ee8: 34ea efff 

  0x0000020fbd615eec: ;   {other}
  0x0000020fbd615eec: 0f1f 8400 | 6404 0001 | 488b d848 | 8b84 2498 | 0000 008b | b424 9400 | 0000 8bbc | 2490 0000 
  0x0000020fbd615f0c: 004c 8b8c | 2488 0000 | 004c 8b84 | 2480 0000 | 0048 8b54 

  0x0000020fbd615f20: ;   {metadata(method data for {method} {0x0000020fd2478ee8} 'defineClass' '(Ljava/lang/String;[BIILjava/security/ProtectionDomain;)Ljava/lang/Class;' in 'java/lang/ClassLoader')}
  0x0000020fbd615f20: 2478 48b9 | a047 1b13 | 1002 0000 | 4883 8178 | 0100 0001 | 4c8b da49 | 8bd3 488b | c848 891c 
  0x0000020fbd615f40: 2466 0f1f 

  0x0000020fbd615f44: ;   {static_call}
  0x0000020fbd615f44: 4400 00e8 

  0x0000020fbd615f48: ; ImmutableOopMap {[120]=Oop [152]=Oop }
                      ;*invokestatic defineClass1 {reexecute=0 rethrow=0 return_oop=0}
                      ; - java.lang.ClassLoader::defineClass@27 (line 1026)
  0x0000020fbd615f48: 6412 9407 

  0x0000020fbd615f4c: ;   {other}
  0x0000020fbd615f4c: 0f1f 8400 | c404 0002 | 488b 5424 

  0x0000020fbd615f58: ;   {metadata(method data for {method} {0x0000020fd2478ee8} 'defineClass' '(Ljava/lang/String;[BIILjava/security/ProtectionDomain;)Ljava/lang/Class;' in 'java/lang/ClassLoader')}
  0x0000020fbd615f58: 7849 b8a0 | 471b 1310 | 0200 0049 | 8380 8801 | 0000 014c | 8bc0 4c8b | 8c24 9800 | 0000 488b 
  0x0000020fbd615f78: 5424 7848 | 8984 24a0 | 0000 000f 

  0x0000020fbd615f84: ;   {optimized virtual_call}
  0x0000020fbd615f84: 1f40 00e8 

  0x0000020fbd615f88: ; ImmutableOopMap {[160]=Oop }
                      ;*invokevirtual postDefineClass {reexecute=0 rethrow=0 return_oop=0}
                      ; - java.lang.ClassLoader::defineClass@37 (line 1027)
  0x0000020fbd615f88: 14ce f9ff 

  0x0000020fbd615f8c: ;   {other}
  0x0000020fbd615f8c: 0f1f 8400 | 0405 0003 | 488b 8424 | a000 0000 | 4881 c4b0 | 0000 005d 

  0x0000020fbd615fa4: ;   {poll_return}
  0x0000020fbd615fa4: 493b a748 | 0400 000f | 8799 0000 

  0x0000020fbd615fb0: ;   {metadata({method} {0x0000020fd2478ee8} 'defineClass' '(Ljava/lang/String;[BIILjava/security/ProtectionDomain;)Ljava/lang/Class;' in 'java/lang/ClassLoader')}
  0x0000020fbd615fb0: 00c3 49ba | e08e 47d2 | 0f02 0000 | 4c89 5424 | 0848 c704 | 24ff ffff 

  0x0000020fbd615fc8: ;   {runtime_call counter_overflow Runtime1 stub}
  0x0000020fbd615fc8: ffe8 1229 

  0x0000020fbd615fcc: ; ImmutableOopMap {rdx=Oop r8=Oop r9=Oop rcx=Oop [120]=Oop }
                      ;*synchronization entry
                      ; - java.lang.ClassLoader::defineClass@-1 (line 1024)
  0x0000020fbd615fcc: 4a07 e997 

  0x0000020fbd615fd0: ;   {metadata({method} {0x0000020fd2478bd0} 'defineClassSourceLocation' '(Ljava/security/ProtectionDomain;)Ljava/lang/String;' in 'java/lang/ClassLoader')}
  0x0000020fbd615fd0: fcff ff49 | bac8 8b47 | d20f 0200 | 004c 8954 | 2408 48c7 | 0424 ffff 

  0x0000020fbd615fe8: ;   {runtime_call counter_overflow Runtime1 stub}
  0x0000020fbd615fe8: ffff e8f1 

  0x0000020fbd615fec: ; ImmutableOopMap {rax=Oop [120]=Oop [128]=Oop [136]=Oop [152]=Oop }
                      ;*synchronization entry
                      ; - java.lang.ClassLoader::defineClassSourceLocation@-1 (line 925)
                      ; - java.lang.ClassLoader::defineClass@12 (line 1025)
  0x0000020fbd615fec: 284a 07e9 | 10fd ffff 

  0x0000020fbd615ff4: ;   {runtime_call throw_null_pointer_exception Runtime1 stub}
  0x0000020fbd615ff4: e867 b349 

  0x0000020fbd615ff8: ; ImmutableOopMap {rax=Oop [120]=Oop [128]=Oop [136]=Oop [152]=Oop }
                      ;*invokevirtual getCodeSource {reexecute=0 rethrow=0 return_oop=0}
                      ; - java.lang.ClassLoader::defineClassSourceLocation@1 (line 925)
                      ; - java.lang.ClassLoader::defineClass@12 (line 1025)
                      ;   {runtime_call throw_null_pointer_exception Runtime1 stub}
  0x0000020fbd615ff8: 07e8 62b3 

  0x0000020fbd615ffc: ; ImmutableOopMap {rax=Oop r8=Oop [120]=Oop [128]=Oop [136]=Oop [152]=Oop }
                      ;*invokevirtual getLocation {reexecute=0 rethrow=0 return_oop=0}
                      ; - java.lang.ClassLoader::defineClassSourceLocation@12 (line 927)
                      ; - java.lang.ClassLoader::defineClass@12 (line 1025)
                      ;   {runtime_call throw_null_pointer_exception Runtime1 stub}
  0x0000020fbd615ffc: 4907 e85d 

  0x0000020fbd616000: ; ImmutableOopMap {rdx=Oop [120]=Oop [128]=Oop [136]=Oop [152]=Oop }
                      ;*invokevirtual toString {reexecute=0 rethrow=0 return_oop=0}
                      ; - java.lang.ClassLoader::defineClassSourceLocation@22 (line 928)
                      ; - java.lang.ClassLoader::defineClass@12 (line 1025)
                      ;   {metadata({method} {0x0000020fd217d7f0} 'toString' '()Ljava/lang/String;' in 'java/net/URL')}
  0x0000020fbd616000: b349 0749 | bae8 d717 | d20f 0200 | 004c 8954 | 2408 48c7 | 0424 ffff 

  0x0000020fbd616018: ;   {runtime_call counter_overflow Runtime1 stub}
  0x0000020fbd616018: ffff e8c1 

  0x0000020fbd61601c: ; ImmutableOopMap {rdx=Oop [120]=Oop [128]=Oop [136]=Oop [152]=Oop }
                      ;*synchronization entry
                      ; - java.net.URL::toString@-1 (line 1189)
                      ; - java.lang.ClassLoader::defineClassSourceLocation@22 (line 928)
                      ; - java.lang.ClassLoader::defineClass@12 (line 1025)
  0x0000020fbd61601c: 284a 07e9 | dffd ffff 

  0x0000020fbd616024: ;   {metadata({method} {0x0000020fd24719b8} 'toExternalForm' '()Ljava/lang/String;' in 'java/net/URL')}
  0x0000020fbd616024: 49ba b019 | 47d2 0f02 | 0000 4c89 | 5424 0848 | c704 24ff 

  0x0000020fbd616038: ;   {runtime_call counter_overflow Runtime1 stub}
  0x0000020fbd616038: ffff ffe8 

  0x0000020fbd61603c: ; ImmutableOopMap {rdx=Oop [120]=Oop [128]=Oop [136]=Oop [152]=Oop }
                      ;*synchronization entry
                      ; - java.net.URL::toExternalForm@-1 (line 1203)
                      ; - java.net.URL::toString@1 (line 1189)
                      ; - java.lang.ClassLoader::defineClassSourceLocation@22 (line 928)
                      ; - java.lang.ClassLoader::defineClass@12 (line 1025)
  0x0000020fbd61603c: a028 4a07 | e9fc fdff 

  0x0000020fbd616044: ;   {runtime_call throw_null_pointer_exception Runtime1 stub}
  0x0000020fbd616044: ffe8 16b3 

  0x0000020fbd616048: ; ImmutableOopMap {rdx=Oop rsi=Oop [120]=Oop [128]=Oop [136]=Oop [152]=Oop }
                      ;*invokevirtual toExternalForm {reexecute=0 rethrow=0 return_oop=0}
                      ; - java.net.URL::toExternalForm@5 (line 1203)
                      ; - java.net.URL::toString@1 (line 1189)
                      ; - java.lang.ClassLoader::defineClassSourceLocation@22 (line 928)
                      ; - java.lang.ClassLoader::defineClass@12 (line 1025)
                      ;   {internal_word}
  0x0000020fbd616048: 4907 49ba | a45f 61bd | 0f02 0000 | 4d89 9760 

  0x0000020fbd616058: ;   {runtime_call SafepointBlob}
  0x0000020fbd616058: 0400 00e9 | 8007 3e07 | 498b 8700 | 0500 0049 | c787 0005 | 0000 0000 | 0000 49c7 | 8708 0500 
  0x0000020fbd616078: 0000 0000 | 0048 81c4 | b000 0000 

  0x0000020fbd616084: ;   {runtime_call unwind_exception Runtime1 stub}
  0x0000020fbd616084: 5de9 d68d | 4907 f4f4 | f4f4 f4f4 
[Stub Code]
  0x0000020fbd616090: ;   {no_reloc}
  0x0000020fbd616090: 0f1f 4400 

  0x0000020fbd616094: ;   {static_stub}
  0x0000020fbd616094: 0048 bb00 | 0000 0000 

  0x0000020fbd61609c: ;   {runtime_call nmethod}
  0x0000020fbd61609c: 0000 00e9 | fbff ffff 

  0x0000020fbd6160a4: ;   {static_stub}
  0x0000020fbd6160a4: 48bb 0000 | 0000 0000 

  0x0000020fbd6160ac: ;   {runtime_call nmethod}
  0x0000020fbd6160ac: 0000 e9fb 

  0x0000020fbd6160b0: ;   {static_stub}
  0x0000020fbd6160b0: ffff ff48 | bb00 0000 | 0000 0000 

  0x0000020fbd6160bc: ;   {runtime_call nmethod}
  0x0000020fbd6160bc: 00e9 fbff 

  0x0000020fbd6160c0: ;   {static_stub}
  0x0000020fbd6160c0: ffff 48bb | 0000 0000 | 0000 0000 

  0x0000020fbd6160cc: ;   {runtime_call nmethod}
  0x0000020fbd6160cc: e9fb ffff 

  0x0000020fbd6160d0: ;   {runtime_call handle_exception_from_callee Runtime1 stub}
  0x0000020fbd6160d0: ffe8 0ada 

  0x0000020fbd6160d4: ;   {external_word}
  0x0000020fbd6160d4: 4907 48b9 | 40d5 8c41 | f97f 0000 | 4883 e4f0 

  0x0000020fbd6160e4: ;   {runtime_call}
  0x0000020fbd6160e4: 48b8 604a | 5341 f97f | 0000 ffd0 

  0x0000020fbd6160f0: ;   {section_word}
  0x0000020fbd6160f0: f449 baf1 | 6061 bd0f | 0200 0041 

  0x0000020fbd6160fc: ;   {runtime_call DeoptimizationBlob}
  0x0000020fbd6160fc: 52e9 fe1a | 3e07 f4f4 | f4f4 f4f4 
[/MachCode]


Compiled method (c1) 1117 1203       3       java.security.SecureClassLoader::defineClass (16 bytes)
 total in heap  [0x0000020fbd615788,0x0000020fbd615a70] = 744
 relocation     [0x0000020fbd615860,0x0000020fbd6158b0] = 80
 main code      [0x0000020fbd6158c0,0x0000020fbd615a18] = 344
 stub code      [0x0000020fbd615a18,0x0000020fbd615a68] = 80
 metadata       [0x0000020fbd615a68,0x0000020fbd615a70] = 8
 immutable data [0x000002101780cc50,0x000002101780ccf0] = 160
 dependencies   [0x000002101780cc50,0x000002101780cc58] = 8
 scopes pcs     [0x000002101780cc58,0x000002101780cca8] = 80
 scopes data    [0x000002101780cca8,0x000002101780ccf0] = 72

[Constant Pool (empty)]

[MachCode]
[Instructions begin]
  0x0000020fbd6158c0: 6666 660f | 1f84 0000 | 0000 0066 | 6666 9066 | 6690 448b | 5208 443b 

  0x0000020fbd6158d8: ;   {runtime_call ic_miss_stub}
  0x0000020fbd6158d8: 5008 0f85 | 008e 3d07 
[Verified Entry Point]
  0x0000020fbd6158e0: 8984 2400 | 80ff ff55 | 4883 ec70 | 4181 7f20 | 0100 0000 

  0x0000020fbd6158f4: ;   {runtime_call StubRoutines (final stubs)}
  0x0000020fbd6158f4: 7405 e865 

  0x0000020fbd6158f8: ;   {metadata(method data for {method} {0x0000020fd21a0e18} 'defineClass' '(Ljava/lang/String;[BIILjava/security/CodeSource;)Ljava/lang/Class;' in 'java/security/SecureClassLoader')}
  0x0000020fbd6158f8: 4a3c 0748 | bbc0 451b | 1310 0200 | 008b 83cc | 0000 0083 | c002 8983 | cc00 0000 | 25fe 0700 
  0x0000020fbd615918: 0085 c00f | 8496 0000 | 0089 7424 | 5c89 7c24 | 584c 894c | 2450 4c89 | 4424 4848 

  0x0000020fbd615934: ;   {metadata(method data for {method} {0x0000020fd21a0e18} 'defineClass' '(Ljava/lang/String;[BIILjava/security/CodeSource;)Ljava/lang/Class;' in 'java/security/SecureClassLoader')}
  0x0000020fbd615934: 8bda 48b8 | c045 1b13 | 1002 0000 | 4883 8018 | 0100 0001 | 4c8b c148 | 8bc2 488b | d048 8944 
  0x0000020fbd615954: ;   {optimized virtual_call}
  0x0000020fbd615954: 2440 90e8 

  0x0000020fbd615958: ; ImmutableOopMap {[64]=Oop [72]=Oop [80]=Oop }
                      ;*invokevirtual getProtectionDomain {reexecute=0 rethrow=0 return_oop=0}
                      ; - java.security.SecureClassLoader::defineClass@9 (line 150)
  0x0000020fbd615958: 4460 f8ff 

  0x0000020fbd61595c: ;   {other}
  0x0000020fbd61595c: 0f1f 8400 | d401 0000 | 488b 5424 

  0x0000020fbd615968: ;   {metadata(method data for {method} {0x0000020fd21a0e18} 'defineClass' '(Ljava/lang/String;[BIILjava/security/CodeSource;)Ljava/lang/Class;' in 'java/security/SecureClassLoader')}
  0x0000020fbd615968: 4049 b8c0 | 451b 1310 | 0200 0049 | 8380 4801 | 0000 014c | 8b44 2448 | 4c8b 4c24 | 508b 7c24 
  0x0000020fbd615988: 588b 7424 | 5c48 8bc8 | 488b 5424 

  0x0000020fbd615994: ;   {optimized virtual_call}
  0x0000020fbd615994: 4066 90e8 

  0x0000020fbd615998: ; ImmutableOopMap {}
                      ;*invokevirtual defineClass {reexecute=0 rethrow=0 return_oop=0}
                      ; - java.security.SecureClassLoader::defineClass@12 (line 150)
  0x0000020fbd615998: 8402 0000 

  0x0000020fbd61599c: ;   {other}
  0x0000020fbd61599c: 0f1f 8400 | 1402 0001 | 4883 c470 

  0x0000020fbd6159a8: ;   {poll_return}
  0x0000020fbd6159a8: 5d49 3ba7 | 4804 0000 | 0f87 2200 

  0x0000020fbd6159b4: ;   {metadata({method} {0x0000020fd21a0e18} 'defineClass' '(Ljava/lang/String;[BIILjava/security/CodeSource;)Ljava/lang/Class;' in 'java/security/SecureClassLoader')}
  0x0000020fbd6159b4: 0000 c349 | ba10 0e1a | d20f 0200 | 004c 8954 | 2408 48c7 | 0424 ffff 

  0x0000020fbd6159cc: ;   {runtime_call counter_overflow Runtime1 stub}
  0x0000020fbd6159cc: ffff e80d 

  0x0000020fbd6159d0: ; ImmutableOopMap {rdx=Oop r8=Oop r9=Oop rcx=Oop }
                      ;*synchronization entry
                      ; - java.security.SecureClassLoader::defineClass@-1 (line 150)
  0x0000020fbd6159d0: 2f4a 07e9 | 49ff ffff 

  0x0000020fbd6159d8: ;   {internal_word}
  0x0000020fbd6159d8: 49ba a959 | 61bd 0f02 | 0000 4d89 | 9760 0400 

  0x0000020fbd6159e8: ;   {runtime_call SafepointBlob}
  0x0000020fbd6159e8: 00e9 f20d | 3e07 498b | 8700 0500 | 0049 c787 | 0005 0000 | 0000 0000 | 49c7 8708 | 0500 0000 
  0x0000020fbd615a08: 0000 0048 | 83c4 705d 

  0x0000020fbd615a10: ;   {runtime_call unwind_exception Runtime1 stub}
  0x0000020fbd615a10: e94b 9449 | 07f4 f4f4 
[Stub Code]
  0x0000020fbd615a18: ;   {no_reloc}
  0x0000020fbd615a18: 48bb 0000 | 0000 0000 

  0x0000020fbd615a20: ;   {runtime_call nmethod}
  0x0000020fbd615a20: 0000 e9fb 

  0x0000020fbd615a24: ;   {static_stub}
  0x0000020fbd615a24: ffff ff48 | bb00 0000 | 0000 0000 

  0x0000020fbd615a30: ;   {runtime_call nmethod}
  0x0000020fbd615a30: 00e9 fbff 

  0x0000020fbd615a34: ;   {runtime_call handle_exception_from_callee Runtime1 stub}
  0x0000020fbd615a34: ffff e8a5 

  0x0000020fbd615a38: ;   {external_word}
  0x0000020fbd615a38: e049 0748 | b940 d58c | 41f9 7f00 | 0048 83e4 

  0x0000020fbd615a48: ;   {runtime_call}
  0x0000020fbd615a48: f048 b860 | 4a53 41f9 | 7f00 00ff 

  0x0000020fbd615a54: ;   {section_word}
  0x0000020fbd615a54: d0f4 49ba | 565a 61bd | 0f02 0000 

  0x0000020fbd615a60: ;   {runtime_call DeoptimizationBlob}
  0x0000020fbd615a60: 4152 e999 | 213e 07f4 
[/MachCode]


---------------  P R O C E S S  ---------------

Threads class SMR info:
_java_thread_list=0x0000021017771df0, length=13, elements={
0x0000020fb29b4e60, 0x0000020fd18e1910, 0x0000020fd18e3840, 0x0000020fd18e57b0,
0x0000020fd18e8310, 0x0000020fd18e8e60, 0x0000020fd18ecdc0, 0x0000020fd18eac30,
0x0000020fd1911f60, 0x0000020fd1aa97f0, 0x0000020fd1ab1ab0, 0x00000210172586b0,
0x00000210177ad260
}

Java Threads: ( => current thread )
=>0x0000020fb29b4e60 JavaThread "main"                              [_thread_in_vm, id=5196, stack(0x0000002e39400000,0x0000002e39500000) (1024K)]
  0x0000020fd18e1910 JavaThread "Reference Handler"          daemon [_thread_blocked, id=8632, stack(0x0000002e39c00000,0x0000002e39d00000) (1024K)]
  0x0000020fd18e3840 JavaThread "Finalizer"                  daemon [_thread_blocked, id=16512, stack(0x0000002e39d00000,0x0000002e39e00000) (1024K)]
  0x0000020fd18e57b0 JavaThread "Signal Dispatcher"          daemon [_thread_blocked, id=6480, stack(0x0000002e39e00000,0x0000002e39f00000) (1024K)]
  0x0000020fd18e8310 JavaThread "Attach Listener"            daemon [_thread_blocked, id=7928, stack(0x0000002e39f00000,0x0000002e3a000000) (1024K)]
  0x0000020fd18e8e60 JavaThread "Service Thread"             daemon [_thread_blocked, id=1840, stack(0x0000002e3a000000,0x0000002e3a100000) (1024K)]
  0x0000020fd18ecdc0 JavaThread "Monitor Deflation Thread"   daemon [_thread_blocked, id=21904, stack(0x0000002e3a100000,0x0000002e3a200000) (1024K)]
  0x0000020fd18eac30 JavaThread "C2 CompilerThread0"         daemon [_thread_blocked, id=21716, stack(0x0000002e3a200000,0x0000002e3a300000) (1024K)]
  0x0000020fd1911f60 JavaThread "C1 CompilerThread0"         daemon [_thread_blocked, id=17584, stack(0x0000002e3a300000,0x0000002e3a400000) (1024K)]
  0x0000020fd1aa97f0 JavaThread "Notification Thread"        daemon [_thread_blocked, id=23920, stack(0x0000002e3a400000,0x0000002e3a500000) (1024K)]
  0x0000020fd1ab1ab0 JavaThread "Common-Cleaner"             daemon [_thread_blocked, id=5924, stack(0x0000002e3a500000,0x0000002e3a600000) (1024K)]
  0x00000210172586b0 JavaThread "C2 CompilerThread1"         daemon [_thread_blocked, id=16644, stack(0x0000002e3a600000,0x0000002e3a700000) (1024K)]
  0x00000210177ad260 JavaThread "C2 CompilerThread2"         daemon [_thread_blocked, id=23372, stack(0x0000002e3a700000,0x0000002e3a800000) (1024K)]
Total: 13

Other Threads:
  0x0000020fd18c47d0 VMThread "VM Thread"                           [id=11944, stack(0x0000002e39b00000,0x0000002e39c00000) (1024K)]
  0x0000020fd18b3f90 WatcherThread "VM Periodic Task Thread"        [id=16912, stack(0x0000002e39a00000,0x0000002e39b00000) (1024K)]
  0x0000020fb4d92c40 WorkerThread "GC Thread#0"                     [id=20764, stack(0x0000002e39500000,0x0000002e39600000) (1024K)]
  0x0000021017d0db80 WorkerThread "GC Thread#1"                     [id=9308, stack(0x0000002e3a800000,0x0000002e3a900000) (1024K)]
  0x0000021017d0df30 WorkerThread "GC Thread#2"                     [id=16216, stack(0x0000002e3a900000,0x0000002e3aa00000) (1024K)]
  0x0000021017dc56e0 WorkerThread "GC Thread#3"                     [id=9204, stack(0x0000002e3aa00000,0x0000002e3ab00000) (1024K)]
  0x0000021017b2a3a0 WorkerThread "GC Thread#4"                     [id=14280, stack(0x0000002e3ab00000,0x0000002e3ac00000) (1024K)]
  0x00000210177a1750 WorkerThread "GC Thread#5"                     [id=12368, stack(0x0000002e3ac00000,0x0000002e3ad00000) (1024K)]
  0x00000210177a22b0 WorkerThread "GC Thread#6"                     [id=19496, stack(0x0000002e3ad00000,0x0000002e3ae00000) (1024K)]
  0x00000210177a2660 WorkerThread "GC Thread#7"                     [id=19732, stack(0x0000002e3ae00000,0x0000002e3af00000) (1024K)]
  0x0000020fb4da84d0 ConcurrentGCThread "G1 Main Marker"            [id=19204, stack(0x0000002e39600000,0x0000002e39700000) (1024K)]
  0x0000020fb4da8fe0 WorkerThread "G1 Conc#0"                       [id=19484, stack(0x0000002e39700000,0x0000002e39800000) (1024K)]
  0x0000020fb4dfe990 ConcurrentGCThread "G1 Refine#0"               [id=7844, stack(0x0000002e39800000,0x0000002e39900000) (1024K)]
  0x0000020fd1785700 ConcurrentGCThread "G1 Service"                [id=22692, stack(0x0000002e39900000,0x0000002e39a00000) (1024K)]
Total: 14

Threads with active compile tasks:
Total: 0

VM state: not at safepoint (normal execution)

VM Mutex/Monitor currently owned by a thread:  ([mutex/lock_event])
[0x00007ff941b71890] Metaspace_lock - owner thread: 0x0000020fb29b4e60

OutOfMemory and StackOverflow Exception counts:
OutOfMemoryError java_heap_errors=1
LinkageErrors=14

Heap address: 0x0000000083200000, size: 1998 MB, Compressed Oops mode: 32-bit

CDS archive(s) mapped at: [0x0000020fd2000000-0x0000020fd2d70000-0x0000020fd2d70000), size 14090240, SharedBaseAddress: 0x0000020fd2000000, ArchiveRelocationMode: 1.
Compressed class space mapped at: 0x0000020fd3000000-0x0000021013000000, reserved size: 1073741824
Narrow klass base: 0x0000020fd2000000, Narrow klass shift: 0, Narrow klass range: 0x41000000

GC Precious Log:
 CardTable entry size: 512
 Card Set container configuration: InlinePtr #cards 5 size 8 Array Of Cards #cards 10 size 36 Howl #buckets 4 coarsen threshold 1843 Howl Bitmap #cards 512 size 80 coarsen threshold 460 Card regions per heap region 1 cards per card region 2048
 CPUs: 8 total, 8 available
 Memory: 7991M
 Large Page Support: Disabled
 NUMA Support: Disabled
 Compressed Oops: Enabled (32-bit)
 Heap Region Size: 1M
 Heap Min Capacity: 8M
 Heap Initial Capacity: 126M
 Heap Max Capacity: 1998M
 Pre-touch: Disabled
 Parallel Workers: 8
 Concurrent Workers: 2
 Concurrent Refinement Workers: 8
 Periodic GC: Disabled

Heap:
 garbage-first heap   total reserved 2045952K, committed 129024K, used 19360K [0x0000000083200000, 0x0000000100000000)
  region size 1024K, 17 young (17408K), 2 survivors (2048K)
 Metaspace       used 11442K, committed 11648K, reserved 1114112K
  class space    used 1423K, committed 1536K, reserved 1048576K

Heap Regions: E=young(eden), S=young(survivor), O=old, HS=humongous(starts), HC=humongous(continues), CS=collection set, F=free, TAMS=top-at-mark-start, PB=parsable bottom
|   0|0x0000000083200000, 0x0000000083300000, 0x0000000083300000|100%| O|  |TAMS 0x0000000083200000| PB 0x0000000083200000| Untracked |  0
|   1|0x0000000083300000, 0x0000000083400000, 0x0000000083400000|100%| O|  |TAMS 0x0000000083300000| PB 0x0000000083300000| Untracked |  0
|   2|0x0000000083400000, 0x0000000083500000, 0x0000000083500000|100%| O|  |TAMS 0x0000000083400000| PB 0x0000000083400000| Untracked |  0
|   3|0x0000000083500000, 0x00000000835bae68, 0x0000000083600000| 73%| O|  |TAMS 0x0000000083500000| PB 0x0000000083500000| Untracked |  0
|   4|0x0000000083600000, 0x0000000083600000, 0x0000000083700000|  0%| F|  |TAMS 0x0000000083600000| PB 0x0000000083600000| Untracked |  0
|   5|0x0000000083700000, 0x0000000083700000, 0x0000000083800000|  0%| F|  |TAMS 0x0000000083700000| PB 0x0000000083700000| Untracked |  0
|   6|0x0000000083800000, 0x0000000083800000, 0x0000000083900000|  0%| F|  |TAMS 0x0000000083800000| PB 0x0000000083800000| Untracked |  0
|   7|0x0000000083900000, 0x0000000083900000, 0x0000000083a00000|  0%| F|  |TAMS 0x0000000083900000| PB 0x0000000083900000| Untracked |  0
|   8|0x0000000083a00000, 0x0000000083a00000, 0x0000000083b00000|  0%| F|  |TAMS 0x0000000083a00000| PB 0x0000000083a00000| Untracked |  0
|   9|0x0000000083b00000, 0x0000000083b00000, 0x0000000083c00000|  0%| F|  |TAMS 0x0000000083b00000| PB 0x0000000083b00000| Untracked |  0
|  10|0x0000000083c00000, 0x0000000083c00000, 0x0000000083d00000|  0%| F|  |TAMS 0x0000000083c00000| PB 0x0000000083c00000| Untracked |  0
|  11|0x0000000083d00000, 0x0000000083d00000, 0x0000000083e00000|  0%| F|  |TAMS 0x0000000083d00000| PB 0x0000000083d00000| Untracked |  0
|  12|0x0000000083e00000, 0x0000000083e00000, 0x0000000083f00000|  0%| F|  |TAMS 0x0000000083e00000| PB 0x0000000083e00000| Untracked |  0
|  13|0x0000000083f00000, 0x0000000083f00000, 0x0000000084000000|  0%| F|  |TAMS 0x0000000083f00000| PB 0x0000000083f00000| Untracked |  0
|  14|0x0000000084000000, 0x0000000084000000, 0x0000000084100000|  0%| F|  |TAMS 0x0000000084000000| PB 0x0000000084000000| Untracked |  0
|  15|0x0000000084100000, 0x0000000084100000, 0x0000000084200000|  0%| F|  |TAMS 0x0000000084100000| PB 0x0000000084100000| Untracked |  0
|  16|0x0000000084200000, 0x0000000084200000, 0x0000000084300000|  0%| F|  |TAMS 0x0000000084200000| PB 0x0000000084200000| Untracked |  0
|  17|0x0000000084300000, 0x0000000084300000, 0x0000000084400000|  0%| F|  |TAMS 0x0000000084300000| PB 0x0000000084300000| Untracked |  0
|  18|0x0000000084400000, 0x0000000084400000, 0x0000000084500000|  0%| F|  |TAMS 0x0000000084400000| PB 0x0000000084400000| Untracked |  0
|  19|0x0000000084500000, 0x0000000084500000, 0x0000000084600000|  0%| F|  |TAMS 0x0000000084500000| PB 0x0000000084500000| Untracked |  0
|  20|0x0000000084600000, 0x0000000084600000, 0x0000000084700000|  0%| F|  |TAMS 0x0000000084600000| PB 0x0000000084600000| Untracked |  0
|  21|0x0000000084700000, 0x0000000084700000, 0x0000000084800000|  0%| F|  |TAMS 0x0000000084700000| PB 0x0000000084700000| Untracked |  0
|  22|0x0000000084800000, 0x0000000084800000, 0x0000000084900000|  0%| F|  |TAMS 0x0000000084800000| PB 0x0000000084800000| Untracked |  0
|  23|0x0000000084900000, 0x0000000084900000, 0x0000000084a00000|  0%| F|  |TAMS 0x0000000084900000| PB 0x0000000084900000| Untracked |  0
|  24|0x0000000084a00000, 0x0000000084a00000, 0x0000000084b00000|  0%| F|  |TAMS 0x0000000084a00000| PB 0x0000000084a00000| Untracked |  0
|  25|0x0000000084b00000, 0x0000000084b00000, 0x0000000084c00000|  0%| F|  |TAMS 0x0000000084b00000| PB 0x0000000084b00000| Untracked |  0
|  26|0x0000000084c00000, 0x0000000084c00000, 0x0000000084d00000|  0%| F|  |TAMS 0x0000000084c00000| PB 0x0000000084c00000| Untracked |  0
|  27|0x0000000084d00000, 0x0000000084d00000, 0x0000000084e00000|  0%| F|  |TAMS 0x0000000084d00000| PB 0x0000000084d00000| Untracked |  0
|  28|0x0000000084e00000, 0x0000000084e00000, 0x0000000084f00000|  0%| F|  |TAMS 0x0000000084e00000| PB 0x0000000084e00000| Untracked |  0
|  29|0x0000000084f00000, 0x0000000084f00000, 0x0000000085000000|  0%| F|  |TAMS 0x0000000084f00000| PB 0x0000000084f00000| Untracked |  0
|  30|0x0000000085000000, 0x0000000085000000, 0x0000000085100000|  0%| F|  |TAMS 0x0000000085000000| PB 0x0000000085000000| Untracked |  0
|  31|0x0000000085100000, 0x0000000085100000, 0x0000000085200000|  0%| F|  |TAMS 0x0000000085100000| PB 0x0000000085100000| Untracked |  0
|  32|0x0000000085200000, 0x0000000085200000, 0x0000000085300000|  0%| F|  |TAMS 0x0000000085200000| PB 0x0000000085200000| Untracked |  0
|  33|0x0000000085300000, 0x0000000085300000, 0x0000000085400000|  0%| F|  |TAMS 0x0000000085300000| PB 0x0000000085300000| Untracked |  0
|  34|0x0000000085400000, 0x0000000085400000, 0x0000000085500000|  0%| F|  |TAMS 0x0000000085400000| PB 0x0000000085400000| Untracked |  0
|  35|0x0000000085500000, 0x0000000085500000, 0x0000000085600000|  0%| F|  |TAMS 0x0000000085500000| PB 0x0000000085500000| Untracked |  0
|  36|0x0000000085600000, 0x0000000085600000, 0x0000000085700000|  0%| F|  |TAMS 0x0000000085600000| PB 0x0000000085600000| Untracked |  0
|  37|0x0000000085700000, 0x0000000085700000, 0x0000000085800000|  0%| F|  |TAMS 0x0000000085700000| PB 0x0000000085700000| Untracked |  0
|  38|0x0000000085800000, 0x0000000085800000, 0x0000000085900000|  0%| F|  |TAMS 0x0000000085800000| PB 0x0000000085800000| Untracked |  0
|  39|0x0000000085900000, 0x0000000085900000, 0x0000000085a00000|  0%| F|  |TAMS 0x0000000085900000| PB 0x0000000085900000| Untracked |  0
|  40|0x0000000085a00000, 0x0000000085a00000, 0x0000000085b00000|  0%| F|  |TAMS 0x0000000085a00000| PB 0x0000000085a00000| Untracked |  0
|  41|0x0000000085b00000, 0x0000000085b00000, 0x0000000085c00000|  0%| F|  |TAMS 0x0000000085b00000| PB 0x0000000085b00000| Untracked |  0
|  42|0x0000000085c00000, 0x0000000085c00000, 0x0000000085d00000|  0%| F|  |TAMS 0x0000000085c00000| PB 0x0000000085c00000| Untracked |  0
|  43|0x0000000085d00000, 0x0000000085d00000, 0x0000000085e00000|  0%| F|  |TAMS 0x0000000085d00000| PB 0x0000000085d00000| Untracked |  0
|  44|0x0000000085e00000, 0x0000000085e00000, 0x0000000085f00000|  0%| F|  |TAMS 0x0000000085e00000| PB 0x0000000085e00000| Untracked |  0
|  45|0x0000000085f00000, 0x0000000085f00000, 0x0000000086000000|  0%| F|  |TAMS 0x0000000085f00000| PB 0x0000000085f00000| Untracked |  0
|  46|0x0000000086000000, 0x0000000086000000, 0x0000000086100000|  0%| F|  |TAMS 0x0000000086000000| PB 0x0000000086000000| Untracked |  0
|  47|0x0000000086100000, 0x0000000086100000, 0x0000000086200000|  0%| F|  |TAMS 0x0000000086100000| PB 0x0000000086100000| Untracked |  0
|  48|0x0000000086200000, 0x0000000086200000, 0x0000000086300000|  0%| F|  |TAMS 0x0000000086200000| PB 0x0000000086200000| Untracked |  0
|  49|0x0000000086300000, 0x0000000086300000, 0x0000000086400000|  0%| F|  |TAMS 0x0000000086300000| PB 0x0000000086300000| Untracked |  0
|  50|0x0000000086400000, 0x0000000086400000, 0x0000000086500000|  0%| F|  |TAMS 0x0000000086400000| PB 0x0000000086400000| Untracked |  0
|  51|0x0000000086500000, 0x0000000086500000, 0x0000000086600000|  0%| F|  |TAMS 0x0000000086500000| PB 0x0000000086500000| Untracked |  0
|  52|0x0000000086600000, 0x0000000086600000, 0x0000000086700000|  0%| F|  |TAMS 0x0000000086600000| PB 0x0000000086600000| Untracked |  0
|  53|0x0000000086700000, 0x0000000086700000, 0x0000000086800000|  0%| F|  |TAMS 0x0000000086700000| PB 0x0000000086700000| Untracked |  0
|  54|0x0000000086800000, 0x0000000086800000, 0x0000000086900000|  0%| F|  |TAMS 0x0000000086800000| PB 0x0000000086800000| Untracked |  0
|  55|0x0000000086900000, 0x0000000086900000, 0x0000000086a00000|  0%| F|  |TAMS 0x0000000086900000| PB 0x0000000086900000| Untracked |  0
|  56|0x0000000086a00000, 0x0000000086a00000, 0x0000000086b00000|  0%| F|  |TAMS 0x0000000086a00000| PB 0x0000000086a00000| Untracked |  0
|  57|0x0000000086b00000, 0x0000000086b00000, 0x0000000086c00000|  0%| F|  |TAMS 0x0000000086b00000| PB 0x0000000086b00000| Untracked |  0
|  58|0x0000000086c00000, 0x0000000086c00000, 0x0000000086d00000|  0%| F|  |TAMS 0x0000000086c00000| PB 0x0000000086c00000| Untracked |  0
|  59|0x0000000086d00000, 0x0000000086d00000, 0x0000000086e00000|  0%| F|  |TAMS 0x0000000086d00000| PB 0x0000000086d00000| Untracked |  0
|  60|0x0000000086e00000, 0x0000000086e00000, 0x0000000086f00000|  0%| F|  |TAMS 0x0000000086e00000| PB 0x0000000086e00000| Untracked |  0
|  61|0x0000000086f00000, 0x0000000086f00000, 0x0000000087000000|  0%| F|  |TAMS 0x0000000086f00000| PB 0x0000000086f00000| Untracked |  0
|  62|0x0000000087000000, 0x0000000087000000, 0x0000000087100000|  0%| F|  |TAMS 0x0000000087000000| PB 0x0000000087000000| Untracked |  0
|  63|0x0000000087100000, 0x0000000087100000, 0x0000000087200000|  0%| F|  |TAMS 0x0000000087100000| PB 0x0000000087100000| Untracked |  0
|  64|0x0000000087200000, 0x0000000087200000, 0x0000000087300000|  0%| F|  |TAMS 0x0000000087200000| PB 0x0000000087200000| Untracked |  0
|  65|0x0000000087300000, 0x0000000087300000, 0x0000000087400000|  0%| F|  |TAMS 0x0000000087300000| PB 0x0000000087300000| Untracked |  0
|  66|0x0000000087400000, 0x0000000087400000, 0x0000000087500000|  0%| F|  |TAMS 0x0000000087400000| PB 0x0000000087400000| Untracked |  0
|  67|0x0000000087500000, 0x0000000087500000, 0x0000000087600000|  0%| F|  |TAMS 0x0000000087500000| PB 0x0000000087500000| Untracked |  0
|  68|0x0000000087600000, 0x0000000087600000, 0x0000000087700000|  0%| F|  |TAMS 0x0000000087600000| PB 0x0000000087600000| Untracked |  0
|  69|0x0000000087700000, 0x0000000087700000, 0x0000000087800000|  0%| F|  |TAMS 0x0000000087700000| PB 0x0000000087700000| Untracked |  0
|  70|0x0000000087800000, 0x0000000087800000, 0x0000000087900000|  0%| F|  |TAMS 0x0000000087800000| PB 0x0000000087800000| Untracked |  0
|  71|0x0000000087900000, 0x0000000087900000, 0x0000000087a00000|  0%| F|  |TAMS 0x0000000087900000| PB 0x0000000087900000| Untracked |  0
|  72|0x0000000087a00000, 0x0000000087a00000, 0x0000000087b00000|  0%| F|  |TAMS 0x0000000087a00000| PB 0x0000000087a00000| Untracked |  0
|  73|0x0000000087b00000, 0x0000000087b00000, 0x0000000087c00000|  0%| F|  |TAMS 0x0000000087b00000| PB 0x0000000087b00000| Untracked |  0
|  74|0x0000000087c00000, 0x0000000087c00000, 0x0000000087d00000|  0%| F|  |TAMS 0x0000000087c00000| PB 0x0000000087c00000| Untracked |  0
|  75|0x0000000087d00000, 0x0000000087d00000, 0x0000000087e00000|  0%| F|  |TAMS 0x0000000087d00000| PB 0x0000000087d00000| Untracked |  0
|  76|0x0000000087e00000, 0x0000000087e00000, 0x0000000087f00000|  0%| F|  |TAMS 0x0000000087e00000| PB 0x0000000087e00000| Untracked |  0
|  77|0x0000000087f00000, 0x0000000087f00000, 0x0000000088000000|  0%| F|  |TAMS 0x0000000087f00000| PB 0x0000000087f00000| Untracked |  0
|  78|0x0000000088000000, 0x0000000088000000, 0x0000000088100000|  0%| F|  |TAMS 0x0000000088000000| PB 0x0000000088000000| Untracked |  0
|  79|0x0000000088100000, 0x0000000088100000, 0x0000000088200000|  0%| F|  |TAMS 0x0000000088100000| PB 0x0000000088100000| Untracked |  0
|  80|0x0000000088200000, 0x0000000088200000, 0x0000000088300000|  0%| F|  |TAMS 0x0000000088200000| PB 0x0000000088200000| Untracked |  0
|  81|0x0000000088300000, 0x0000000088300000, 0x0000000088400000|  0%| F|  |TAMS 0x0000000088300000| PB 0x0000000088300000| Untracked |  0
|  82|0x0000000088400000, 0x0000000088400000, 0x0000000088500000|  0%| F|  |TAMS 0x0000000088400000| PB 0x0000000088400000| Untracked |  0
|  83|0x0000000088500000, 0x0000000088500000, 0x0000000088600000|  0%| F|  |TAMS 0x0000000088500000| PB 0x0000000088500000| Untracked |  0
|  84|0x0000000088600000, 0x0000000088600000, 0x0000000088700000|  0%| F|  |TAMS 0x0000000088600000| PB 0x0000000088600000| Untracked |  0
|  85|0x0000000088700000, 0x0000000088700000, 0x0000000088800000|  0%| F|  |TAMS 0x0000000088700000| PB 0x0000000088700000| Untracked |  0
|  86|0x0000000088800000, 0x0000000088800000, 0x0000000088900000|  0%| F|  |TAMS 0x0000000088800000| PB 0x0000000088800000| Untracked |  0
|  87|0x0000000088900000, 0x0000000088900000, 0x0000000088a00000|  0%| F|  |TAMS 0x0000000088900000| PB 0x0000000088900000| Untracked |  0
|  88|0x0000000088a00000, 0x0000000088a00000, 0x0000000088b00000|  0%| F|  |TAMS 0x0000000088a00000| PB 0x0000000088a00000| Untracked |  0
|  89|0x0000000088b00000, 0x0000000088b00000, 0x0000000088c00000|  0%| F|  |TAMS 0x0000000088b00000| PB 0x0000000088b00000| Untracked |  0
|  90|0x0000000088c00000, 0x0000000088c00000, 0x0000000088d00000|  0%| F|  |TAMS 0x0000000088c00000| PB 0x0000000088c00000| Untracked |  0
|  91|0x0000000088d00000, 0x0000000088d00000, 0x0000000088e00000|  0%| F|  |TAMS 0x0000000088d00000| PB 0x0000000088d00000| Untracked |  0
|  92|0x0000000088e00000, 0x0000000088e00000, 0x0000000088f00000|  0%| F|  |TAMS 0x0000000088e00000| PB 0x0000000088e00000| Untracked |  0
|  93|0x0000000088f00000, 0x0000000088f00000, 0x0000000089000000|  0%| F|  |TAMS 0x0000000088f00000| PB 0x0000000088f00000| Untracked |  0
|  94|0x0000000089000000, 0x0000000089000000, 0x0000000089100000|  0%| F|  |TAMS 0x0000000089000000| PB 0x0000000089000000| Untracked |  0
|  95|0x0000000089100000, 0x0000000089100000, 0x0000000089200000|  0%| F|  |TAMS 0x0000000089100000| PB 0x0000000089100000| Untracked |  0
|  96|0x0000000089200000, 0x0000000089200000, 0x0000000089300000|  0%| F|  |TAMS 0x0000000089200000| PB 0x0000000089200000| Untracked |  0
|  97|0x0000000089300000, 0x0000000089300000, 0x0000000089400000|  0%| F|  |TAMS 0x0000000089300000| PB 0x0000000089300000| Untracked |  0
|  98|0x0000000089400000, 0x000000008942d390, 0x0000000089500000| 17%| S|CS|TAMS 0x0000000089400000| PB 0x0000000089400000| Complete |  0
|  99|0x0000000089500000, 0x0000000089500000, 0x0000000089600000|  0%| F|  |TAMS 0x0000000089500000| PB 0x0000000089500000| Untracked |  0
| 100|0x0000000089600000, 0x0000000089600000, 0x0000000089700000|  0%| F|  |TAMS 0x0000000089600000| PB 0x0000000089600000| Untracked |  0
| 101|0x0000000089700000, 0x0000000089700000, 0x0000000089800000|  0%| F|  |TAMS 0x0000000089700000| PB 0x0000000089700000| Untracked |  0
| 102|0x0000000089800000, 0x0000000089900000, 0x0000000089900000|100%| S|CS|TAMS 0x0000000089800000| PB 0x0000000089800000| Complete |  0
| 103|0x0000000089900000, 0x0000000089900000, 0x0000000089a00000|  0%| F|  |TAMS 0x0000000089900000| PB 0x0000000089900000| Untracked |  0
| 104|0x0000000089a00000, 0x0000000089a00000, 0x0000000089b00000|  0%| F|  |TAMS 0x0000000089a00000| PB 0x0000000089a00000| Untracked |  0
| 105|0x0000000089b00000, 0x0000000089b00000, 0x0000000089c00000|  0%| F|  |TAMS 0x0000000089b00000| PB 0x0000000089b00000| Untracked |  0
| 106|0x0000000089c00000, 0x0000000089c00000, 0x0000000089d00000|  0%| F|  |TAMS 0x0000000089c00000| PB 0x0000000089c00000| Untracked |  0
| 107|0x0000000089d00000, 0x0000000089d00000, 0x0000000089e00000|  0%| F|  |TAMS 0x0000000089d00000| PB 0x0000000089d00000| Untracked |  0
| 108|0x0000000089e00000, 0x0000000089e00000, 0x0000000089f00000|  0%| F|  |TAMS 0x0000000089e00000| PB 0x0000000089e00000| Untracked |  0
| 109|0x0000000089f00000, 0x0000000089f00000, 0x000000008a000000|  0%| F|  |TAMS 0x0000000089f00000| PB 0x0000000089f00000| Untracked |  0
| 110|0x000000008a000000, 0x000000008a000000, 0x000000008a100000|  0%| F|  |TAMS 0x000000008a000000| PB 0x000000008a000000| Untracked |  0
| 111|0x000000008a100000, 0x000000008a1773c8, 0x000000008a200000| 46%| E|  |TAMS 0x000000008a100000| PB 0x000000008a100000| Complete |  0
| 112|0x000000008a200000, 0x000000008a300000, 0x000000008a300000|100%| E|CS|TAMS 0x000000008a200000| PB 0x000000008a200000| Complete |  0
| 113|0x000000008a300000, 0x000000008a400000, 0x000000008a400000|100%| E|CS|TAMS 0x000000008a300000| PB 0x000000008a300000| Complete |  0
| 114|0x000000008a400000, 0x000000008a500000, 0x000000008a500000|100%| E|CS|TAMS 0x000000008a400000| PB 0x000000008a400000| Complete |  0
| 115|0x000000008a500000, 0x000000008a600000, 0x000000008a600000|100%| E|CS|TAMS 0x000000008a500000| PB 0x000000008a500000| Complete |  0
| 116|0x000000008a600000, 0x000000008a700000, 0x000000008a700000|100%| E|CS|TAMS 0x000000008a600000| PB 0x000000008a600000| Complete |  0
| 117|0x000000008a700000, 0x000000008a800000, 0x000000008a800000|100%| E|CS|TAMS 0x000000008a700000| PB 0x000000008a700000| Complete |  0
| 118|0x000000008a800000, 0x000000008a900000, 0x000000008a900000|100%| E|CS|TAMS 0x000000008a800000| PB 0x000000008a800000| Complete |  0
| 119|0x000000008a900000, 0x000000008aa00000, 0x000000008aa00000|100%| E|CS|TAMS 0x000000008a900000| PB 0x000000008a900000| Complete |  0
| 120|0x000000008aa00000, 0x000000008ab00000, 0x000000008ab00000|100%| E|CS|TAMS 0x000000008aa00000| PB 0x000000008aa00000| Complete |  0
| 121|0x000000008ab00000, 0x000000008ac00000, 0x000000008ac00000|100%| E|CS|TAMS 0x000000008ab00000| PB 0x000000008ab00000| Complete |  0
| 122|0x000000008ac00000, 0x000000008ad00000, 0x000000008ad00000|100%| E|CS|TAMS 0x000000008ac00000| PB 0x000000008ac00000| Complete |  0
| 123|0x000000008ad00000, 0x000000008ae00000, 0x000000008ae00000|100%| E|CS|TAMS 0x000000008ad00000| PB 0x000000008ad00000| Complete |  0
| 124|0x000000008ae00000, 0x000000008af00000, 0x000000008af00000|100%| E|CS|TAMS 0x000000008ae00000| PB 0x000000008ae00000| Complete |  0
| 125|0x000000008af00000, 0x000000008b000000, 0x000000008b000000|100%| E|CS|TAMS 0x000000008af00000| PB 0x000000008af00000| Complete |  0

Card table byte_map: [0x0000020fccb90000,0x0000020fccf80000] _byte_map_base: 0x0000020fcc777000

Marking Bits: (CMBitMap*) 0x0000020fb4d93350
 Bits: [0x0000020fccf80000, 0x0000020fceeb8000)

Polling page: 0x0000020fb2ba0000

Metaspace:

Usage:
  Non-class:      9.78 MB used.
      Class:      1.39 MB used.
       Both:     11.17 MB used.

Virtual space:
  Non-class space:       64.00 MB reserved,       9.88 MB ( 15%) committed,  1 nodes.
      Class space:        1.00 GB reserved,       1.50 MB ( <1%) committed,  1 nodes.
             Both:        1.06 GB reserved,      11.38 MB (  1%) committed. 

Chunk freelists:
   Non-Class:  4.98 MB
       Class:  14.34 MB
        Both:  19.33 MB

MaxMetaspaceSize: unlimited
CompressedClassSpaceSize: 1.00 GB
Initial GC threshold: 21.00 MB
Current GC threshold: 21.00 MB
CDS: on
 - commit_granule_bytes: 65536.
 - commit_granule_words: 8192.
 - virtual_space_node_default_size: 8388608.
 - enlarge_chunks_in_place: 1.
 - use_allocation_guard: 0.


Internal statistics:

num_allocs_failed_limit: 0.
num_arena_births: 78.
num_arena_deaths: 0.
num_vsnodes_births: 2.
num_vsnodes_deaths: 0.
num_space_committed: 182.
num_space_uncommitted: 0.
num_chunks_returned_to_freelist: 0.
num_chunks_taken_from_freelist: 450.
num_chunk_merges: 0.
num_chunk_splits: 313.
num_chunks_enlarged: 260.
num_inconsistent_stats: 0.

CodeHeap 'non-profiled nmethods': size=120064Kb used=726Kb max_used=726Kb free=119337Kb
 bounds [0x0000020fc4f30000, 0x0000020fc51a0000, 0x0000020fcc470000]
CodeHeap 'profiled nmethods': size=120000Kb used=3244Kb max_used=3244Kb free=116756Kb
 bounds [0x0000020fbd470000, 0x0000020fbd7a0000, 0x0000020fc49a0000]
CodeHeap 'non-nmethods': size=5696Kb used=1476Kb max_used=1505Kb free=4219Kb
 bounds [0x0000020fc49a0000, 0x0000020fc4c10000, 0x0000020fc4f30000]
CodeCache: size=245760Kb, used=5446Kb, max_used=5475Kb, free=240312Kb
 total_blobs=2776, nmethods=2297, adapters=384, full_count=0
Compilation: enabled, stopped_count=0, restarted_count=0

Compilation events (20 events):
Event: 1.067 Thread 0x00000210172586b0 nmethod 2290 0x0000020fc4fe5108 code [0x0000020fc4fe5200, 0x0000020fc4fe5278]
Event: 1.067 Thread 0x0000020fd1911f60 nmethod 2280 0x0000020fbd796e88 code [0x0000020fbd796fc0, 0x0000020fbd797380]
Event: 1.067 Thread 0x0000020fd1911f60 2281       3       com.google.inject.internal.Errors::<init> (23 bytes)
Event: 1.068 Thread 0x0000020fd1911f60 nmethod 2281 0x0000020fbd797408 code [0x0000020fbd797540, 0x0000020fbd7977c8]
Event: 1.068 Thread 0x0000020fd1911f60 2293       3       java.util.Collections$UnmodifiableMap::get (11 bytes)
Event: 1.068 Thread 0x0000020fd1911f60 nmethod 2293 0x0000020fbd797808 code [0x0000020fbd797920, 0x0000020fbd797af8]
Event: 1.068 Thread 0x0000020fd1911f60 2292       3       com.google.common.collect.ImmutableList::asImmutableList (69 bytes)
Event: 1.068 Thread 0x0000020fd1911f60 nmethod 2292 0x0000020fbd797b08 code [0x0000020fbd797d00, 0x0000020fbd798868]
Event: 1.068 Thread 0x0000020fd1911f60 2289       3       java.lang.reflect.Executable::getGenericParameterTypes (20 bytes)
Event: 1.068 Thread 0x0000020fd1911f60 nmethod 2289 0x0000020fbd798908 code [0x0000020fbd798aa0, 0x0000020fbd799150]
Event: 1.068 Thread 0x0000020fd1911f60 2294       3       com.google.common.collect.ImmutableList::construct (8 bytes)
Event: 1.068 Thread 0x0000020fd1911f60 nmethod 2294 0x0000020fbd799188 code [0x0000020fbd7992e0, 0x0000020fbd799618]
Event: 1.068 Thread 0x0000020fd1911f60 2295       3       java.util.stream.ReferencePipeline::collect (124 bytes)
Event: 1.069 Thread 0x0000020fd1911f60 nmethod 2295 0x0000020fbd799688 code [0x0000020fbd7998c0, 0x0000020fbd79a530]
Event: 1.069 Thread 0x0000020fd1911f60 2296       3       java.util.stream.ReduceOps::makeRef (42 bytes)
Event: 1.069 Thread 0x0000020fd1911f60 nmethod 2296 0x0000020fbd79a608 code [0x0000020fbd79a7a0, 0x0000020fbd79af68]
Event: 1.069 Thread 0x0000020fd1911f60 2297       1       com.google.inject.internal.KotlinSupport$KotlinUnsupported::isLocalClass (2 bytes)
Event: 1.069 Thread 0x0000020fd1911f60 nmethod 2297 0x0000020fc4fe5408 code [0x0000020fc4fe5520, 0x0000020fc4fe55e8]
Event: 1.069 Thread 0x0000020fd1911f60 2291       1       sun.reflect.generics.repository.AbstractRepository::getFactory (5 bytes)
Event: 1.069 Thread 0x0000020fd1911f60 nmethod 2291 0x0000020fc4fe5708 code [0x0000020fc4fe5820, 0x0000020fc4fe58e8]

GC Heap History (4 events):
Event: 0.525 GC heap before
{Heap before GC invocations=0 (full 0):
 garbage-first heap   total reserved 2045952K, committed 129024K, used 24576K [0x0000000083200000, 0x0000000100000000)
  region size 1024K, 24 young (24576K), 0 survivors (0K)
 Metaspace       used 5915K, committed 6144K, reserved 1114112K
  class space    used 731K, committed 832K, reserved 1048576K
}
Event: 0.529 GC heap after
{Heap after GC invocations=1 (full 0):
 garbage-first heap   total reserved 2045952K, committed 129024K, used 3791K [0x0000000083200000, 0x0000000100000000)
  region size 1024K, 3 young (3072K), 3 survivors (3072K)
 Metaspace       used 5915K, committed 6144K, reserved 1114112K
  class space    used 731K, committed 832K, reserved 1048576K
}
Event: 0.831 GC heap before
{Heap before GC invocations=1 (full 0):
 garbage-first heap   total reserved 2045952K, committed 129024K, used 27343K [0x0000000083200000, 0x0000000100000000)
  region size 1024K, 26 young (26624K), 3 survivors (3072K)
 Metaspace       used 8672K, committed 8896K, reserved 1114112K
  class space    used 1054K, committed 1152K, reserved 1048576K
}
Event: 0.836 GC heap after
{Heap after GC invocations=2 (full 0):
 garbage-first heap   total reserved 2045952K, committed 129024K, used 5024K [0x0000000083200000, 0x0000000100000000)
  region size 1024K, 2 young (2048K), 2 survivors (2048K)
 Metaspace       used 8672K, committed 8896K, reserved 1114112K
  class space    used 1054K, committed 1152K, reserved 1048576K
}

Dll operation events (8 events):
Event: 0.006 Loaded shared library C:\Program Files\Java\jdk-23\bin\java.dll
Event: 0.031 Loaded shared library C:\Program Files\Java\jdk-23\bin\jsvml.dll
Event: 0.043 Loaded shared library C:\Program Files\Java\jdk-23\bin\net.dll
Event: 0.044 Loaded shared library C:\Program Files\Java\jdk-23\bin\nio.dll
Event: 0.047 Loaded shared library C:\Program Files\Java\jdk-23\bin\zip.dll
Event: 0.139 Loaded shared library C:\Program Files\Java\jdk-23\bin\jimage.dll
Event: 0.139 Loaded shared library C:\Program Files\NetBeans-23\netbeans\java\maven\lib\jansi-native\Windows\x86_64\jansi.dll
Event: 0.150 Loaded shared library C:\Program Files\Java\jdk-23\bin\verify.dll

Deoptimization events (20 events):
Event: 0.917 Thread 0x0000020fb29b4e60 DEOPT PACKING pc=0x0000020fc4fd02d8 sp=0x0000002e394fe2c0
Event: 0.917 Thread 0x0000020fb29b4e60 DEOPT UNPACKING pc=0x0000020fc49f7982 sp=0x0000002e394fe1c8 mode 2
Event: 0.917 Thread 0x0000020fb29b4e60 Uncommon trap: trap_request=0xffffffc6 fr.pc=0x0000020fc4fd02d8 relative=0x0000000000000298
Event: 0.917 Thread 0x0000020fb29b4e60 Uncommon trap: reason=bimorphic_or_optimized_type_check action=maybe_recompile pc=0x0000020fc4fd02d8 method=java.util.HashMap.getNode(Ljava/lang/Object;)Ljava/util/HashMap$Node; @ 63 c2
Event: 0.917 Thread 0x0000020fb29b4e60 DEOPT PACKING pc=0x0000020fc4fd02d8 sp=0x0000002e394fe2c0
Event: 0.917 Thread 0x0000020fb29b4e60 DEOPT UNPACKING pc=0x0000020fc49f7982 sp=0x0000002e394fe1c8 mode 2
Event: 0.918 Thread 0x0000020fb29b4e60 Uncommon trap: trap_request=0xffffffc6 fr.pc=0x0000020fc4fab868 relative=0x0000000000000308
Event: 0.918 Thread 0x0000020fb29b4e60 Uncommon trap: reason=bimorphic_or_optimized_type_check action=maybe_recompile pc=0x0000020fc4fab868 method=java.util.HashMap.getNode(Ljava/lang/Object;)Ljava/util/HashMap$Node; @ 128 c2
Event: 0.918 Thread 0x0000020fb29b4e60 DEOPT PACKING pc=0x0000020fc4fab868 sp=0x0000002e394fe250
Event: 0.918 Thread 0x0000020fb29b4e60 DEOPT UNPACKING pc=0x0000020fc49f7982 sp=0x0000002e394fe1c8 mode 2
Event: 1.004 Thread 0x0000020fb29b4e60 Uncommon trap: trap_request=0xffffff45 fr.pc=0x0000020fc4fa83b4 relative=0x0000000000000274
Event: 1.004 Thread 0x0000020fb29b4e60 Uncommon trap: reason=unstable_if action=reinterpret pc=0x0000020fc4fa83b4 method=java.util.concurrent.ConcurrentHashMap.get(Ljava/lang/Object;)Ljava/lang/Object; @ 76 c2
Event: 1.004 Thread 0x0000020fb29b4e60 DEOPT PACKING pc=0x0000020fc4fa83b4 sp=0x0000002e394fb4c0
Event: 1.004 Thread 0x0000020fb29b4e60 DEOPT UNPACKING pc=0x0000020fc49f7982 sp=0x0000002e394fb438 mode 2
Event: 1.011 Thread 0x0000020fb29b4e60 Uncommon trap: trap_request=0xffffff45 fr.pc=0x0000020fc4fd9f60 relative=0x0000000000000600
Event: 1.011 Thread 0x0000020fb29b4e60 Uncommon trap: reason=unstable_if action=reinterpret pc=0x0000020fc4fd9f60 method=java.lang.StringLatin1.getChars(II[B)I @ 25 c2
Event: 1.011 Thread 0x0000020fb29b4e60 DEOPT PACKING pc=0x0000020fc4fd9f60 sp=0x0000002e394fdc70
Event: 1.011 Thread 0x0000020fb29b4e60 DEOPT UNPACKING pc=0x0000020fc49f7982 sp=0x0000002e394fdbc0 mode 2
Event: 1.047 Thread 0x0000020fb29b4e60 DEOPT PACKING pc=0x0000020fbd75d7bc sp=0x0000002e394fdec0
Event: 1.048 Thread 0x0000020fb29b4e60 DEOPT UNPACKING pc=0x0000020fc49f84c2 sp=0x0000002e394fd420 mode 0

Classes loaded (20 events):
Event: 0.903 Loading class sun/reflect/generics/tree/VoidDescriptor
Event: 0.903 Loading class sun/reflect/generics/tree/VoidDescriptor done
Event: 0.903 Loading class sun/reflect/generics/tree/MethodTypeSignature
Event: 0.903 Loading class sun/reflect/generics/tree/MethodTypeSignature done
Event: 0.916 Loading class java/util/concurrent/atomic/AtomicBoolean
Event: 0.916 Loading class java/util/concurrent/atomic/AtomicBoolean done
Event: 0.945 Loading class sun/reflect/generics/repository/FieldRepository
Event: 0.945 Loading class sun/reflect/generics/repository/FieldRepository done
Event: 0.952 Loading class java/io/UncheckedIOException
Event: 0.952 Loading class java/io/UncheckedIOException done
Event: 0.960 Loading class java/nio/channels/OverlappingFileLockException
Event: 0.960 Loading class java/nio/channels/OverlappingFileLockException done
Event: 0.960 Loading class java/nio/channels/FileLock
Event: 0.961 Loading class java/nio/channels/FileLock done
Event: 0.975 Loading class java/nio/file/AccessDeniedException
Event: 0.976 Loading class java/nio/file/AccessDeniedException done
Event: 1.001 Loading class java/lang/ExceptionInInitializerError
Event: 1.001 Loading class java/lang/ExceptionInInitializerError done
Event: 1.004 Loading class jdk/internal/vm/annotation/ForceInline
Event: 1.004 Loading class jdk/internal/vm/annotation/ForceInline done

Classes unloaded (0 events):
No events

Classes redefined (0 events):
No events

Internal exceptions (20 events):
Event: 0.149 Thread 0x0000020fb29b4e60 Exception <a 'sun/nio/fs/WindowsException'{0x000000008aa9a080}> (0x000000008aa9a080) 
thrown [s\open\src\hotspot\share\prims\jni.cpp, line 520]
Event: 0.149 Thread 0x0000020fb29b4e60 Exception <a 'sun/nio/fs/WindowsException'{0x000000008aa9a818}> (0x000000008aa9a818) 
thrown [s\open\src\hotspot\share\prims\jni.cpp, line 520]
Event: 0.149 Thread 0x0000020fb29b4e60 Exception <a 'sun/nio/fs/WindowsException'{0x000000008aa9ae18}> (0x000000008aa9ae18) 
thrown [s\open\src\hotspot\share\prims\jni.cpp, line 520]
Event: 0.149 Thread 0x0000020fb29b4e60 Exception <a 'sun/nio/fs/WindowsException'{0x000000008aa9b398}> (0x000000008aa9b398) 
thrown [s\open\src\hotspot\share\prims\jni.cpp, line 520]
Event: 0.149 Thread 0x0000020fb29b4e60 Exception <a 'sun/nio/fs/WindowsException'{0x000000008aa9b8f0}> (0x000000008aa9b8f0) 
thrown [s\open\src\hotspot\share\prims\jni.cpp, line 520]
Event: 0.149 Thread 0x0000020fb29b4e60 Exception <a 'sun/nio/fs/WindowsException'{0x000000008aa9bdf8}> (0x000000008aa9bdf8) 
thrown [s\open\src\hotspot\share\prims\jni.cpp, line 520]
Event: 0.149 Thread 0x0000020fb29b4e60 Exception <a 'sun/nio/fs/WindowsException'{0x000000008aa9c2b8}> (0x000000008aa9c2b8) 
thrown [s\open\src\hotspot\share\prims\jni.cpp, line 520]
Event: 0.156 Thread 0x0000020fb29b4e60 Exception <a 'java/lang/NoSuchMethodError'{0x000000008aae8be8}: 'void java.lang.invoke.DirectMethodHandle$Holder.invokeStatic(java.lang.Object, java.lang.Object)'> (0x000000008aae8be8) 
thrown [s\open\src\hotspot\share\interpreter\linkResolver.cpp, line 796]
Event: 0.156 Thread 0x0000020fb29b4e60 Exception <a 'java/lang/NoSuchMethodError'{0x000000008aaec000}: 'void java.lang.invoke.DirectMethodHandle$Holder.invokeStaticInit(java.lang.Object, java.lang.Object)'> (0x000000008aaec000) 
thrown [s\open\src\hotspot\share\interpreter\linkResolver.cpp, line 796]
Event: 0.211 Thread 0x0000020fb29b4e60 Exception <a 'java/lang/NoSuchMethodError'{0x000000008a8a21d0}: 'java.lang.Object java.lang.invoke.DirectMethodHandle$Holder.invokeSpecialIFC(java.lang.Object, java.lang.Object, java.lang.Object, java.lang.Object)'> (0x000000008a8a21d0) 
thrown [s\open\src\hotspot\share\interpreter\linkResolver.cpp, line 796]
Event: 0.345 Thread 0x0000020fb29b4e60 Exception <a 'java/lang/NoSuchMethodError'{0x000000008a2450e0}: 'void java.lang.invoke.DirectMethodHandle$Holder.invokeSpecial(java.lang.Object, java.lang.Object, java.lang.Object)'> (0x000000008a2450e0) 
thrown [s\open\src\hotspot\share\interpreter\linkResolver.cpp, line 796]
Event: 0.366 Thread 0x0000020fb29b4e60 Exception <a 'java/lang/NoSuchMethodError'{0x000000008a191020}: 'java.lang.Object java.lang.invoke.DirectMethodHandle$Holder.invokeInterface(java.lang.Object, java.lang.Object)'> (0x000000008a191020) 
thrown [s\open\src\hotspot\share\interpreter\linkResolver.cpp, line 796]
Event: 0.375 Thread 0x0000020fb29b4e60 Exception <a 'java/lang/NoSuchMethodError'{0x000000008a02b828}: 'int java.lang.invoke.DirectMethodHandle$Holder.invokeStatic(java.lang.Object, java.lang.Object, java.lang.Object, java.lang.Object)'> (0x000000008a02b828) 
thrown [s\open\src\hotspot\share\interpreter\linkResolver.cpp, line 796]
Event: 0.376 Thread 0x0000020fb29b4e60 Exception <a 'java/lang/NoSuchMethodError'{0x000000008a03a178}: 'int java.lang.invoke.DirectMethodHandle$Holder.invokeSpecialIFC(java.lang.Object, java.lang.Object, java.lang.Object, java.lang.Object, java.lang.Object)'> (0x000000008a03a178) 
thrown [s\open\src\hotspot\share\interpreter\linkResolver.cpp, line 796]
Event: 0.415 Thread 0x0000020fb29b4e60 Exception <a 'java/lang/NoSuchMethodError'{0x0000000089fcbac0}: 'void java.lang.invoke.DirectMethodHandle$Holder.invokeStatic(java.lang.Object, int, java.lang.Object)'> (0x0000000089fcbac0) 
thrown [s\open\src\hotspot\share\interpreter\linkResolver.cpp, line 796]
Event: 0.458 Thread 0x0000020fb29b4e60 Exception <a 'java/lang/NoSuchMethodError'{0x0000000089d37b18}: 'int java.lang.invoke.DirectMethodHandle$Holder.invokeStaticInit(java.lang.Object, java.lang.Object)'> (0x0000000089d37b18) 
thrown [s\open\src\hotspot\share\interpreter\linkResolver.cpp, line 796]
Event: 0.464 Thread 0x0000020fb29b4e60 Exception <a 'java/lang/NoClassDefFoundError'{0x0000000089d6d1f8}: javax/enterprise/inject/Typed> (0x0000000089d6d1f8) 
thrown [s\open\src\hotspot\share\classfile\systemDictionary.cpp, line 302]
Event: 1.000 Thread 0x0000020fb29b4e60 Exception <a 'java/lang/NoSuchMethodError'{0x000000008a5c6080}: 'void java.lang.invoke.DirectMethodHandle$Holder.invokeStaticInit(java.lang.Object, java.lang.Object, java.lang.Object)'> (0x000000008a5c6080) 
thrown [s\open\src\hotspot\share\interpreter\linkResolver.cpp, line 796]
Event: 1.003 Thread 0x0000020fb29b4e60 Exception <a 'java/lang/ExceptionInInitializerError'{0x000000008a5efa10}> (0x000000008a5efa10) 
thrown [s\open\src\hotspot\share\oops\instanceKlass.cpp, line 1236]
Event: 1.020 Thread 0x0000020fb29b4e60 Exception <a 'java/lang/OutOfMemoryError'{0x000000008a4cdf18}: (class: com/google/inject/internal/asm/$MethodWriter, method: <clinit> signature: ()V) > (0x000000008a4cdf18) 
thrown [s\open\src\hotspot\share\classfile\verifier.cpp, line 336]

VM Operations (20 events):
Event: 0.047 Executing VM operation: HandshakeAllThreads (Deoptimize)
Event: 0.048 Executing VM operation: HandshakeAllThreads (Deoptimize) done
Event: 0.135 Executing VM operation: HandshakeAllThreads (Deoptimize)
Event: 0.135 Executing VM operation: HandshakeAllThreads (Deoptimize) done
Event: 0.141 Executing VM operation: HandshakeAllThreads (Deoptimize)
Event: 0.141 Executing VM operation: HandshakeAllThreads (Deoptimize) done
Event: 0.525 Executing VM operation: G1CollectForAllocation (G1 Evacuation Pause)
Event: 0.529 Executing VM operation: G1CollectForAllocation (G1 Evacuation Pause) done
Event: 0.799 Executing VM operation: HandshakeAllThreads (Deoptimize)
Event: 0.799 Executing VM operation: HandshakeAllThreads (Deoptimize) done
Event: 0.831 Executing VM operation: G1CollectForAllocation (G1 Evacuation Pause)
Event: 0.836 Executing VM operation: G1CollectForAllocation (G1 Evacuation Pause) done
Event: 0.876 Executing VM operation: HandshakeAllThreads (Deoptimize)
Event: 0.876 Executing VM operation: HandshakeAllThreads (Deoptimize) done
Event: 1.009 Executing VM operation: HandshakeAllThreads (Deoptimize)
Event: 1.009 Executing VM operation: HandshakeAllThreads (Deoptimize) done
Event: 1.046 Executing VM operation: HandshakeAllThreads (Deoptimize)
Event: 1.046 Executing VM operation: HandshakeAllThreads (Deoptimize) done
Event: 1.047 Executing VM operation: HandshakeAllThreads (Deoptimize)
Event: 1.047 Executing VM operation: HandshakeAllThreads (Deoptimize) done

Memory protections (0 events):
No events

Nmethod flushes (0 events):
No events

Events (15 events):
Event: 0.018 Thread 0x0000020fb29b4e60 Thread added: 0x0000020fb29b4e60
Event: 0.029 Thread 0x0000020fb29b4e60 Thread added: 0x0000020fd18e1910
Event: 0.029 Thread 0x0000020fb29b4e60 Thread added: 0x0000020fd18e3840
Event: 0.029 Thread 0x0000020fb29b4e60 Thread added: 0x0000020fd18e57b0
Event: 0.029 Thread 0x0000020fb29b4e60 Thread added: 0x0000020fd18e8310
Event: 0.029 Thread 0x0000020fb29b4e60 Thread added: 0x0000020fd18e8e60
Event: 0.029 Thread 0x0000020fb29b4e60 Thread added: 0x0000020fd18ecdc0
Event: 0.029 Thread 0x0000020fb29b4e60 Thread added: 0x0000020fd18eac30
Event: 0.029 Thread 0x0000020fb29b4e60 Thread added: 0x0000020fd1911f60
Event: 0.040 Thread 0x0000020fb29b4e60 Thread added: 0x0000020fd1aa97f0
Event: 0.041 Thread 0x0000020fb29b4e60 Thread added: 0x0000020fd1ab1ab0
Event: 0.137 Thread 0x0000020fb29b4e60 Thread added: 0x0000021017010cb0
Event: 0.144 Thread 0x0000021017010cb0 Thread exited: 0x0000021017010cb0
Event: 0.258 Thread 0x0000020fd1911f60 Thread added: 0x00000210172586b0
Event: 0.491 Thread 0x0000020fd1911f60 Thread added: 0x00000210177ad260


Dynamic libraries:
0x00007ff7ed450000 - 0x00007ff7ed460000 	C:\Program Files\Java\jdk-23\bin\java.exe
0x00007ff99b8f0000 - 0x00007ff99bb07000 	C:\WINDOWS\SYSTEM32\ntdll.dll
0x00007ff99ac40000 - 0x00007ff99ad04000 	C:\WINDOWS\System32\KERNEL32.DLL
0x00007ff998e10000 - 0x00007ff9991c7000 	C:\WINDOWS\System32\KERNELBASE.dll
0x00007ff9993b0000 - 0x00007ff9994c1000 	C:\WINDOWS\System32\ucrtbase.dll
0x00007ff9949d0000 - 0x00007ff9949e7000 	C:\Program Files\Java\jdk-23\bin\jli.dll
0x00007ff9941c0000 - 0x00007ff9941db000 	C:\Program Files\Java\jdk-23\bin\VCRUNTIME140.dll
0x00007ff99ad10000 - 0x00007ff99aebf000 	C:\WINDOWS\System32\USER32.dll
0x00007ff998d70000 - 0x00007ff998d96000 	C:\WINDOWS\System32\win32u.dll
0x00007ff9827a0000 - 0x00007ff982a33000 	C:\WINDOWS\WinSxS\amd64_microsoft.windows.common-controls_6595b64144ccf1df_6.0.22621.3672_none_2713b9d173822955\COMCTL32.dll
0x00007ff999dc0000 - 0x00007ff999de9000 	C:\WINDOWS\System32\GDI32.dll
0x00007ff999df0000 - 0x00007ff999e97000 	C:\WINDOWS\System32\msvcrt.dll
0x00007ff999290000 - 0x00007ff9993a8000 	C:\WINDOWS\System32\gdi32full.dll
0x00007ff9994d0000 - 0x00007ff99956a000 	C:\WINDOWS\System32\msvcp_win.dll
0x00007ff99b3f0000 - 0x00007ff99b421000 	C:\WINDOWS\System32\IMM32.DLL
0x00007ff994cb0000 - 0x00007ff994cbc000 	C:\Program Files\Java\jdk-23\bin\vcruntime140_1.dll
0x00007ff984c50000 - 0x00007ff984cde000 	C:\Program Files\Java\jdk-23\bin\msvcp140.dll
0x00007ff940f00000 - 0x00007ff941c4f000 	C:\Program Files\Java\jdk-23\bin\server\jvm.dll
0x00007ff99a0d0000 - 0x00007ff99a182000 	C:\WINDOWS\System32\ADVAPI32.dll
0x00007ff999850000 - 0x00007ff9998f8000 	C:\WINDOWS\System32\sechost.dll
0x00007ff9995f0000 - 0x00007ff999618000 	C:\WINDOWS\System32\bcrypt.dll
0x00007ff9999e0000 - 0x00007ff999af4000 	C:\WINDOWS\System32\RPCRT4.dll
0x00007ff999900000 - 0x00007ff999971000 	C:\WINDOWS\System32\WS2_32.dll
0x00007ff9984b0000 - 0x00007ff9984fd000 	C:\WINDOWS\SYSTEM32\POWRPROF.dll
0x00007ff9929c0000 - 0x00007ff9929ca000 	C:\WINDOWS\SYSTEM32\VERSION.dll
0x00007ff9964c0000 - 0x00007ff9964f4000 	C:\WINDOWS\SYSTEM32\WINMM.dll
0x00007ff998490000 - 0x00007ff9984a3000 	C:\WINDOWS\SYSTEM32\UMPDC.dll
0x00007ff997c10000 - 0x00007ff997c28000 	C:\WINDOWS\SYSTEM32\kernel.appcore.dll
0x00007ff9941b0000 - 0x00007ff9941ba000 	C:\Program Files\Java\jdk-23\bin\jimage.dll
0x00007ff996240000 - 0x00007ff996472000 	C:\WINDOWS\SYSTEM32\DBGHELP.DLL
0x00007ff99b060000 - 0x00007ff99b3ee000 	C:\WINDOWS\System32\combase.dll
0x00007ff999ce0000 - 0x00007ff999db7000 	C:\WINDOWS\System32\OLEAUT32.dll
0x00007ff996480000 - 0x00007ff9964b2000 	C:\WINDOWS\SYSTEM32\dbgcore.DLL
0x00007ff999570000 - 0x00007ff9995eb000 	C:\WINDOWS\System32\bcryptPrimitives.dll
0x00007ff993a00000 - 0x00007ff993a1e000 	C:\Program Files\Java\jdk-23\bin\java.dll
0x00007ff999f20000 - 0x00007ff99a0c5000 	C:\WINDOWS\System32\ole32.dll
0x00007ff99a310000 - 0x00007ff99ab79000 	C:\WINDOWS\System32\SHELL32.dll
0x00007ff996b20000 - 0x00007ff99741f000 	C:\WINDOWS\SYSTEM32\windows.storage.dll
0x00007ff9969e0000 - 0x00007ff996b1f000 	C:\WINDOWS\SYSTEM32\wintypes.dll
0x00007ff99af50000 - 0x00007ff99b049000 	C:\WINDOWS\System32\SHCORE.dll
0x00007ff999980000 - 0x00007ff9999de000 	C:\WINDOWS\System32\shlwapi.dll
0x00007ff998b30000 - 0x00007ff998b57000 	C:\WINDOWS\SYSTEM32\profapi.dll
0x00007ff97af20000 - 0x00007ff97aff7000 	C:\Program Files\Java\jdk-23\bin\jsvml.dll
0x00007ff98ae40000 - 0x00007ff98ae50000 	C:\Program Files\Java\jdk-23\bin\net.dll
0x00007ff998070000 - 0x00007ff9980d9000 	C:\WINDOWS\system32\mswsock.dll
0x00007ff98a8a0000 - 0x00007ff98a8b6000 	C:\Program Files\Java\jdk-23\bin\nio.dll
0x00007ff9881a0000 - 0x00007ff9881b7000 	C:\Program Files\Java\jdk-23\bin\zip.dll
0x00007ff994980000 - 0x00007ff9949a4000 	C:\Program Files\NetBeans-23\netbeans\java\maven\lib\jansi-native\Windows\x86_64\jansi.dll
0x00007ff98a890000 - 0x00007ff98a8a0000 	C:\Program Files\Java\jdk-23\bin\verify.dll

dbghelp: loaded successfully - version: 4.0.5 - missing functions: none
symbol engine: initialized successfully - sym options: 0x614 - pdb path: .;C:\Program Files\Java\jdk-23\bin;C:\WINDOWS\SYSTEM32;C:\WINDOWS\WinSxS\amd64_microsoft.windows.common-controls_6595b64144ccf1df_6.0.22621.3672_none_2713b9d173822955;C:\Program Files\Java\jdk-23\bin\server;C:\Program Files\NetBeans-23\netbeans\java\maven\lib\jansi-native\Windows\x86_64

VM Arguments:
jvm_args: -Dclassworlds.conf=C:\Program Files\NetBeans-23\netbeans\java\maven\bin\m2.conf -Dmaven.home=C:\Program Files\NetBeans-23\netbeans\java\maven -Dlibrary.jansi.path=C:\Program Files\NetBeans-23\netbeans\java\maven\lib\jansi-native -Dmaven.multiModuleProjectDirectory=C:\Users\jenina\OneDrive\Documents\NetBeansProjects\VrSystem 
java_command: org.codehaus.plexus.classworlds.launcher.Launcher -Dexec.vmArgs= -Dexec.args=${exec.vmArgs} -classpath %classpath ${exec.mainClass} ${exec.appArgs} -Dexec.appArgs= -Dexec.mainClass=com.mycompany.vrsystem.VrSystem -Dexec.executable=C:\Program Files\Java\jdk-23\bin\java.exe -Dmaven.ext.class.path=C:\Program Files\NetBeans-23\netbeans\java\maven-nblib\netbeans-eventspy.jar --no-transfer-progress process-classes org.codehaus.mojo:exec-maven-plugin:3.1.0:exec
java_class_path (initial): C:\Program Files\NetBeans-23\netbeans\java\maven\boot\plexus-classworlds-2.8.0.jar
Launcher Type: SUN_STANDARD

[Global flags]
     intx CICompilerCount                          = 4                                         {product} {ergonomic}
     uint ConcGCThreads                            = 2                                         {product} {ergonomic}
     uint G1ConcRefinementThreads                  = 8                                         {product} {ergonomic}
   size_t G1HeapRegionSize                         = 1048576                                   {product} {ergonomic}
   size_t InitialHeapSize                          = 132120576                                 {product} {ergonomic}
   size_t MarkStackSize                            = 4194304                                   {product} {ergonomic}
   size_t MarkStackSizeMax                         = 536870912                                 {product} {ergonomic}
   size_t MaxHeapSize                              = 2095054848                                {product} {ergonomic}
   size_t MaxNewSize                               = 1256194048                                {product} {ergonomic}
   size_t MinHeapDeltaBytes                        = 1048576                                   {product} {ergonomic}
   size_t MinHeapSize                              = 8388608                                   {product} {ergonomic}
    uintx NonNMethodCodeHeapSize                   = 5832704                                {pd product} {ergonomic}
    uintx NonProfiledCodeHeapSize                  = 122945536                              {pd product} {ergonomic}
    uintx ProfiledCodeHeapSize                     = 122880000                              {pd product} {ergonomic}
    uintx ReservedCodeCacheSize                    = 251658240                              {pd product} {ergonomic}
     bool SegmentedCodeCache                       = true                                      {product} {ergonomic}
   size_t SoftMaxHeapSize                          = 2095054848                             {manageable} {ergonomic}
     bool UseCompressedOops                        = true                           {product lp64_product} {ergonomic}
     bool UseG1GC                                  = true                                      {product} {ergonomic}
     bool UseLargePagesIndividualAllocation        = false                                  {pd product} {ergonomic}

Logging:
Log output configuration:
 #0: stdout all=warning uptime,level,tags foldmultilines=false
 #1: stderr all=off uptime,level,tags foldmultilines=false

Environment Variables:
JAVA_HOME=C:\Program Files\Java\jdk-23
PATH=C:\Program Files\Common Files\Oracle\Java\javapath;C:\Program Files (x86)\Common Files\Oracle\Java\javapath;C:\Program Files (x86)\NVIDIA Corporation\PhysX\Common;C:\WINDOWS\system32;C:\WINDOWS;C:\WINDOWS\System32\Wbem;C:\WINDOWS\System32\WindowsPowerShell\v1.0\;C:\WINDOWS\System32\OpenSSH\;C:\Program Files\Git\cmd;C:\Users\jenina\AppData\Local\Programs\Python\Launcher\;C:\Users\jenina\AppData\Local\Microsoft\WindowsApps;
USERNAME=jenina
OS=Windows_NT
PROCESSOR_IDENTIFIER=Intel64 Family 6 Model 140 Stepping 1, GenuineIntel
TMP=C:\Users\jenina\AppData\Local\Temp
TEMP=C:\Users\jenina\AppData\Local\Temp




Periodic native trim disabled

---------------  S Y S T E M  ---------------

OS:
 Windows 11 , 64 bit Build 22621 (10.0.22621.3958)
OS uptime: 3 days 11:12 hours
Hyper-V role detected

CPU: total 8 (initial active 8) (4 cores per cpu, 2 threads per core) family 6 model 140 stepping 1 microcode 0x8a, cx8, cmov, fxsr, ht, mmx, 3dnowpref, sse, sse2, sse3, ssse3, sse4.1, sse4.2, popcnt, lzcnt, tsc, tscinvbit, avx, avx2, aes, erms, clmul, bmi1, bmi2, adx, avx512f, avx512dq, avx512cd, avx512bw, avx512vl, sha, fma, vzeroupper, avx512_vpopcntdq, avx512_vpclmulqdq, avx512_vaes, avx512_vnni, clflush, clflushopt, clwb, avx512_vbmi2, avx512_vbmi, hv, rdtscp, rdpid, fsrm, gfni, avx512_bitalg, f16c, cet_ibt, cet_ss, avx512_ifma
Processor Information for the first 8 processors :
  Max Mhz: 2419, Current Mhz: 2419, Mhz Limit: 2419

Memory: 4k page, system-wide physical 7991M (709M free)
TotalPageFile size 12991M (AvailPageFile size 4M)
current process WorkingSet (physical memory assigned to process): 105M, peak: 105M
current process commit charge ("private bytes"): 241M, peak: 241M

vm_info: Java HotSpot(TM) 64-Bit Server VM (23+37-2369) for windows-amd64 JRE (23+37-2369), built on 2024-08-20T16:01:23Z with MS VC++ 17.6 (VS2022)

END.
